23:11:56.553 [main                     ] DEBUG Logger               - Configured Logger
23:11:56.578 [main                     ] DEBUG GameApplication      - Logging settings
Title: DiB
Version: 0.0
Width: 800
Height: 600
Fullscreen: false
Intro: false
Profiling: false
Single step:false
App Mode: DEVELOPER
Menu Key: ESCAPE
Stage Style: DECORATED
Scene Factory: class com.almasb.fxgl.app.scene.SceneFactory

23:11:56.932 [JavaFX Application Thread] DEBUG FXGLApplication      - Initializing FXGL
23:11:56.936 [JavaFX Application Thread] INFO  Engine               - FXGL-17 (31.12.2021 18.16) on WINDOWS (J:17.0.4 FX:17.0.1)
23:11:56.937 [JavaFX Application Thread] DEBUG Engine               - JRE Vendor Name: Eclipse Adoptium
23:11:56.937 [JavaFX Application Thread] DEBUG Engine               - Running on OS: Windows 11 version 10.0
23:11:56.937 [JavaFX Application Thread] DEBUG Engine               - Architecture: amd64
23:11:56.937 [JavaFX Application Thread] INFO  Engine               - Source code and latest versions at: https://github.com/AlmasB/FXGL
23:11:56.937 [JavaFX Application Thread] INFO  Engine               -       Ask questions and discuss at: https://github.com/AlmasB/FXGL/discussions
23:11:56.937 [JavaFX Application Thread] INFO  Engine               -              Join the FXGL chat at: https://gitter.im/AlmasB/FXGL
23:11:57.030 [JavaFX Application Thread] DEBUG PrimaryStageWindow   - Creating a JavaFX scene
23:11:57.073 [JavaFX Application Thread] DEBUG PrimaryStageWindow   - Target settings size: 800.0 x 600.0
23:11:57.074 [JavaFX Application Thread] DEBUG PrimaryStageWindow   - Scaled scene size:    800.0 x 600.0
23:11:57.074 [JavaFX Application Thread] DEBUG PrimaryStageWindow   - Scaled ratio: (1.0, 1.0)
23:11:57.075 [JavaFX Application Thread] DEBUG PrimaryStageWindow   - Set initial scene to FXGLStartupScene
23:11:57.080 [JavaFX Application Thread] DEBUG PrimaryStageWindow   - Opening main window
23:11:57.146 [JavaFX Application Thread] DEBUG PrimaryStageWindow   - Window border size: (14.4000244140625, 37.5999755859375)
23:11:57.146 [JavaFX Application Thread] DEBUG PrimaryStageWindow   - Scaled size: 800.0 x 600.0
23:11:57.147 [JavaFX Application Thread] DEBUG PrimaryStageWindow   - Scaled ratio: (1.0, 1.0)
23:11:57.147 [JavaFX Application Thread] DEBUG PrimaryStageWindow   - Scene size: 800.0 x 600.0
23:11:57.147 [JavaFX Application Thread] DEBUG PrimaryStageWindow   - Stage size: 814.4000244140625 x 637.5999755859375
23:11:57.155 [FXGL Background Thread 1 ] DEBUG Engine               - Initializing environment variables
23:11:57.184 [FXGL Background Thread 1 ] DEBUG FXGLAssetLoaderServi - User app class for loading assets: class ru.nsu.fit.dib.projectdib.Main
23:11:57.185 [FXGL Background Thread 1 ] DEBUG GameApplicationServi - Applying CSS: fxgl_dark.css
23:11:57.185 [FXGL Background Thread 1 ] DEBUG FXGLAssetLoaderServi - Loading from file system: jar:file:///C:/Users/coffe/.m2/repository/com/github/almasb/fxgl/17/fxgl-17.jar!/fxglassets/ui/css/fxgl_dark.css
23:11:57.221 [FXGL Background Thread 1 ] DEBUG GameApplicationServi - Initializing application scenes
23:11:57.254 [FXGL Background Thread 1 ] DEBUG GameWorld            - Game world initialized
23:11:57.314 [FXGL Background Thread 1 ] DEBUG PhysicsWorld         - Physics world initialized: appHeight=600, physics.ppm=50,0
23:11:57.314 [FXGL Background Thread 1 ] DEBUG PhysicsWorld         - Using strategy: BRUTE_FORCE
23:11:57.317 [FXGL Background Thread 1 ] DEBUG GameScene            - Game scene initialized: 800x600
23:11:57.327 [FXGL Background Thread 1 ] DEBUG FXGL.DefaultMenu     - createMenuBodyGameMenu()
23:11:57.341 [FXGL Background Thread 1 ] DEBUG FXGL.DefaultMenu     - createOptionsMenu()
23:11:57.349 [FXGL Background Thread 1 ] DEBUG FXGLAssetLoaderServi - Loading from file system: jar:file:///C:/Users/coffe/.m2/repository/com/github/almasb/fxgl/17/fxgl-17.jar!/fxglassets/textures/particles/smoke.png
23:11:57.418 [FXGL Background Thread 1 ] DEBUG FXGLAssetLoaderServi - Loading from file system: jar:file:///C:/Users/coffe/.m2/repository/com/github/almasb/fxgl/17/fxgl-17.jar!/fxglassets/textures/particles/trace_horizontal.png
23:11:57.445 [FXGL Background Thread 1 ] DEBUG GameApplicationServi - Application scenes initialized
23:11:57.458 [FXGL Background Thread 1 ] DEBUG SystemBundleService  - Loading FXGL system data
23:11:57.464 [FXGL Background Thread 1 ] DEBUG FileSystemAccess     - Reading from: F:\DeadInByte\system\fxgl.bundle
23:11:57.473 [FXGL Background Thread 1 ] DEBUG SystemBundleService  - Bundle FXGL: {}
23:11:57.473 [FXGL Background Thread 1 ] DEBUG UpdaterService       - Checking for updates
23:11:57.476 [FXGL Background Thread 4 ] DEBUG FXGLApplication      - Loading fonts
23:11:57.476 [FXGL Background Thread 1 ] DEBUG FXGLApplication      - Loading default localization
23:11:57.477 [FXGL Background Thread 4 ] DEBUG FXGLAssetLoaderServi - Loading from file system: jar:file:///C:/Users/coffe/.m2/repository/com/github/almasb/fxgl/17/fxgl-17.jar!/fxglassets/ui/fonts/VarelaRound-Regular.ttf
23:11:57.477 [FXGL Background Thread 1 ] DEBUG FXGLAssetLoaderServi - Loading from file system: jar:file:///C:/Users/coffe/.m2/repository/com/github/almasb/fxgl/17/fxgl-17.jar!/fxglassets/languages/english.lang
23:11:57.497 [FXGL Background Thread 1 ] INFO  FXGLApplication      - FXGL initialization took: 0,342 sec
23:11:57.506 [JavaFX Application Thread] DEBUG Input                - Registered new binding: action0 - W
23:11:57.507 [JavaFX Application Thread] DEBUG Input                - Registered new binding: action1 - S
23:11:57.507 [JavaFX Application Thread] DEBUG Input                - Registered new binding: action2 - A
23:11:57.507 [JavaFX Application Thread] DEBUG Input                - Registered new binding: action3 - D
23:11:57.507 [JavaFX Application Thread] DEBUG FXGLAssetLoaderServi - Loading from file system: jar:file:///C:/Users/coffe/.m2/repository/com/github/almasb/fxgl/17/fxgl-17.jar!/fxglassets/textures/fxgl_icon.png
23:11:57.526 [JavaFX Application Thread] DEBUG FXGLAssetLoaderServi - Loading from file system: jar:file:///C:/Users/coffe/.m2/repository/com/github/almasb/fxgl/17/fxgl-17.jar!/fxglassets/textures/fxgl_default_cursor.png
23:11:57.527 [FXGL Background Thread 4 ] DEBUG FXGLAssetLoaderServi - Loading from file system: jar:file:///C:/Users/coffe/.m2/repository/com/github/almasb/fxgl/17/fxgl-17.jar!/fxglassets/ui/fonts/Abel-Regular.ttf
23:11:57.529 [JavaFX Application Thread] DEBUG Input                - Registered new binding: Screenshot - CTRL+8
23:11:57.530 [JavaFX Application Thread] DEBUG Input                - Registered new binding: System info dump - CTRL+9
23:11:57.530 [JavaFX Application Thread] DEBUG Input                - Registered new binding: Restart - CTRL+R
23:11:57.530 [JavaFX Application Thread] DEBUG Input                - Registered new binding: Toggle Debug Camera - CTRL+7
23:11:57.531 [FXGL Background Thread 4 ] DEBUG FXGLAssetLoaderServi - Loading from file system: jar:file:///C:/Users/coffe/.m2/repository/com/github/almasb/fxgl/17/fxgl-17.jar!/fxglassets/ui/fonts/TerminalLandMono-Regular.otf
23:11:57.532 [JavaFX Application Thread] DEBUG LoopRunner           - Starting loop
23:11:57.532 [JavaFX Application Thread] DEBUG LoopRunner           - Initializing JavaFX AnimationTimerLoop
23:11:57.533 [JavaFX Application Thread] DEBUG GameApplicationServi - Starting new game
23:11:57.534 [JavaFX Application Thread] DEBUG Input                - Clearing active input actions
23:11:57.534 [FXGL Background Thread 4 ] DEBUG FXGLAssetLoaderServi - Loading from file system: jar:file:///C:/Users/coffe/.m2/repository/com/github/almasb/fxgl/17/fxgl-17.jar!/fxglassets/ui/fonts/Courier-Prime.ttf
23:11:57.544 [JavaFX Application Thread] DEBUG GameApplicationServi - Removing overlay from FXGLStartupScene and adding to FXGLLoadingScene
23:11:57.545 [JavaFX Application Thread] DEBUG PrimaryStageWindow   - FXGLStartupScene -> FXGLLoadingScene
23:11:57.545 [JavaFX Application Thread] DEBUG GameApplicationServi - Clearing previous game
23:11:57.545 [JavaFX Application Thread] DEBUG GameScene            - Clearing game scene
23:11:57.545 [JavaFX Application Thread] DEBUG GameWorld            - Clearing game world
23:11:57.545 [JavaFX Application Thread] DEBUG PhysicsWorld         - Clearing physics world
23:11:57.547 [JavaFX Application Thread] DEBUG FXGLApplication      - Registering font factories with UI factory
23:11:57.547 [FXGL Background Thread 4 ] DEBUG FXGLApplication      - Initializing game
23:11:57.556 [FXGL Background Thread 4 ] WARN  FXGLAssetLoaderServi - Asset "/assets/levels/F:\DeadInByte\src\main\resources\ru\nsu\fit\dib\projectdib\assets\levels\exlevel.tmx" was not found!
23:11:57.579 [JavaFX Application Thread] DEBUG LoopRunner           - Stopping loop
23:11:57.581 [JavaFX Application Thread] FATAL FXGLApplication      - Uncaught Exception:
java.lang.RuntimeException: Initialization failed
	at com.almasb.fxgl.all@17/com.almasb.fxgl.app.FXGLApplication$InitAppTask.failed(FXGLApplication.kt:343)
	at javafx.graphics/javafx.concurrent.Task.setState(Task.java:710)
	at javafx.graphics/javafx.concurrent.Task$TaskCallable.lambda$call$2(Task.java:1456)
	at javafx.graphics/com.sun.javafx.application.PlatformImpl.lambda$runLater$10(PlatformImpl.java:457)
	at java.base/java.security.AccessController.doPrivileged(AccessController.java:399)
	at javafx.graphics/com.sun.javafx.application.PlatformImpl.lambda$runLater$11(PlatformImpl.java:456)
	at javafx.graphics/com.sun.glass.ui.InvokeLaterDispatcher$Future.run(InvokeLaterDispatcher.java:96)
	at javafx.graphics/com.sun.glass.ui.win.WinApplication._runLoop(Native Method)
	at javafx.graphics/com.sun.glass.ui.win.WinApplication.lambda$runLoop$3(WinApplication.java:184)
	at java.base/java.lang.Thread.run(Thread.java:833)
Caused by: java.lang.IllegalArgumentException: Loading level failed. Asset not found: F:\DeadInByte\src\main\resources\ru\nsu\fit\dib\projectdib\assets\levels\exlevel.tmx
	at com.almasb.fxgl.all@17/com.almasb.fxgl.app.services.FXGLAssetLoaderService.loadLevel(FXGLAssetLoaderService.kt:443)
	at com.almasb.fxgl.all@17/com.almasb.fxgl.dsl.FXGL$Companion.setLevelFromMap(FXGL.kt:530)
	at com.almasb.fxgl.all@17/com.almasb.fxgl.dsl.FXGL.setLevelFromMap(FXGL.kt)
	at ru.nsu.fit.dib.projectdib/ru.nsu.fit.dib.projectdib.Main.initGame(Main.java:40)
	at com.almasb.fxgl.all@17/com.almasb.fxgl.app.FXGLApplication$InitAppTask.initGame(FXGLApplication.kt:339)
	at com.almasb.fxgl.all@17/com.almasb.fxgl.app.FXGLApplication$InitAppTask.call(FXGLApplication.kt:319)
	at com.almasb.fxgl.all@17/com.almasb.fxgl.app.FXGLApplication$InitAppTask.call(FXGLApplication.kt:311)
	at javafx.graphics/javafx.concurrent.Task$TaskCallable.call(Task.java:1426)
	at java.base/java.util.concurrent.FutureTask.run(FutureTask.java:264)
	at java.base/java.util.concurrent.Executors$RunnableAdapter.call(Executors.java:539)
	at java.base/java.util.concurrent.FutureTask.run(FutureTask.java:264)
	at java.base/java.util.concurrent.ThreadPoolExecutor.runWorker(ThreadPoolExecutor.java:1136)
	at java.base/java.util.concurrent.ThreadPoolExecutor$Worker.run(ThreadPoolExecutor.java:635)
	... 1 more

23:11:57.581 [JavaFX Application Thread] FATAL FXGLApplication      - Application will now exit
23:11:57.603 [JavaFX Application Thread] DEBUG PrimaryStageWindow   - Push state: ErrorSubScene
23:11:57.603 [JavaFX Application Thread] DEBUG Input                - Clearing active input actions
23:11:57.608 [JavaFX Application Thread] DEBUG GameApplicationServi - Removing overlay from FXGLLoadingScene and adding to ErrorSubScene
23:11:57.609 [JavaFX Application Thread] DEBUG PrimaryStageWindow   - FXGLLoadingScene -> ErrorSubScene
23:11:58.466 [FXGL Background Thread 2 ] INFO  UpdaterService       - Your current version:  17
23:11:58.467 [FXGL Background Thread 2 ] INFO  UpdaterService       - Latest stable version: 17.2
23:11:58.911 [JavaFX Application Thread] DEBUG FXGLApplication      - Exiting FXGL
23:11:58.912 [JavaFX Application Thread] DEBUG Async                - Shutting down background threads
23:11:58.912 [JavaFX Application Thread] DEBUG PrimaryStageWindow   - Closing main window
23:11:58.922 [JavaFX Application Thread] DEBUG Logger               - Closing Logger
