01:09:11.538 [main                     ] DEBUG Logger               - Configured Logger
01:09:11.622 [main                     ] DEBUG GameApplication      - Logging settings
Title: DiB
Version: 0.0
Width: 800
Height: 600
Fullscreen: false
Intro: false
Profiling: false
Single step:false
App Mode: DEVELOPER
Menu Key: ESCAPE
Stage Style: DECORATED
Scene Factory: class com.almasb.fxgl.app.scene.SceneFactory

01:09:13.451 [JavaFX Application Thread] DEBUG FXGLApplication      - Initializing FXGL
01:09:13.463 [JavaFX Application Thread] INFO  Engine               - FXGL-17 (31.12.2021 18.16) on WINDOWS (J:17.0.4.1 FX:17.0.1)
01:09:13.464 [JavaFX Application Thread] DEBUG Engine               - JRE Vendor Name: Amazon.com Inc.
01:09:13.465 [JavaFX Application Thread] DEBUG Engine               - Running on OS: Windows 10 version 10.0
01:09:13.465 [JavaFX Application Thread] DEBUG Engine               - Architecture: amd64
01:09:13.465 [JavaFX Application Thread] INFO  Engine               - Source code and latest versions at: https://github.com/AlmasB/FXGL
01:09:13.465 [JavaFX Application Thread] INFO  Engine               -       Ask questions and discuss at: https://github.com/AlmasB/FXGL/discussions
01:09:13.465 [JavaFX Application Thread] INFO  Engine               -              Join the FXGL chat at: https://gitter.im/AlmasB/FXGL
01:09:13.717 [JavaFX Application Thread] DEBUG PrimaryStageWindow   - Creating a JavaFX scene
01:09:13.832 [JavaFX Application Thread] DEBUG PrimaryStageWindow   - Target settings size: 800.0 x 600.0
01:09:13.833 [JavaFX Application Thread] DEBUG PrimaryStageWindow   - Scaled scene size:    800.0 x 600.0
01:09:13.833 [JavaFX Application Thread] DEBUG PrimaryStageWindow   - Scaled ratio: (1.0, 1.0)
01:09:13.836 [JavaFX Application Thread] DEBUG PrimaryStageWindow   - Set initial scene to FXGLStartupScene
01:09:13.850 [JavaFX Application Thread] DEBUG PrimaryStageWindow   - Opening main window
01:09:14.058 [JavaFX Application Thread] DEBUG PrimaryStageWindow   - Window border size: (16.0, 39.0)
01:09:14.059 [JavaFX Application Thread] DEBUG PrimaryStageWindow   - Scaled size: 800.0 x 600.0
01:09:14.060 [JavaFX Application Thread] DEBUG PrimaryStageWindow   - Scaled ratio: (1.0, 1.0)
01:09:14.061 [JavaFX Application Thread] DEBUG PrimaryStageWindow   - Scene size: 800.0 x 600.0
01:09:14.062 [JavaFX Application Thread] DEBUG PrimaryStageWindow   - Stage size: 816.0 x 639.0
01:09:14.089 [FXGL Background Thread 1 ] DEBUG Engine               - Initializing environment variables
01:09:14.182 [FXGL Background Thread 1 ] DEBUG FXGLAssetLoaderServi - User app class for loading assets: class ru.nsu.fit.dib.projectdib.App
01:09:14.183 [FXGL Background Thread 1 ] DEBUG GameApplicationServi - Applying CSS: fxgl_dark.css
01:09:14.185 [FXGL Background Thread 1 ] DEBUG FXGLAssetLoaderServi - Loading from file system: jar:file:///C:/Users/Kolacom/.m2/repository/com/github/almasb/fxgl/17/fxgl-17.jar!/fxglassets/ui/css/fxgl_dark.css
01:09:14.285 [FXGL Background Thread 1 ] DEBUG GameApplicationServi - Initializing application scenes
01:09:14.378 [FXGL Background Thread 1 ] DEBUG GameWorld            - Game world initialized
01:09:14.541 [FXGL Background Thread 1 ] DEBUG PhysicsWorld         - Physics world initialized: appHeight=600, physics.ppm=50,0
01:09:14.542 [FXGL Background Thread 1 ] DEBUG PhysicsWorld         - Using strategy: BRUTE_FORCE
01:09:14.559 [FXGL Background Thread 1 ] DEBUG GameScene            - Game scene initialized: 800x600
01:09:14.598 [FXGL Background Thread 1 ] DEBUG FXGL.DefaultMenu     - createMenuBodyGameMenu()
01:09:14.644 [FXGL Background Thread 1 ] DEBUG FXGL.DefaultMenu     - createOptionsMenu()
01:09:14.674 [FXGL Background Thread 1 ] DEBUG FXGLAssetLoaderServi - Loading from file system: jar:file:///C:/Users/Kolacom/.m2/repository/com/github/almasb/fxgl/17/fxgl-17.jar!/fxglassets/textures/particles/smoke.png
01:09:14.828 [FXGL Background Thread 1 ] DEBUG FXGLAssetLoaderServi - Loading from file system: jar:file:///C:/Users/Kolacom/.m2/repository/com/github/almasb/fxgl/17/fxgl-17.jar!/fxglassets/textures/particles/trace_horizontal.png
01:09:14.872 [FXGL Background Thread 1 ] DEBUG GameApplicationServi - Application scenes initialized
01:09:14.892 [FXGL Background Thread 1 ] DEBUG SystemBundleService  - Loading FXGL system data
01:09:14.901 [FXGL Background Thread 1 ] DEBUG FileSystemAccess     - Reading from: D:\DIB\DIB-bug\system\fxgl.bundle
01:09:14.915 [FXGL Background Thread 1 ] DEBUG SystemBundleService  - Bundle FXGL: {}
01:09:14.915 [FXGL Background Thread 1 ] DEBUG UpdaterService       - Checking for updates
01:09:14.922 [FXGL Background Thread 4 ] DEBUG FXGLApplication      - Loading fonts
01:09:14.922 [FXGL Background Thread 1 ] DEBUG FXGLApplication      - Loading default localization
01:09:14.922 [FXGL Background Thread 4 ] DEBUG FXGLAssetLoaderServi - Loading from file system: jar:file:///C:/Users/Kolacom/.m2/repository/com/github/almasb/fxgl/17/fxgl-17.jar!/fxglassets/ui/fonts/VarelaRound-Regular.ttf
01:09:14.924 [FXGL Background Thread 1 ] DEBUG FXGLAssetLoaderServi - Loading from file system: jar:file:///C:/Users/Kolacom/.m2/repository/com/github/almasb/fxgl/17/fxgl-17.jar!/fxglassets/languages/english.lang
01:09:14.958 [FXGL Background Thread 1 ] INFO  FXGLApplication      - FXGL initialization took: 0,869 sec
01:09:14.983 [JavaFX Application Thread] DEBUG Input                - Registered new binding: action0 - W
01:09:14.985 [JavaFX Application Thread] DEBUG Input                - Registered new binding: action1 - S
01:09:14.986 [JavaFX Application Thread] DEBUG Input                - Registered new binding: action2 - A
01:09:14.988 [JavaFX Application Thread] DEBUG Input                - Registered new binding: action3 - D
01:09:14.989 [JavaFX Application Thread] DEBUG FXGLAssetLoaderServi - Loading from file system: jar:file:///C:/Users/Kolacom/.m2/repository/com/github/almasb/fxgl/17/fxgl-17.jar!/fxglassets/textures/fxgl_icon.png
01:09:15.032 [JavaFX Application Thread] DEBUG FXGLAssetLoaderServi - Loading from file system: jar:file:///C:/Users/Kolacom/.m2/repository/com/github/almasb/fxgl/17/fxgl-17.jar!/fxglassets/textures/fxgl_default_cursor.png
01:09:15.036 [JavaFX Application Thread] DEBUG Input                - Registered new binding: Screenshot - CTRL+8
01:09:15.038 [JavaFX Application Thread] DEBUG Input                - Registered new binding: System info dump - CTRL+9
01:09:15.039 [JavaFX Application Thread] DEBUG Input                - Registered new binding: Restart - CTRL+R
01:09:15.043 [JavaFX Application Thread] DEBUG Input                - Registered new binding: Toggle Debug Camera - CTRL+7
01:09:15.048 [JavaFX Application Thread] DEBUG LoopRunner           - Starting loop
01:09:15.049 [JavaFX Application Thread] DEBUG LoopRunner           - Initializing JavaFX AnimationTimerLoop
01:09:15.052 [JavaFX Application Thread] DEBUG GameApplicationServi - Starting new game
01:09:15.053 [JavaFX Application Thread] DEBUG Input                - Clearing active input actions
01:09:15.077 [JavaFX Application Thread] DEBUG GameApplicationServi - Removing overlay from FXGLStartupScene and adding to FXGLLoadingScene
01:09:15.079 [JavaFX Application Thread] DEBUG PrimaryStageWindow   - FXGLStartupScene -> FXGLLoadingScene
01:09:15.079 [JavaFX Application Thread] DEBUG GameApplicationServi - Clearing previous game
01:09:15.079 [JavaFX Application Thread] DEBUG GameScene            - Clearing game scene
01:09:15.079 [JavaFX Application Thread] DEBUG GameWorld            - Clearing game world
01:09:15.080 [JavaFX Application Thread] DEBUG PhysicsWorld         - Clearing physics world
01:09:15.105 [FXGL Background Thread 1 ] DEBUG FXGLApplication      - Initializing game
01:09:15.241 [FXGL Background Thread 1 ] DEBUG TMXLevelLoader       - Parsed TiledMap: file:/D:/DIB/DIB-bug/target/classes/assets/levels/tmx/level1.tmx
01:09:15.243 [FXGL Background Thread 1 ] DEBUG TMXLevelLoader       - Creating tile layer entities
01:09:15.247 [FXGL Background Thread 1 ] DEBUG TilesetLoader        - Loading view for layer Tile Layer 1
01:09:15.250 [FXGL Background Thread 1 ] DEBUG TilesetLoader        - Created buffer with size 1050.0x700.0
01:09:15.260 [FXGL Background Thread 1 ] WARN  TilesetLoader        - tiles_spritesheet.png cannot be loaded using mapURL=file:/D:/DIB/DIB-bug/target/classes/assets/levels/tmx/level1.tmx
java.io.FileNotFoundException: D:\DIB\DIB-bug\target\classes\assets\levels\tmx\tiles_spritesheet.png (Не удается найти указанный файл)
	at java.base/java.io.FileInputStream.open0(Native Method)
	at java.base/java.io.FileInputStream.open(FileInputStream.java:216)
	at java.base/java.io.FileInputStream.<init>(FileInputStream.java:157)
	at java.base/java.io.FileInputStream.<init>(FileInputStream.java:111)
	at java.base/sun.net.www.protocol.file.FileURLConnection.connect(FileURLConnection.java:86)
	at java.base/sun.net.www.protocol.file.FileURLConnection.getInputStream(FileURLConnection.java:189)
	at java.base/java.net.URL.openStream(URL.java:1161)
	at com.almasb.fxgl.entity@17/com.almasb.fxgl.entity.level.tiled.TilesetLoader.loadImage(TilesetLoader.kt:335)
	at com.almasb.fxgl.entity@17/com.almasb.fxgl.entity.level.tiled.TilesetLoader.loadView(TilesetLoader.kt:133)
	at com.almasb.fxgl.entity@17/com.almasb.fxgl.entity.level.tiled.TMXLevelLoader.createTileLayerEntities$lambda-4(TMXLevelLoader.kt:99)
	at java.base/java.util.stream.ReferencePipeline$3$1.accept(ReferencePipeline.java:197)
	at java.base/java.util.ArrayList$ArrayListSpliterator.forEachRemaining(ArrayList.java:1625)
	at java.base/java.util.stream.AbstractPipeline.copyInto(AbstractPipeline.java:509)
	at java.base/java.util.stream.AbstractPipeline.wrapAndCopyInto(AbstractPipeline.java:499)
	at java.base/java.util.stream.ReduceOps$ReduceOp.evaluateSequential(ReduceOps.java:921)
	at java.base/java.util.stream.AbstractPipeline.evaluate(AbstractPipeline.java:234)
	at java.base/java.util.stream.ReferencePipeline.collect(ReferencePipeline.java:682)
	at com.almasb.fxgl.entity@17/com.almasb.fxgl.entity.level.tiled.TMXLevelLoader.createTileLayerEntities(TMXLevelLoader.kt:112)
	at com.almasb.fxgl.entity@17/com.almasb.fxgl.entity.level.tiled.TMXLevelLoader.load(TMXLevelLoader.kt:57)
	at com.almasb.fxgl.all@17/com.almasb.fxgl.app.services.FXGLAssetLoaderService.loadLevel(FXGLAssetLoaderService.kt:446)
	at com.almasb.fxgl.all@17/com.almasb.fxgl.dsl.FXGL$Companion.setLevelFromMap(FXGL.kt:530)
	at com.almasb.fxgl.all@17/com.almasb.fxgl.dsl.FXGL.setLevelFromMap(FXGL.kt)
	at projectdib.main/ru.nsu.fit.dib.projectdib.App.initGame(App.java:45)
	at com.almasb.fxgl.all@17/com.almasb.fxgl.app.FXGLApplication$InitAppTask.initGame(FXGLApplication.kt:339)
	at com.almasb.fxgl.all@17/com.almasb.fxgl.app.FXGLApplication$InitAppTask.call(FXGLApplication.kt:319)
	at com.almasb.fxgl.all@17/com.almasb.fxgl.app.FXGLApplication$InitAppTask.call(FXGLApplication.kt:311)
	at javafx.graphics/javafx.concurrent.Task$TaskCallable.call(Task.java:1426)
	at java.base/java.util.concurrent.FutureTask.run(FutureTask.java:264)
	at java.base/java.util.concurrent.Executors$RunnableAdapter.call(Executors.java:539)
	at java.base/java.util.concurrent.FutureTask.run(FutureTask.java:264)
	at java.base/java.util.concurrent.ThreadPoolExecutor.runWorker(ThreadPoolExecutor.java:1136)
	at java.base/java.util.concurrent.ThreadPoolExecutor$Worker.run(ThreadPoolExecutor.java:635)
	at java.base/java.lang.Thread.run(Thread.java:833)

01:09:15.370 [FXGL Background Thread 4 ] DEBUG FXGLAssetLoaderServi - Loading from file system: jar:file:///C:/Users/Kolacom/.m2/repository/com/github/almasb/fxgl/17/fxgl-17.jar!/fxglassets/ui/fonts/Abel-Regular.ttf
01:09:15.426 [FXGL Background Thread 4 ] DEBUG FXGLAssetLoaderServi - Loading from file system: jar:file:///C:/Users/Kolacom/.m2/repository/com/github/almasb/fxgl/17/fxgl-17.jar!/fxglassets/ui/fonts/TerminalLandMono-Regular.otf
01:09:15.449 [FXGL Background Thread 4 ] DEBUG FXGLAssetLoaderServi - Loading from file system: jar:file:///C:/Users/Kolacom/.m2/repository/com/github/almasb/fxgl/17/fxgl-17.jar!/fxglassets/ui/fonts/Courier-Prime.ttf
01:09:15.480 [JavaFX Application Thread] DEBUG FXGLApplication      - Registering font factories with UI factory
01:09:15.636 [FXGL Background Thread 1 ] DEBUG TMXLevelLoader       - Creating object layer entities
01:09:15.687 [FXGL Background Thread 1 ] WARN  TMXLevelLoader       - Parse error
java.lang.IllegalArgumentException: No EntityFactory has a method annotated @Spawns(keyPrompt)
	at com.almasb.fxgl.entity@17/com.almasb.fxgl.entity.GameWorld.create(GameWorld.kt:413)
	at com.almasb.fxgl.entity@17/com.almasb.fxgl.entity.level.tiled.TMXLevelLoader.createObjectLayerEntities(TMXLevelLoader.kt:149)
	at com.almasb.fxgl.entity@17/com.almasb.fxgl.entity.level.tiled.TMXLevelLoader.load(TMXLevelLoader.kt:59)
	at com.almasb.fxgl.all@17/com.almasb.fxgl.app.services.FXGLAssetLoaderService.loadLevel(FXGLAssetLoaderService.kt:446)
	at com.almasb.fxgl.all@17/com.almasb.fxgl.dsl.FXGL$Companion.setLevelFromMap(FXGL.kt:530)
	at com.almasb.fxgl.all@17/com.almasb.fxgl.dsl.FXGL.setLevelFromMap(FXGL.kt)
	at projectdib.main/ru.nsu.fit.dib.projectdib.App.initGame(App.java:45)
	at com.almasb.fxgl.all@17/com.almasb.fxgl.app.FXGLApplication$InitAppTask.initGame(FXGLApplication.kt:339)
	at com.almasb.fxgl.all@17/com.almasb.fxgl.app.FXGLApplication$InitAppTask.call(FXGLApplication.kt:319)
	at com.almasb.fxgl.all@17/com.almasb.fxgl.app.FXGLApplication$InitAppTask.call(FXGLApplication.kt:311)
	at javafx.graphics/javafx.concurrent.Task$TaskCallable.call(Task.java:1426)
	at java.base/java.util.concurrent.FutureTask.run(FutureTask.java:264)
	at java.base/java.util.concurrent.Executors$RunnableAdapter.call(Executors.java:539)
	at java.base/java.util.concurrent.FutureTask.run(FutureTask.java:264)
	at java.base/java.util.concurrent.ThreadPoolExecutor.runWorker(ThreadPoolExecutor.java:1136)
	at java.base/java.util.concurrent.ThreadPoolExecutor$Worker.run(ThreadPoolExecutor.java:635)
	at java.base/java.lang.Thread.run(Thread.java:833)

01:09:15.694 [JavaFX Application Thread] DEBUG LoopRunner           - Stopping loop
01:09:15.696 [JavaFX Application Thread] FATAL FXGLApplication      - Uncaught Exception:
java.lang.RuntimeException: Initialization failed
	at com.almasb.fxgl.all@17/com.almasb.fxgl.app.FXGLApplication$InitAppTask.failed(FXGLApplication.kt:343)
	at javafx.graphics/javafx.concurrent.Task.setState(Task.java:710)
	at javafx.graphics/javafx.concurrent.Task$TaskCallable.lambda$call$2(Task.java:1456)
	at javafx.graphics/com.sun.javafx.application.PlatformImpl.lambda$runLater$10(PlatformImpl.java:457)
	at java.base/java.security.AccessController.doPrivileged(AccessController.java:399)
	at javafx.graphics/com.sun.javafx.application.PlatformImpl.lambda$runLater$11(PlatformImpl.java:456)
	at javafx.graphics/com.sun.glass.ui.InvokeLaterDispatcher$Future.run(InvokeLaterDispatcher.java:96)
	at javafx.graphics/com.sun.glass.ui.win.WinApplication._runLoop(Native Method)
	at javafx.graphics/com.sun.glass.ui.win.WinApplication.lambda$runLoop$3(WinApplication.java:184)
	at java.base/java.lang.Thread.run(Thread.java:833)
Caused by: com.almasb.fxgl.entity.level.LevelLoadingException: No EntityFactory has a method annotated @Spawns(keyPrompt)
	at com.almasb.fxgl.entity@17/com.almasb.fxgl.entity.level.tiled.TMXLevelLoader.load(TMXLevelLoader.kt:77)
	at com.almasb.fxgl.all@17/com.almasb.fxgl.app.services.FXGLAssetLoaderService.loadLevel(FXGLAssetLoaderService.kt:446)
	at com.almasb.fxgl.all@17/com.almasb.fxgl.dsl.FXGL$Companion.setLevelFromMap(FXGL.kt:530)
	at com.almasb.fxgl.all@17/com.almasb.fxgl.dsl.FXGL.setLevelFromMap(FXGL.kt)
	at projectdib.main/ru.nsu.fit.dib.projectdib.App.initGame(App.java:45)
	at com.almasb.fxgl.all@17/com.almasb.fxgl.app.FXGLApplication$InitAppTask.initGame(FXGLApplication.kt:339)
	at com.almasb.fxgl.all@17/com.almasb.fxgl.app.FXGLApplication$InitAppTask.call(FXGLApplication.kt:319)
	at com.almasb.fxgl.all@17/com.almasb.fxgl.app.FXGLApplication$InitAppTask.call(FXGLApplication.kt:311)
	at javafx.graphics/javafx.concurrent.Task$TaskCallable.call(Task.java:1426)
	at java.base/java.util.concurrent.FutureTask.run(FutureTask.java:264)
	at java.base/java.util.concurrent.Executors$RunnableAdapter.call(Executors.java:539)
	at java.base/java.util.concurrent.FutureTask.run(FutureTask.java:264)
	at java.base/java.util.concurrent.ThreadPoolExecutor.runWorker(ThreadPoolExecutor.java:1136)
	at java.base/java.util.concurrent.ThreadPoolExecutor$Worker.run(ThreadPoolExecutor.java:635)
	... 1 more
Caused by: java.lang.IllegalArgumentException: No EntityFactory has a method annotated @Spawns(keyPrompt)
	at com.almasb.fxgl.entity@17/com.almasb.fxgl.entity.GameWorld.create(GameWorld.kt:413)
	at com.almasb.fxgl.entity@17/com.almasb.fxgl.entity.level.tiled.TMXLevelLoader.createObjectLayerEntities(TMXLevelLoader.kt:149)
	at com.almasb.fxgl.entity@17/com.almasb.fxgl.entity.level.tiled.TMXLevelLoader.load(TMXLevelLoader.kt:59)
	... 14 more

01:09:15.697 [JavaFX Application Thread] FATAL FXGLApplication      - Application will now exit
01:09:15.758 [JavaFX Application Thread] DEBUG PrimaryStageWindow   - Push state: ErrorSubScene
01:09:15.759 [JavaFX Application Thread] DEBUG Input                - Clearing active input actions
01:09:15.772 [JavaFX Application Thread] DEBUG GameApplicationServi - Removing overlay from FXGLLoadingScene and adding to ErrorSubScene
01:09:15.774 [JavaFX Application Thread] DEBUG PrimaryStageWindow   - FXGLLoadingScene -> ErrorSubScene
01:09:16.840 [FXGL Background Thread 2 ] INFO  UpdaterService       - Your current version:  17
01:09:16.840 [FXGL Background Thread 2 ] INFO  UpdaterService       - Latest stable version: 17.2
01:09:17.921 [FXGL Background Thread 3 ] DEBUG Engine               - Logging environment variables
01:09:17.922 [FXGL Background Thread 3 ] DEBUG Engine               - achievements: []
01:09:17.922 [FXGL Background Thread 3 ] DEBUG Engine               - actualHeight: 600.0
01:09:17.922 [FXGL Background Thread 3 ] DEBUG Engine               - actualHeightProperty: ReadOnlyDoubleProperty [value: 600.0]
01:09:17.922 [FXGL Background Thread 3 ] DEBUG Engine               - actualWidth: 800.0
01:09:17.923 [FXGL Background Thread 3 ] DEBUG Engine               - actualWidthProperty: ReadOnlyDoubleProperty [value: 800.0]
01:09:17.923 [FXGL Background Thread 3 ] DEBUG Engine               - appIcon: fxgl_icon.png
01:09:17.923 [FXGL Background Thread 3 ] DEBUG Engine               - applicationMode: DEVELOPER
01:09:17.923 [FXGL Background Thread 3 ] DEBUG Engine               - cSSList: [fxgl_dark.css]
01:09:17.923 [FXGL Background Thread 3 ] DEBUG Engine               - collisionDetectionStrategy: BRUTE_FORCE
01:09:17.923 [FXGL Background Thread 3 ] DEBUG Engine               - configClass: Optional.empty
01:09:17.923 [FXGL Background Thread 3 ] DEBUG Engine               - credits: []
01:09:17.924 [FXGL Background Thread 3 ] DEBUG Engine               - defaultCursor: CursorInfo(imageName=fxgl_default_cursor.png, hotspotX=7.0, hotspotY=6.0)
01:09:17.925 [FXGL Background Thread 3 ] DEBUG Engine               - devBBoxColorProperty: ObjectProperty [value: 0xff0000ff]
01:09:17.925 [FXGL Background Thread 3 ] DEBUG Engine               - devEnableDebugCameraProperty: BooleanProperty [value: false]
01:09:17.925 [FXGL Background Thread 3 ] DEBUG Engine               - devSensorColorProperty: ObjectProperty [value: 0xffff00ff]
01:09:17.925 [FXGL Background Thread 3 ] DEBUG Engine               - devShowBBoxProperty: BooleanProperty [value: false]
01:09:17.925 [FXGL Background Thread 3 ] DEBUG Engine               - devShowPositionProperty: BooleanProperty [value: false]
01:09:17.925 [FXGL Background Thread 3 ] DEBUG Engine               - enabledMenuItems: []
01:09:17.926 [FXGL Background Thread 3 ] DEBUG Engine               - engineServices: [class com.almasb.fxgl.app.services.FXGLAssetLoaderService, class com.almasb.fxgl.app.FXGLApplication$GameApplicationService, class com.almasb.fxgl.app.services.FXGLDialogService, class com.almasb.fxgl.app.services.IOTaskExecutorService, class com.almasb.fxgl.io.FileSystemService, class com.almasb.fxgl.localization.LocalizationService, class com.almasb.fxgl.app.services.SystemBundleService, class com.almasb.fxgl.profile.SaveLoadService, class com.almasb.fxgl.ui.FXGLUIFactoryServiceProvider, class com.almasb.fxgl.ui.FXGLDialogFactoryServiceProvider, class com.almasb.fxgl.audio.AudioPlayer, class com.almasb.fxgl.notification.impl.NotificationServiceProvider, class com.almasb.fxgl.achievement.AchievementService, class com.almasb.fxgl.cutscene.CutsceneService, class com.almasb.fxgl.minigames.MiniGameService, class com.almasb.fxgl.net.NetService, class com.almasb.fxgl.app.services.UpdaterService, class com.almasb.fxgl.dev.DevService]
01:09:17.926 [FXGL Background Thread 3 ] DEBUG Engine               - fontGame: Abel-Regular.ttf
01:09:17.926 [FXGL Background Thread 3 ] DEBUG Engine               - fontMono: TerminalLandMono-Regular.otf
01:09:17.926 [FXGL Background Thread 3 ] DEBUG Engine               - fontText: Courier-Prime.ttf
01:09:17.926 [FXGL Background Thread 3 ] DEBUG Engine               - fontUI: VarelaRound-Regular.ttf
01:09:17.926 [FXGL Background Thread 3 ] DEBUG Engine               - fullScreen: BooleanProperty [value: false]
01:09:17.926 [FXGL Background Thread 3 ] DEBUG Engine               - gameDifficulty: MEDIUM
01:09:17.926 [FXGL Background Thread 3 ] DEBUG Engine               - gameDifficultyProperty: ObjectProperty [value: MEDIUM]
01:09:17.926 [FXGL Background Thread 3 ] DEBUG Engine               - globalMusicVolume: 0.5
01:09:17.926 [FXGL Background Thread 3 ] DEBUG Engine               - globalMusicVolumeProperty: DoubleProperty [value: 0.5]
01:09:17.927 [FXGL Background Thread 3 ] DEBUG Engine               - globalSoundVolume: 0.5
01:09:17.927 [FXGL Background Thread 3 ] DEBUG Engine               - globalSoundVolumeProperty: DoubleProperty [value: 0.5]
01:09:17.927 [FXGL Background Thread 3 ] DEBUG Engine               - height: 600
01:09:17.927 [FXGL Background Thread 3 ] DEBUG Engine               - is3D: false
01:09:17.927 [FXGL Background Thread 3 ] DEBUG Engine               - isAndroid: false
01:09:17.927 [FXGL Background Thread 3 ] DEBUG Engine               - isBrowser: false
01:09:17.927 [FXGL Background Thread 3 ] DEBUG Engine               - isClickFeedbackEnabled: false
01:09:17.927 [FXGL Background Thread 3 ] DEBUG Engine               - isCloseConfirmation: false
01:09:17.927 [FXGL Background Thread 3 ] DEBUG Engine               - isDesktop: true
01:09:17.927 [FXGL Background Thread 3 ] DEBUG Engine               - isDeveloperMenuEnabled: false
01:09:17.927 [FXGL Background Thread 3 ] DEBUG Engine               - isEmbedded: false
01:09:17.927 [FXGL Background Thread 3 ] DEBUG Engine               - isEntityPreloadEnabled: true
01:09:17.928 [FXGL Background Thread 3 ] DEBUG Engine               - isExperimentalTiledLargeMap: false
01:09:17.928 [FXGL Background Thread 3 ] DEBUG Engine               - isFileSystemWriteAllowed: true
01:09:17.928 [FXGL Background Thread 3 ] DEBUG Engine               - isFullScreenAllowed: false
01:09:17.928 [FXGL Background Thread 3 ] DEBUG Engine               - isFullScreenFromStart: false
01:09:17.928 [FXGL Background Thread 3 ] DEBUG Engine               - isGameMenuEnabled: true
01:09:17.928 [FXGL Background Thread 3 ] DEBUG Engine               - isIOS: false
01:09:17.928 [FXGL Background Thread 3 ] DEBUG Engine               - isIntroEnabled: false
01:09:17.928 [FXGL Background Thread 3 ] DEBUG Engine               - isLinux: false
01:09:17.928 [FXGL Background Thread 3 ] DEBUG Engine               - isMac: false
01:09:17.928 [FXGL Background Thread 3 ] DEBUG Engine               - isMainMenuEnabled: false
01:09:17.928 [FXGL Background Thread 3 ] DEBUG Engine               - isManualResizeEnabled: false
01:09:17.928 [FXGL Background Thread 3 ] DEBUG Engine               - isMobile: false
01:09:17.929 [FXGL Background Thread 3 ] DEBUG Engine               - isNative: false
01:09:17.929 [FXGL Background Thread 3 ] DEBUG Engine               - isPauseMusicWhenMinimized: true
01:09:17.929 [FXGL Background Thread 3 ] DEBUG Engine               - isPreserveResizeRatio: false
01:09:17.929 [FXGL Background Thread 3 ] DEBUG Engine               - isProfilingEnabled: false
01:09:17.929 [FXGL Background Thread 3 ] DEBUG Engine               - isScaleAffectedOnResize: true
01:09:17.929 [FXGL Background Thread 3 ] DEBUG Engine               - isSingleStep: false
01:09:17.929 [FXGL Background Thread 3 ] DEBUG Engine               - isUserProfileEnabled: false
01:09:17.929 [FXGL Background Thread 3 ] DEBUG Engine               - isWindows: true
01:09:17.929 [FXGL Background Thread 3 ] DEBUG Engine               - language: ObjectProperty [value: ENGLISH]
01:09:17.929 [FXGL Background Thread 3 ] DEBUG Engine               - menuKey: ESCAPE
01:09:17.929 [FXGL Background Thread 3 ] DEBUG Engine               - mouseSensitivity: 0.2
01:09:17.929 [FXGL Background Thread 3 ] DEBUG Engine               - notificationViewClass: class com.almasb.fxgl.notification.view.XboxNotificationView
01:09:17.929 [FXGL Background Thread 3 ] DEBUG Engine               - pixelsPerMeter: 50.0
01:09:17.930 [FXGL Background Thread 3 ] DEBUG Engine               - platform: WINDOWS
01:09:17.930 [FXGL Background Thread 3 ] DEBUG Engine               - prefHeightProperty: ReadOnlyDoubleProperty [value: 600.0]
01:09:17.930 [FXGL Background Thread 3 ] DEBUG Engine               - prefWidthProperty: ReadOnlyDoubleProperty [value: 800.0]
01:09:17.930 [FXGL Background Thread 3 ] DEBUG Engine               - profileDir: profiles/
01:09:17.930 [FXGL Background Thread 3 ] DEBUG Engine               - profileName: StringProperty [value: DEFAULT]
01:09:17.930 [FXGL Background Thread 3 ] DEBUG Engine               - randomSeed: -1
01:09:17.930 [FXGL Background Thread 3 ] DEBUG Engine               - runtimeInfo: RuntimeInfo(platform=WINDOWS, version=17, build=31.12.2021 18.16)
01:09:17.931 [FXGL Background Thread 3 ] DEBUG Engine               - saveFileExt: sav
01:09:17.931 [FXGL Background Thread 3 ] DEBUG Engine               - scaledHeightProp$fxgl: DoubleProperty [bound, value: 600.0]
01:09:17.931 [FXGL Background Thread 3 ] DEBUG Engine               - scaledWidthProp$fxgl: DoubleProperty [bound, value: 800.0]
01:09:17.931 [FXGL Background Thread 3 ] DEBUG Engine               - sceneFactory: com.almasb.fxgl.app.scene.SceneFactory@6ab7eca6
01:09:17.931 [FXGL Background Thread 3 ] DEBUG Engine               - secondsIn24h: 60
01:09:17.931 [FXGL Background Thread 3 ] DEBUG Engine               - soundMenuBack: menu/back.wav
01:09:17.931 [FXGL Background Thread 3 ] DEBUG Engine               - soundMenuPress: menu/press.wav
01:09:17.931 [FXGL Background Thread 3 ] DEBUG Engine               - soundMenuSelect: menu/select.wav
01:09:17.931 [FXGL Background Thread 3 ] DEBUG Engine               - soundNotification: core/notification.wav
01:09:17.931 [FXGL Background Thread 3 ] DEBUG Engine               - stageStyle: DECORATED
01:09:17.931 [FXGL Background Thread 3 ] DEBUG Engine               - supportedLanguages: [ENGLISH, FRENCH, GERMAN, HUNGARIAN, RUSSIAN]
01:09:17.931 [FXGL Background Thread 3 ] DEBUG Engine               - ticksPerSecond: -1
01:09:17.932 [FXGL Background Thread 3 ] DEBUG Engine               - title: DiB
01:09:17.932 [FXGL Background Thread 3 ] DEBUG Engine               - urlGithub: https://github.com/AlmasB/FXGL
01:09:17.932 [FXGL Background Thread 3 ] DEBUG Engine               - urlLeaderboard: http://fxgl-top.herokuapp.com/
01:09:17.932 [FXGL Background Thread 3 ] DEBUG Engine               - urlPOM: https://raw.githubusercontent.com/AlmasB/FXGL/release/README.md
01:09:17.932 [FXGL Background Thread 3 ] DEBUG Engine               - userAppClass: class ru.nsu.fit.dib.projectdib.App
01:09:17.932 [FXGL Background Thread 3 ] DEBUG Engine               - version: 0.0
01:09:17.932 [FXGL Background Thread 3 ] DEBUG Engine               - versionCheckDays: 7
01:09:17.932 [FXGL Background Thread 3 ] DEBUG Engine               - width: 800
01:09:17.932 [FXGL Background Thread 3 ] DEBUG Engine               - Logging services
01:09:17.932 [FXGL Background Thread 3 ] DEBUG Engine               - class com.almasb.fxgl.app.services.FXGLAssetLoaderService
01:09:17.933 [FXGL Background Thread 3 ] DEBUG Engine               - class com.almasb.fxgl.app.FXGLApplication$GameApplicationService
01:09:17.933 [FXGL Background Thread 3 ] DEBUG Engine               - class com.almasb.fxgl.app.services.FXGLDialogService
01:09:17.933 [FXGL Background Thread 3 ] DEBUG Engine               - class com.almasb.fxgl.app.services.IOTaskExecutorService
01:09:17.933 [FXGL Background Thread 3 ] DEBUG Engine               - class com.almasb.fxgl.io.FileSystemService
01:09:17.933 [FXGL Background Thread 3 ] DEBUG Engine               - class com.almasb.fxgl.localization.LocalizationService
01:09:17.933 [FXGL Background Thread 3 ] DEBUG Engine               - class com.almasb.fxgl.app.services.SystemBundleService
01:09:17.933 [FXGL Background Thread 3 ] DEBUG Engine               - class com.almasb.fxgl.profile.SaveLoadService
01:09:17.933 [FXGL Background Thread 3 ] DEBUG Engine               - class com.almasb.fxgl.ui.FXGLUIFactoryServiceProvider
01:09:17.933 [FXGL Background Thread 3 ] DEBUG Engine               - class com.almasb.fxgl.ui.FXGLDialogFactoryServiceProvider
01:09:17.933 [FXGL Background Thread 3 ] DEBUG Engine               - class com.almasb.fxgl.audio.AudioPlayer
01:09:17.933 [FXGL Background Thread 3 ] DEBUG Engine               - class com.almasb.fxgl.notification.impl.NotificationServiceProvider
01:09:17.933 [FXGL Background Thread 3 ] DEBUG Engine               - class com.almasb.fxgl.achievement.AchievementService
01:09:17.933 [FXGL Background Thread 3 ] DEBUG Engine               - class com.almasb.fxgl.cutscene.CutsceneService
01:09:17.933 [FXGL Background Thread 3 ] DEBUG Engine               - class com.almasb.fxgl.minigames.MiniGameService
01:09:17.933 [FXGL Background Thread 3 ] DEBUG Engine               - class com.almasb.fxgl.net.NetService
01:09:17.933 [FXGL Background Thread 3 ] DEBUG Engine               - class com.almasb.fxgl.app.services.UpdaterService
01:09:17.934 [FXGL Background Thread 3 ] DEBUG Engine               - class com.almasb.fxgl.dev.DevService
01:09:26.520 [JavaFX Application Thread] DEBUG FXGLApplication      - Exiting FXGL
01:09:26.520 [JavaFX Application Thread] DEBUG Async                - Shutting down background threads
01:09:26.520 [JavaFX Application Thread] DEBUG PrimaryStageWindow   - Closing main window
01:09:26.564 [JavaFX Application Thread] DEBUG Logger               - Closing Logger
