18:00:17.494 [main                     ] DEBUG Logger               - Configured Logger
18:00:17.513 [main                     ] DEBUG GameApplication      - Logging settings
Title: DiB
Version: 0.0
Width: 1280
Height: 720
Fullscreen: true
Intro: false
Profiling: false
Single step:false
App Mode: DEVELOPER
Menu Key: ESCAPE
Stage Style: DECORATED
Scene Factory: class com.almasb.fxgl.app.scene.SceneFactory

18:00:17.897 [JavaFX Application Thread] DEBUG FXGLApplication      - Initializing FXGL
18:00:17.901 [JavaFX Application Thread] INFO  Engine               - FXGL-17 (31.12.2021 18.16) on WINDOWS (J:18.0.1.1 FX:17.0.1)
18:00:17.902 [JavaFX Application Thread] DEBUG Engine               - JRE Vendor Name: Oracle Corporation
18:00:17.902 [JavaFX Application Thread] DEBUG Engine               - Running on OS: Windows 11 version 10.0
18:00:17.902 [JavaFX Application Thread] DEBUG Engine               - Architecture: amd64
18:00:17.902 [JavaFX Application Thread] INFO  Engine               - Source code and latest versions at: https://github.com/AlmasB/FXGL
18:00:17.902 [JavaFX Application Thread] INFO  Engine               -       Ask questions and discuss at: https://github.com/AlmasB/FXGL/discussions
18:00:17.902 [JavaFX Application Thread] INFO  Engine               -              Join the FXGL chat at: https://gitter.im/AlmasB/FXGL
18:00:17.993 [JavaFX Application Thread] DEBUG PrimaryStageWindow   - Creating a JavaFX scene
18:00:18.040 [JavaFX Application Thread] DEBUG PrimaryStageWindow   - Target settings size: 1280.0 x 720.0
18:00:18.040 [JavaFX Application Thread] DEBUG PrimaryStageWindow   - Scaled scene size:    1280.0 x 720.0
18:00:18.041 [JavaFX Application Thread] DEBUG PrimaryStageWindow   - Scaled ratio: (1.0, 1.0)
18:00:18.042 [JavaFX Application Thread] DEBUG PrimaryStageWindow   - Set initial scene to FXGLStartupScene
18:00:18.048 [JavaFX Application Thread] DEBUG PrimaryStageWindow   - Opening main window
18:00:18.122 [JavaFX Application Thread] DEBUG PrimaryStageWindow   - Window border size: (14.4000244140625, 37.5999755859375)
18:00:18.123 [JavaFX Application Thread] DEBUG PrimaryStageWindow   - Scaled size: 1280.0 x 720.0
18:00:18.123 [JavaFX Application Thread] DEBUG PrimaryStageWindow   - Scaled ratio: (1.0, 1.0)
18:00:18.123 [JavaFX Application Thread] DEBUG PrimaryStageWindow   - Scene size: 1280.0 x 720.0
18:00:18.124 [JavaFX Application Thread] DEBUG PrimaryStageWindow   - Stage size: 1294.4000244140625 x 757.5999755859375
18:00:18.170 [JavaFX Application Thread] DEBUG PrimaryStageWindow   - Going fullscreen
18:00:18.197 [FXGL Background Thread 1 ] DEBUG Engine               - Initializing environment variables
18:00:18.232 [FXGL Background Thread 1 ] DEBUG FXGLAssetLoaderServi - User app class for loading assets: class ru.nsu.fit.dib.projectdib.App
18:00:18.232 [FXGL Background Thread 1 ] DEBUG GameApplicationServi - Applying CSS: fxgl_dark.css
18:00:18.233 [FXGL Background Thread 1 ] DEBUG FXGLAssetLoaderServi - Loading from file system: jar:file:///C:/Users/coffe/.m2/repository/com/github/almasb/fxgl/17/fxgl-17.jar!/fxglassets/ui/css/fxgl_dark.css
18:00:18.267 [FXGL Background Thread 1 ] DEBUG GameApplicationServi - Initializing application scenes
18:00:18.307 [FXGL Background Thread 1 ] DEBUG GameWorld            - Game world initialized
18:00:18.365 [FXGL Background Thread 1 ] DEBUG PhysicsWorld         - Physics world initialized: appHeight=720, physics.ppm=50,0
18:00:18.365 [FXGL Background Thread 1 ] DEBUG PhysicsWorld         - Using strategy: BRUTE_FORCE
18:00:18.369 [FXGL Background Thread 1 ] DEBUG GameScene            - Game scene initialized: 1280x720
18:00:18.392 [FXGL Background Thread 1 ] DEBUG FXGL.DefaultMenu     - createMenuBodyGameMenu()
18:00:18.404 [FXGL Background Thread 1 ] DEBUG FXGL.DefaultMenu     - createOptionsMenu()
18:00:18.411 [FXGL Background Thread 1 ] DEBUG FXGLAssetLoaderServi - Loading from file system: jar:file:///C:/Users/coffe/.m2/repository/com/github/almasb/fxgl/17/fxgl-17.jar!/fxglassets/textures/particles/smoke.png
18:00:18.489 [FXGL Background Thread 1 ] DEBUG FXGLAssetLoaderServi - Loading from file system: jar:file:///C:/Users/coffe/.m2/repository/com/github/almasb/fxgl/17/fxgl-17.jar!/fxglassets/textures/particles/trace_horizontal.png
18:00:18.514 [FXGL Background Thread 1 ] DEBUG GameApplicationServi - Application scenes initialized
18:00:18.522 [FXGL Background Thread 1 ] DEBUG SystemBundleService  - Loading FXGL system data
18:00:18.526 [FXGL Background Thread 1 ] DEBUG FileSystemAccess     - Reading from: F:\DeadInByte\system\fxgl.bundle
18:00:18.534 [FXGL Background Thread 1 ] DEBUG SystemBundleService  - Bundle FXGL: {}
18:00:18.534 [FXGL Background Thread 1 ] DEBUG UpdaterService       - Checking for updates
18:00:18.536 [FXGL Background Thread 4 ] DEBUG FXGLApplication      - Loading fonts
18:00:18.537 [FXGL Background Thread 4 ] DEBUG FXGLAssetLoaderServi - Loading from file system: jar:file:///C:/Users/coffe/.m2/repository/com/github/almasb/fxgl/17/fxgl-17.jar!/fxglassets/ui/fonts/VarelaRound-Regular.ttf
18:00:18.537 [FXGL Background Thread 1 ] DEBUG FXGLApplication      - Loading default localization
18:00:18.537 [FXGL Background Thread 1 ] DEBUG FXGLAssetLoaderServi - Loading from file system: jar:file:///C:/Users/coffe/.m2/repository/com/github/almasb/fxgl/17/fxgl-17.jar!/fxglassets/languages/english.lang
18:00:18.550 [FXGL Background Thread 1 ] INFO  FXGLApplication      - FXGL initialization took: 0,353 sec
18:00:18.556 [JavaFX Application Thread] DEBUG Input                - Registered new binding: action0 - W
18:00:18.557 [JavaFX Application Thread] DEBUG Input                - Registered new binding: action1 - S
18:00:18.557 [JavaFX Application Thread] DEBUG Input                - Registered new binding: action2 - A
18:00:18.557 [JavaFX Application Thread] DEBUG Input                - Registered new binding: action3 - D
18:00:18.558 [JavaFX Application Thread] DEBUG FXGLAssetLoaderServi - Loading from file system: jar:file:///C:/Users/coffe/.m2/repository/com/github/almasb/fxgl/17/fxgl-17.jar!/fxglassets/textures/fxgl_icon.png
18:00:18.579 [JavaFX Application Thread] DEBUG FXGLAssetLoaderServi - Loading from file system: jar:file:///C:/Users/coffe/.m2/repository/com/github/almasb/fxgl/17/fxgl-17.jar!/fxglassets/textures/fxgl_default_cursor.png
18:00:18.580 [FXGL Background Thread 4 ] DEBUG FXGLAssetLoaderServi - Loading from file system: jar:file:///C:/Users/coffe/.m2/repository/com/github/almasb/fxgl/17/fxgl-17.jar!/fxglassets/ui/fonts/Abel-Regular.ttf
18:00:18.582 [JavaFX Application Thread] DEBUG Input                - Registered new binding: Screenshot - CTRL+8
18:00:18.582 [JavaFX Application Thread] DEBUG Input                - Registered new binding: System info dump - CTRL+9
18:00:18.582 [JavaFX Application Thread] DEBUG Input                - Registered new binding: Restart - CTRL+R
18:00:18.583 [JavaFX Application Thread] DEBUG Input                - Registered new binding: Toggle Debug Camera - CTRL+7
18:00:18.583 [FXGL Background Thread 4 ] DEBUG FXGLAssetLoaderServi - Loading from file system: jar:file:///C:/Users/coffe/.m2/repository/com/github/almasb/fxgl/17/fxgl-17.jar!/fxglassets/ui/fonts/TerminalLandMono-Regular.otf
18:00:18.584 [JavaFX Application Thread] DEBUG LoopRunner           - Starting loop
18:00:18.584 [JavaFX Application Thread] DEBUG LoopRunner           - Initializing JavaFX AnimationTimerLoop
18:00:18.585 [JavaFX Application Thread] DEBUG GameApplicationServi - Starting new game
18:00:18.586 [JavaFX Application Thread] DEBUG Input                - Clearing active input actions
18:00:18.586 [FXGL Background Thread 4 ] DEBUG FXGLAssetLoaderServi - Loading from file system: jar:file:///C:/Users/coffe/.m2/repository/com/github/almasb/fxgl/17/fxgl-17.jar!/fxglassets/ui/fonts/Courier-Prime.ttf
18:00:18.595 [JavaFX Application Thread] DEBUG GameApplicationServi - Removing overlay from FXGLStartupScene and adding to FXGLLoadingScene
18:00:18.595 [JavaFX Application Thread] DEBUG PrimaryStageWindow   - FXGLStartupScene -> FXGLLoadingScene
18:00:18.595 [JavaFX Application Thread] DEBUG GameApplicationServi - Clearing previous game
18:00:18.596 [JavaFX Application Thread] DEBUG GameScene            - Clearing game scene
18:00:18.596 [JavaFX Application Thread] DEBUG GameWorld            - Clearing game world
18:00:18.596 [JavaFX Application Thread] DEBUG PhysicsWorld         - Clearing physics world
18:00:18.597 [FXGL Background Thread 4 ] DEBUG FXGLApplication      - Initializing game
18:00:18.624 [JavaFX Application Thread] DEBUG FXGLApplication      - Registering font factories with UI factory
18:00:18.641 [FXGL Background Thread 4 ] DEBUG TMXLevelLoader       - Parsed TiledMap: file:/F:/DeadInByte/target/classes/assets/levels/tmx/exlevel2.tmx
18:00:18.641 [FXGL Background Thread 4 ] DEBUG TMXLevelLoader       - Creating tile layer entities
18:00:18.643 [FXGL Background Thread 4 ] DEBUG TilesetLoader        - Loading view for layer Слой тайлов 1
18:00:18.643 [FXGL Background Thread 4 ] DEBUG TilesetLoader        - Created buffer with size 256.0x256.0
18:00:18.663 [FXGL Background Thread 4 ] DEBUG TMXLevelLoader       - Creating object layer entities
18:00:18.678 [FXGL Background Thread 4 ] DEBUG GameWorld            - Clearing removable entities
18:00:18.679 [FXGL Background Thread 4 ] DEBUG GameWorld            - Setting level: com.almasb.fxgl.entity.level.Level@4b41eccd
18:00:18.684 [FXGL Background Thread 4 ] INFO  FXGLApplication      - Game initialization took: 0,087 sec
18:00:18.684 [JavaFX Application Thread] DEBUG Input                - Clearing active input actions
18:00:18.691 [JavaFX Application Thread] DEBUG GameApplicationServi - Removing overlay from FXGLLoadingScene and adding to GameScene
18:00:18.692 [JavaFX Application Thread] DEBUG PrimaryStageWindow   - FXGLLoadingScene -> GameScene
18:00:19.429 [FXGL Background Thread 2 ] INFO  UpdaterService       - Your current version:  17
18:00:19.429 [FXGL Background Thread 2 ] INFO  UpdaterService       - Latest stable version: 17.2
18:00:21.537 [FXGL Background Thread 3 ] DEBUG Engine               - Logging environment variables
18:00:21.538 [FXGL Background Thread 3 ] DEBUG Engine               - achievements: []
18:00:21.538 [FXGL Background Thread 3 ] DEBUG Engine               - actualHeight: 864.0
18:00:21.538 [FXGL Background Thread 3 ] DEBUG Engine               - actualHeightProperty: ReadOnlyDoubleProperty [value: 864.0]
18:00:21.538 [FXGL Background Thread 3 ] DEBUG Engine               - actualWidth: 1536.0
18:00:21.538 [FXGL Background Thread 3 ] DEBUG Engine               - actualWidthProperty: ReadOnlyDoubleProperty [value: 1536.0]
18:00:21.538 [FXGL Background Thread 3 ] DEBUG Engine               - appIcon: fxgl_icon.png
18:00:21.539 [FXGL Background Thread 3 ] DEBUG Engine               - applicationMode: DEVELOPER
18:00:21.539 [FXGL Background Thread 3 ] DEBUG Engine               - cSSList: [fxgl_dark.css]
18:00:21.539 [FXGL Background Thread 3 ] DEBUG Engine               - collisionDetectionStrategy: BRUTE_FORCE
18:00:21.539 [FXGL Background Thread 3 ] DEBUG Engine               - configClass: Optional.empty
18:00:21.539 [FXGL Background Thread 3 ] DEBUG Engine               - credits: []
18:00:21.539 [FXGL Background Thread 3 ] DEBUG Engine               - defaultCursor: CursorInfo(imageName=fxgl_default_cursor.png, hotspotX=7.0, hotspotY=6.0)
18:00:21.539 [FXGL Background Thread 3 ] DEBUG Engine               - devBBoxColorProperty: ObjectProperty [value: 0xff0000ff]
18:00:21.539 [FXGL Background Thread 3 ] DEBUG Engine               - devEnableDebugCameraProperty: BooleanProperty [value: false]
18:00:21.539 [FXGL Background Thread 3 ] DEBUG Engine               - devSensorColorProperty: ObjectProperty [value: 0xffff00ff]
18:00:21.539 [FXGL Background Thread 3 ] DEBUG Engine               - devShowBBoxProperty: BooleanProperty [value: false]
18:00:21.539 [FXGL Background Thread 3 ] DEBUG Engine               - devShowPositionProperty: BooleanProperty [value: false]
18:00:21.539 [FXGL Background Thread 3 ] DEBUG Engine               - enabledMenuItems: []
18:00:21.540 [FXGL Background Thread 3 ] DEBUG Engine               - engineServices: [class com.almasb.fxgl.app.services.FXGLAssetLoaderService, class com.almasb.fxgl.app.FXGLApplication$GameApplicationService, class com.almasb.fxgl.app.services.FXGLDialogService, class com.almasb.fxgl.app.services.IOTaskExecutorService, class com.almasb.fxgl.io.FileSystemService, class com.almasb.fxgl.localization.LocalizationService, class com.almasb.fxgl.app.services.SystemBundleService, class com.almasb.fxgl.profile.SaveLoadService, class com.almasb.fxgl.ui.FXGLUIFactoryServiceProvider, class com.almasb.fxgl.ui.FXGLDialogFactoryServiceProvider, class com.almasb.fxgl.audio.AudioPlayer, class com.almasb.fxgl.notification.impl.NotificationServiceProvider, class com.almasb.fxgl.achievement.AchievementService, class com.almasb.fxgl.cutscene.CutsceneService, class com.almasb.fxgl.minigames.MiniGameService, class com.almasb.fxgl.net.NetService, class com.almasb.fxgl.app.services.UpdaterService, class com.almasb.fxgl.dev.DevService]
18:00:21.540 [FXGL Background Thread 3 ] DEBUG Engine               - fontGame: Abel-Regular.ttf
18:00:21.540 [FXGL Background Thread 3 ] DEBUG Engine               - fontMono: TerminalLandMono-Regular.otf
18:00:21.540 [FXGL Background Thread 3 ] DEBUG Engine               - fontText: Courier-Prime.ttf
18:00:21.540 [FXGL Background Thread 3 ] DEBUG Engine               - fontUI: VarelaRound-Regular.ttf
18:00:21.540 [FXGL Background Thread 3 ] DEBUG Engine               - fullScreen: BooleanProperty [value: true]
18:00:21.540 [FXGL Background Thread 3 ] DEBUG Engine               - gameDifficulty: MEDIUM
18:00:21.540 [FXGL Background Thread 3 ] DEBUG Engine               - gameDifficultyProperty: ObjectProperty [value: MEDIUM]
18:00:21.540 [FXGL Background Thread 3 ] DEBUG Engine               - globalMusicVolume: 0.5
18:00:21.540 [FXGL Background Thread 3 ] DEBUG Engine               - globalMusicVolumeProperty: DoubleProperty [value: 0.5]
18:00:21.540 [FXGL Background Thread 3 ] DEBUG Engine               - globalSoundVolume: 0.5
18:00:21.540 [FXGL Background Thread 3 ] DEBUG Engine               - globalSoundVolumeProperty: DoubleProperty [value: 0.5]
18:00:21.540 [FXGL Background Thread 3 ] DEBUG Engine               - height: 720
18:00:21.540 [FXGL Background Thread 3 ] DEBUG Engine               - is3D: false
18:00:21.540 [FXGL Background Thread 3 ] DEBUG Engine               - isAndroid: false
18:00:21.540 [FXGL Background Thread 3 ] DEBUG Engine               - isBrowser: false
18:00:21.540 [FXGL Background Thread 3 ] DEBUG Engine               - isClickFeedbackEnabled: false
18:00:21.540 [FXGL Background Thread 3 ] DEBUG Engine               - isCloseConfirmation: false
18:00:21.540 [FXGL Background Thread 3 ] DEBUG Engine               - isDesktop: true
18:00:21.540 [FXGL Background Thread 3 ] DEBUG Engine               - isDeveloperMenuEnabled: false
18:00:21.540 [FXGL Background Thread 3 ] DEBUG Engine               - isEmbedded: false
18:00:21.540 [FXGL Background Thread 3 ] DEBUG Engine               - isEntityPreloadEnabled: true
18:00:21.540 [FXGL Background Thread 3 ] DEBUG Engine               - isExperimentalTiledLargeMap: false
18:00:21.540 [FXGL Background Thread 3 ] DEBUG Engine               - isFileSystemWriteAllowed: true
18:00:21.540 [FXGL Background Thread 3 ] DEBUG Engine               - isFullScreenAllowed: true
18:00:21.540 [FXGL Background Thread 3 ] DEBUG Engine               - isFullScreenFromStart: true
18:00:21.540 [FXGL Background Thread 3 ] DEBUG Engine               - isGameMenuEnabled: true
18:00:21.540 [FXGL Background Thread 3 ] DEBUG Engine               - isIOS: false
18:00:21.540 [FXGL Background Thread 3 ] DEBUG Engine               - isIntroEnabled: false
18:00:21.540 [FXGL Background Thread 3 ] DEBUG Engine               - isLinux: false
18:00:21.540 [FXGL Background Thread 3 ] DEBUG Engine               - isMac: false
18:00:21.540 [FXGL Background Thread 3 ] DEBUG Engine               - isMainMenuEnabled: false
18:00:21.540 [FXGL Background Thread 3 ] DEBUG Engine               - isManualResizeEnabled: false
18:00:21.540 [FXGL Background Thread 3 ] DEBUG Engine               - isMobile: false
18:00:21.540 [FXGL Background Thread 3 ] DEBUG Engine               - isNative: false
18:00:21.540 [FXGL Background Thread 3 ] DEBUG Engine               - isPauseMusicWhenMinimized: true
18:00:21.540 [FXGL Background Thread 3 ] DEBUG Engine               - isPreserveResizeRatio: false
18:00:21.540 [FXGL Background Thread 3 ] DEBUG Engine               - isProfilingEnabled: false
18:00:21.540 [FXGL Background Thread 3 ] DEBUG Engine               - isScaleAffectedOnResize: true
18:00:21.540 [FXGL Background Thread 3 ] DEBUG Engine               - isSingleStep: false
18:00:21.540 [FXGL Background Thread 3 ] DEBUG Engine               - isUserProfileEnabled: false
18:00:21.540 [FXGL Background Thread 3 ] DEBUG Engine               - isWindows: true
18:00:21.540 [FXGL Background Thread 3 ] DEBUG Engine               - language: ObjectProperty [value: ENGLISH]
18:00:21.540 [FXGL Background Thread 3 ] DEBUG Engine               - menuKey: ESCAPE
18:00:21.540 [FXGL Background Thread 3 ] DEBUG Engine               - mouseSensitivity: 0.2
18:00:21.540 [FXGL Background Thread 3 ] DEBUG Engine               - notificationViewClass: class com.almasb.fxgl.notification.view.XboxNotificationView
18:00:21.540 [FXGL Background Thread 3 ] DEBUG Engine               - pixelsPerMeter: 50.0
18:00:21.540 [FXGL Background Thread 3 ] DEBUG Engine               - platform: WINDOWS
18:00:21.540 [FXGL Background Thread 3 ] DEBUG Engine               - prefHeightProperty: ReadOnlyDoubleProperty [value: 720.0]
18:00:21.540 [FXGL Background Thread 3 ] DEBUG Engine               - prefWidthProperty: ReadOnlyDoubleProperty [value: 1280.0]
18:00:21.540 [FXGL Background Thread 3 ] DEBUG Engine               - profileDir: profiles/
18:00:21.540 [FXGL Background Thread 3 ] DEBUG Engine               - profileName: StringProperty [value: DEFAULT]
18:00:21.540 [FXGL Background Thread 3 ] DEBUG Engine               - randomSeed: -1
18:00:21.541 [FXGL Background Thread 3 ] DEBUG Engine               - runtimeInfo: RuntimeInfo(platform=WINDOWS, version=17, build=31.12.2021 18.16)
18:00:21.541 [FXGL Background Thread 3 ] DEBUG Engine               - saveFileExt: sav
18:00:21.541 [FXGL Background Thread 3 ] DEBUG Engine               - scaledHeightProp$fxgl: DoubleProperty [bound, value: 864.0]
18:00:21.541 [FXGL Background Thread 3 ] DEBUG Engine               - scaledWidthProp$fxgl: DoubleProperty [bound, value: 1536.0]
18:00:21.541 [FXGL Background Thread 3 ] DEBUG Engine               - sceneFactory: com.almasb.fxgl.app.scene.SceneFactory@82244b7
18:00:21.541 [FXGL Background Thread 3 ] DEBUG Engine               - secondsIn24h: 60
18:00:21.541 [FXGL Background Thread 3 ] DEBUG Engine               - soundMenuBack: menu/back.wav
18:00:21.541 [FXGL Background Thread 3 ] DEBUG Engine               - soundMenuPress: menu/press.wav
18:00:21.541 [FXGL Background Thread 3 ] DEBUG Engine               - soundMenuSelect: menu/select.wav
18:00:21.541 [FXGL Background Thread 3 ] DEBUG Engine               - soundNotification: core/notification.wav
18:00:21.541 [FXGL Background Thread 3 ] DEBUG Engine               - stageStyle: DECORATED
18:00:21.541 [FXGL Background Thread 3 ] DEBUG Engine               - supportedLanguages: [ENGLISH, FRENCH, GERMAN, HUNGARIAN, RUSSIAN]
18:00:21.541 [FXGL Background Thread 3 ] DEBUG Engine               - ticksPerSecond: -1
18:00:21.541 [FXGL Background Thread 3 ] DEBUG Engine               - title: DiB
18:00:21.541 [FXGL Background Thread 3 ] DEBUG Engine               - urlGithub: https://github.com/AlmasB/FXGL
18:00:21.541 [FXGL Background Thread 3 ] DEBUG Engine               - urlLeaderboard: http://fxgl-top.herokuapp.com/
18:00:21.541 [FXGL Background Thread 3 ] DEBUG Engine               - urlPOM: https://raw.githubusercontent.com/AlmasB/FXGL/release/README.md
18:00:21.541 [FXGL Background Thread 3 ] DEBUG Engine               - userAppClass: class ru.nsu.fit.dib.projectdib.App
18:00:21.541 [FXGL Background Thread 3 ] DEBUG Engine               - version: 0.0
18:00:21.541 [FXGL Background Thread 3 ] DEBUG Engine               - versionCheckDays: 7
18:00:21.541 [FXGL Background Thread 3 ] DEBUG Engine               - width: 1280
18:00:21.541 [FXGL Background Thread 3 ] DEBUG Engine               - Logging services
18:00:21.541 [FXGL Background Thread 3 ] DEBUG Engine               - class com.almasb.fxgl.app.services.FXGLAssetLoaderService
18:00:21.541 [FXGL Background Thread 3 ] DEBUG Engine               - class com.almasb.fxgl.app.FXGLApplication$GameApplicationService
18:00:21.541 [FXGL Background Thread 3 ] DEBUG Engine               - class com.almasb.fxgl.app.services.FXGLDialogService
18:00:21.541 [FXGL Background Thread 3 ] DEBUG Engine               - class com.almasb.fxgl.app.services.IOTaskExecutorService
18:00:21.541 [FXGL Background Thread 3 ] DEBUG Engine               - class com.almasb.fxgl.io.FileSystemService
18:00:21.541 [FXGL Background Thread 3 ] DEBUG Engine               - class com.almasb.fxgl.localization.LocalizationService
18:00:21.541 [FXGL Background Thread 3 ] DEBUG Engine               - class com.almasb.fxgl.app.services.SystemBundleService
18:00:21.541 [FXGL Background Thread 3 ] DEBUG Engine               - class com.almasb.fxgl.profile.SaveLoadService
18:00:21.541 [FXGL Background Thread 3 ] DEBUG Engine               - class com.almasb.fxgl.ui.FXGLUIFactoryServiceProvider
18:00:21.541 [FXGL Background Thread 3 ] DEBUG Engine               - class com.almasb.fxgl.ui.FXGLDialogFactoryServiceProvider
18:00:21.541 [FXGL Background Thread 3 ] DEBUG Engine               - class com.almasb.fxgl.audio.AudioPlayer
18:00:21.541 [FXGL Background Thread 3 ] DEBUG Engine               - class com.almasb.fxgl.notification.impl.NotificationServiceProvider
18:00:21.541 [FXGL Background Thread 3 ] DEBUG Engine               - class com.almasb.fxgl.achievement.AchievementService
18:00:21.541 [FXGL Background Thread 3 ] DEBUG Engine               - class com.almasb.fxgl.cutscene.CutsceneService
18:00:21.541 [FXGL Background Thread 3 ] DEBUG Engine               - class com.almasb.fxgl.minigames.MiniGameService
18:00:21.542 [FXGL Background Thread 3 ] DEBUG Engine               - class com.almasb.fxgl.net.NetService
18:00:21.542 [FXGL Background Thread 3 ] DEBUG Engine               - class com.almasb.fxgl.app.services.UpdaterService
18:00:21.542 [FXGL Background Thread 3 ] DEBUG Engine               - class com.almasb.fxgl.dev.DevService
18:00:22.476 [JavaFX Application Thread] DEBUG PrimaryStageWindow   - Push state: FXGLDefaultMenu
18:00:22.479 [JavaFX Application Thread] DEBUG Input                - Clearing active input actions
18:00:22.483 [JavaFX Application Thread] DEBUG GameApplicationServi - Removing overlay from GameScene and adding to FXGLDefaultMenu
18:00:22.483 [JavaFX Application Thread] DEBUG PrimaryStageWindow   - GameScene -> FXGLDefaultMenu
18:00:24.532 [JavaFX Application Thread] DEBUG PrimaryStageWindow   - Pop state: FXGLDefaultMenu
18:00:24.532 [JavaFX Application Thread] DEBUG Input                - Clearing active input actions
18:00:24.533 [JavaFX Application Thread] DEBUG GameApplicationServi - Removing overlay from FXGLDefaultMenu and adding to GameScene
18:00:24.533 [JavaFX Application Thread] DEBUG PrimaryStageWindow   - GameScene <- FXGLDefaultMenu
18:00:25.045 [JavaFX Application Thread] DEBUG PrimaryStageWindow   - Push state: FXGLDefaultMenu
18:00:25.045 [JavaFX Application Thread] DEBUG Input                - Clearing active input actions
18:00:25.047 [JavaFX Application Thread] DEBUG GameApplicationServi - Removing overlay from GameScene and adding to FXGLDefaultMenu
18:00:25.047 [JavaFX Application Thread] DEBUG PrimaryStageWindow   - GameScene -> FXGLDefaultMenu
18:00:25.715 [JavaFX Application Thread] DEBUG PrimaryStageWindow   - Pop state: FXGLDefaultMenu
18:00:25.715 [JavaFX Application Thread] DEBUG Input                - Clearing active input actions
18:00:25.715 [JavaFX Application Thread] DEBUG GameApplicationServi - Removing overlay from FXGLDefaultMenu and adding to GameScene
18:00:25.715 [JavaFX Application Thread] DEBUG PrimaryStageWindow   - GameScene <- FXGLDefaultMenu
18:00:26.156 [JavaFX Application Thread] DEBUG PrimaryStageWindow   - Push state: FXGLDefaultMenu
18:00:26.156 [JavaFX Application Thread] DEBUG Input                - Clearing active input actions
18:00:26.157 [JavaFX Application Thread] DEBUG GameApplicationServi - Removing overlay from GameScene and adding to FXGLDefaultMenu
18:00:26.157 [JavaFX Application Thread] DEBUG PrimaryStageWindow   - GameScene -> FXGLDefaultMenu
18:00:35.988 [JavaFX Application Thread] DEBUG FXGLApplication      - Exiting FXGL
18:00:35.988 [JavaFX Application Thread] DEBUG LoopRunner           - Stopping loop
18:00:35.988 [JavaFX Application Thread] DEBUG SystemBundleService  - Saving FXGL system data
18:00:35.996 [JavaFX Application Thread] DEBUG FileSystemAccess     - Writing to: F:\DeadInByte\system\fxgl.bundle
18:00:35.998 [JavaFX Application Thread] DEBUG Async                - Shutting down background threads
18:00:35.998 [JavaFX Application Thread] DEBUG PrimaryStageWindow   - Closing main window
18:00:36.008 [JavaFX Application Thread] DEBUG Logger               - Closing Logger
