23:15:59.128 [main                     ] DEBUG Logger               - Configured Logger
23:15:59.155 [main                     ] DEBUG GameApplication      - Logging settings
Title: DiB
Version: 0.0
Width: 800
Height: 600
Fullscreen: false
Intro: false
Profiling: false
Single step:false
App Mode: DEVELOPER
Menu Key: ESCAPE
Stage Style: DECORATED
Scene Factory: class com.almasb.fxgl.app.scene.SceneFactory

23:15:59.425 [JavaFX Application Thread] DEBUG FXGLApplication      - Initializing FXGL
23:15:59.429 [JavaFX Application Thread] INFO  Engine               - FXGL-17 (31.12.2021 18.16) on WINDOWS (J:17.0.4 FX:17.0.1)
23:15:59.430 [JavaFX Application Thread] DEBUG Engine               - JRE Vendor Name: Eclipse Adoptium
23:15:59.430 [JavaFX Application Thread] DEBUG Engine               - Running on OS: Windows 11 version 10.0
23:15:59.430 [JavaFX Application Thread] DEBUG Engine               - Architecture: amd64
23:15:59.430 [JavaFX Application Thread] INFO  Engine               - Source code and latest versions at: https://github.com/AlmasB/FXGL
23:15:59.430 [JavaFX Application Thread] INFO  Engine               -       Ask questions and discuss at: https://github.com/AlmasB/FXGL/discussions
23:15:59.431 [JavaFX Application Thread] INFO  Engine               -              Join the FXGL chat at: https://gitter.im/AlmasB/FXGL
23:15:59.495 [JavaFX Application Thread] DEBUG PrimaryStageWindow   - Creating a JavaFX scene
23:15:59.529 [JavaFX Application Thread] DEBUG PrimaryStageWindow   - Target settings size: 800.0 x 600.0
23:15:59.529 [JavaFX Application Thread] DEBUG PrimaryStageWindow   - Scaled scene size:    800.0 x 600.0
23:15:59.529 [JavaFX Application Thread] DEBUG PrimaryStageWindow   - Scaled ratio: (1.0, 1.0)
23:15:59.531 [JavaFX Application Thread] DEBUG PrimaryStageWindow   - Set initial scene to FXGLStartupScene
23:15:59.536 [JavaFX Application Thread] DEBUG PrimaryStageWindow   - Opening main window
23:15:59.593 [JavaFX Application Thread] DEBUG PrimaryStageWindow   - Window border size: (14.4000244140625, 37.5999755859375)
23:15:59.593 [JavaFX Application Thread] DEBUG PrimaryStageWindow   - Scaled size: 800.0 x 600.0
23:15:59.594 [JavaFX Application Thread] DEBUG PrimaryStageWindow   - Scaled ratio: (1.0, 1.0)
23:15:59.594 [JavaFX Application Thread] DEBUG PrimaryStageWindow   - Scene size: 800.0 x 600.0
23:15:59.594 [JavaFX Application Thread] DEBUG PrimaryStageWindow   - Stage size: 814.4000244140625 x 637.5999755859375
23:15:59.600 [FXGL Background Thread 1 ] DEBUG Engine               - Initializing environment variables
23:15:59.628 [FXGL Background Thread 1 ] DEBUG FXGLAssetLoaderServi - User app class for loading assets: class ru.nsu.fit.dib.projectdib.Main
23:15:59.628 [FXGL Background Thread 1 ] DEBUG GameApplicationServi - Applying CSS: fxgl_dark.css
23:15:59.630 [FXGL Background Thread 1 ] DEBUG FXGLAssetLoaderServi - Loading from file system: jar:file:///C:/Users/coffe/.m2/repository/com/github/almasb/fxgl/17/fxgl-17.jar!/fxglassets/ui/css/fxgl_dark.css
23:15:59.673 [FXGL Background Thread 1 ] DEBUG GameApplicationServi - Initializing application scenes
23:15:59.705 [FXGL Background Thread 1 ] DEBUG GameWorld            - Game world initialized
23:15:59.757 [FXGL Background Thread 1 ] DEBUG PhysicsWorld         - Physics world initialized: appHeight=600, physics.ppm=50,0
23:15:59.758 [FXGL Background Thread 1 ] DEBUG PhysicsWorld         - Using strategy: BRUTE_FORCE
23:15:59.762 [FXGL Background Thread 1 ] DEBUG GameScene            - Game scene initialized: 800x600
23:15:59.774 [FXGL Background Thread 1 ] DEBUG FXGL.DefaultMenu     - createMenuBodyGameMenu()
23:15:59.788 [FXGL Background Thread 1 ] DEBUG FXGL.DefaultMenu     - createOptionsMenu()
23:15:59.797 [FXGL Background Thread 1 ] DEBUG FXGLAssetLoaderServi - Loading from file system: jar:file:///C:/Users/coffe/.m2/repository/com/github/almasb/fxgl/17/fxgl-17.jar!/fxglassets/textures/particles/smoke.png
23:15:59.867 [FXGL Background Thread 1 ] DEBUG FXGLAssetLoaderServi - Loading from file system: jar:file:///C:/Users/coffe/.m2/repository/com/github/almasb/fxgl/17/fxgl-17.jar!/fxglassets/textures/particles/trace_horizontal.png
23:15:59.900 [FXGL Background Thread 1 ] DEBUG GameApplicationServi - Application scenes initialized
23:15:59.914 [FXGL Background Thread 1 ] DEBUG SystemBundleService  - Loading FXGL system data
23:15:59.919 [FXGL Background Thread 1 ] DEBUG FileSystemAccess     - Reading from: F:\DeadInByte\system\fxgl.bundle
23:15:59.928 [FXGL Background Thread 1 ] DEBUG SystemBundleService  - Bundle FXGL: {}
23:15:59.928 [FXGL Background Thread 1 ] DEBUG UpdaterService       - Checking for updates
23:15:59.932 [FXGL Background Thread 4 ] DEBUG FXGLApplication      - Loading fonts
23:15:59.932 [FXGL Background Thread 1 ] DEBUG FXGLApplication      - Loading default localization
23:15:59.932 [FXGL Background Thread 4 ] DEBUG FXGLAssetLoaderServi - Loading from file system: jar:file:///C:/Users/coffe/.m2/repository/com/github/almasb/fxgl/17/fxgl-17.jar!/fxglassets/ui/fonts/VarelaRound-Regular.ttf
23:15:59.932 [FXGL Background Thread 1 ] DEBUG FXGLAssetLoaderServi - Loading from file system: jar:file:///C:/Users/coffe/.m2/repository/com/github/almasb/fxgl/17/fxgl-17.jar!/fxglassets/languages/english.lang
23:15:59.948 [FXGL Background Thread 1 ] INFO  FXGLApplication      - FXGL initialization took: 0,347 sec
23:15:59.958 [JavaFX Application Thread] DEBUG Input                - Registered new binding: action0 - W
23:15:59.959 [JavaFX Application Thread] DEBUG Input                - Registered new binding: action1 - S
23:15:59.959 [JavaFX Application Thread] DEBUG Input                - Registered new binding: action2 - A
23:15:59.959 [JavaFX Application Thread] DEBUG Input                - Registered new binding: action3 - D
23:15:59.959 [JavaFX Application Thread] DEBUG FXGLAssetLoaderServi - Loading from file system: jar:file:///C:/Users/coffe/.m2/repository/com/github/almasb/fxgl/17/fxgl-17.jar!/fxglassets/textures/fxgl_icon.png
23:15:59.982 [JavaFX Application Thread] DEBUG FXGLAssetLoaderServi - Loading from file system: jar:file:///C:/Users/coffe/.m2/repository/com/github/almasb/fxgl/17/fxgl-17.jar!/fxglassets/textures/fxgl_default_cursor.png
23:15:59.984 [JavaFX Application Thread] DEBUG Input                - Registered new binding: Screenshot - CTRL+8
23:15:59.985 [JavaFX Application Thread] DEBUG Input                - Registered new binding: System info dump - CTRL+9
23:15:59.985 [JavaFX Application Thread] DEBUG Input                - Registered new binding: Restart - CTRL+R
23:15:59.986 [JavaFX Application Thread] DEBUG Input                - Registered new binding: Toggle Debug Camera - CTRL+7
23:15:59.988 [JavaFX Application Thread] DEBUG LoopRunner           - Starting loop
23:15:59.988 [JavaFX Application Thread] DEBUG LoopRunner           - Initializing JavaFX AnimationTimerLoop
23:15:59.990 [JavaFX Application Thread] DEBUG GameApplicationServi - Starting new game
23:15:59.990 [FXGL Background Thread 4 ] DEBUG FXGLAssetLoaderServi - Loading from file system: jar:file:///C:/Users/coffe/.m2/repository/com/github/almasb/fxgl/17/fxgl-17.jar!/fxglassets/ui/fonts/Abel-Regular.ttf
23:15:59.990 [JavaFX Application Thread] DEBUG Input                - Clearing active input actions
23:15:59.995 [FXGL Background Thread 4 ] DEBUG FXGLAssetLoaderServi - Loading from file system: jar:file:///C:/Users/coffe/.m2/repository/com/github/almasb/fxgl/17/fxgl-17.jar!/fxglassets/ui/fonts/TerminalLandMono-Regular.otf
23:16:00.000 [FXGL Background Thread 4 ] DEBUG FXGLAssetLoaderServi - Loading from file system: jar:file:///C:/Users/coffe/.m2/repository/com/github/almasb/fxgl/17/fxgl-17.jar!/fxglassets/ui/fonts/Courier-Prime.ttf
23:16:00.003 [JavaFX Application Thread] DEBUG GameApplicationServi - Removing overlay from FXGLStartupScene and adding to FXGLLoadingScene
23:16:00.004 [JavaFX Application Thread] DEBUG PrimaryStageWindow   - FXGLStartupScene -> FXGLLoadingScene
23:16:00.004 [JavaFX Application Thread] DEBUG GameApplicationServi - Clearing previous game
23:16:00.004 [JavaFX Application Thread] DEBUG GameScene            - Clearing game scene
23:16:00.004 [JavaFX Application Thread] DEBUG GameWorld            - Clearing game world
23:16:00.004 [JavaFX Application Thread] DEBUG PhysicsWorld         - Clearing physics world
23:16:00.009 [FXGL Background Thread 1 ] DEBUG FXGLApplication      - Initializing game
23:16:00.019 [FXGL Background Thread 1 ] WARN  FXGLAssetLoaderServi - Asset "/assets/levels/F:\DeadInByte\src\main\resources\ru\nsu\fit\dib\projectdib\assets\levels\exlevel.tmx" was not found!
23:16:00.042 [JavaFX Application Thread] DEBUG FXGLApplication      - Registering font factories with UI factory
23:16:00.044 [JavaFX Application Thread] DEBUG LoopRunner           - Stopping loop
23:16:00.047 [JavaFX Application Thread] FATAL FXGLApplication      - Uncaught Exception:
java.lang.RuntimeException: Initialization failed
	at com.almasb.fxgl.all@17/com.almasb.fxgl.app.FXGLApplication$InitAppTask.failed(FXGLApplication.kt:343)
	at javafx.graphics/javafx.concurrent.Task.setState(Task.java:710)
	at javafx.graphics/javafx.concurrent.Task$TaskCallable.lambda$call$2(Task.java:1456)
	at javafx.graphics/com.sun.javafx.application.PlatformImpl.lambda$runLater$10(PlatformImpl.java:457)
	at java.base/java.security.AccessController.doPrivileged(AccessController.java:399)
	at javafx.graphics/com.sun.javafx.application.PlatformImpl.lambda$runLater$11(PlatformImpl.java:456)
	at javafx.graphics/com.sun.glass.ui.InvokeLaterDispatcher$Future.run(InvokeLaterDispatcher.java:96)
	at javafx.graphics/com.sun.glass.ui.win.WinApplication._runLoop(Native Method)
	at javafx.graphics/com.sun.glass.ui.win.WinApplication.lambda$runLoop$3(WinApplication.java:184)
	at java.base/java.lang.Thread.run(Thread.java:833)
Caused by: java.lang.IllegalArgumentException: Loading level failed. Asset not found: F:\DeadInByte\src\main\resources\ru\nsu\fit\dib\projectdib\assets\levels\exlevel.tmx
	at com.almasb.fxgl.all@17/com.almasb.fxgl.app.services.FXGLAssetLoaderService.loadLevel(FXGLAssetLoaderService.kt:443)
	at com.almasb.fxgl.all@17/com.almasb.fxgl.dsl.FXGL$Companion.setLevelFromMap(FXGL.kt:530)
	at com.almasb.fxgl.all@17/com.almasb.fxgl.dsl.FXGL.setLevelFromMap(FXGL.kt)
	at ru.nsu.fit.dib.projectdib/ru.nsu.fit.dib.projectdib.Main.initGame(Main.java:40)
	at com.almasb.fxgl.all@17/com.almasb.fxgl.app.FXGLApplication$InitAppTask.initGame(FXGLApplication.kt:339)
	at com.almasb.fxgl.all@17/com.almasb.fxgl.app.FXGLApplication$InitAppTask.call(FXGLApplication.kt:319)
	at com.almasb.fxgl.all@17/com.almasb.fxgl.app.FXGLApplication$InitAppTask.call(FXGLApplication.kt:311)
	at javafx.graphics/javafx.concurrent.Task$TaskCallable.call(Task.java:1426)
	at java.base/java.util.concurrent.FutureTask.run(FutureTask.java:264)
	at java.base/java.util.concurrent.Executors$RunnableAdapter.call(Executors.java:539)
	at java.base/java.util.concurrent.FutureTask.run(FutureTask.java:264)
	at java.base/java.util.concurrent.ThreadPoolExecutor.runWorker(ThreadPoolExecutor.java:1136)
	at java.base/java.util.concurrent.ThreadPoolExecutor$Worker.run(ThreadPoolExecutor.java:635)
	... 1 more

23:16:00.047 [JavaFX Application Thread] FATAL FXGLApplication      - Application will now exit
23:16:00.144 [JavaFX Application Thread] DEBUG PrimaryStageWindow   - Push state: ErrorSubScene
23:16:00.144 [JavaFX Application Thread] DEBUG Input                - Clearing active input actions
23:16:00.150 [JavaFX Application Thread] DEBUG GameApplicationServi - Removing overlay from FXGLLoadingScene and adding to ErrorSubScene
23:16:00.151 [JavaFX Application Thread] DEBUG PrimaryStageWindow   - FXGLLoadingScene -> ErrorSubScene
23:16:01.657 [FXGL Background Thread 2 ] INFO  UpdaterService       - Your current version:  17
23:16:01.657 [FXGL Background Thread 2 ] INFO  UpdaterService       - Latest stable version: 17.2
23:16:02.932 [FXGL Background Thread 3 ] DEBUG Engine               - Logging environment variables
23:16:02.932 [FXGL Background Thread 3 ] DEBUG Engine               - achievements: []
23:16:02.932 [FXGL Background Thread 3 ] DEBUG Engine               - actualHeight: 600.0
23:16:02.932 [FXGL Background Thread 3 ] DEBUG Engine               - actualHeightProperty: ReadOnlyDoubleProperty [value: 600.0]
23:16:02.933 [FXGL Background Thread 3 ] DEBUG Engine               - actualWidth: 800.0
23:16:02.933 [FXGL Background Thread 3 ] DEBUG Engine               - actualWidthProperty: ReadOnlyDoubleProperty [value: 800.0]
23:16:02.933 [FXGL Background Thread 3 ] DEBUG Engine               - appIcon: fxgl_icon.png
23:16:02.933 [FXGL Background Thread 3 ] DEBUG Engine               - applicationMode: DEVELOPER
23:16:02.933 [FXGL Background Thread 3 ] DEBUG Engine               - cSSList: [fxgl_dark.css]
23:16:02.933 [FXGL Background Thread 3 ] DEBUG Engine               - collisionDetectionStrategy: BRUTE_FORCE
23:16:02.933 [FXGL Background Thread 3 ] DEBUG Engine               - configClass: Optional.empty
23:16:02.933 [FXGL Background Thread 3 ] DEBUG Engine               - credits: []
23:16:02.933 [FXGL Background Thread 3 ] DEBUG Engine               - defaultCursor: CursorInfo(imageName=fxgl_default_cursor.png, hotspotX=7.0, hotspotY=6.0)
23:16:02.933 [FXGL Background Thread 3 ] DEBUG Engine               - devBBoxColorProperty: ObjectProperty [value: 0xff0000ff]
23:16:02.934 [FXGL Background Thread 3 ] DEBUG Engine               - devEnableDebugCameraProperty: BooleanProperty [value: false]
23:16:02.934 [FXGL Background Thread 3 ] DEBUG Engine               - devSensorColorProperty: ObjectProperty [value: 0xffff00ff]
23:16:02.934 [FXGL Background Thread 3 ] DEBUG Engine               - devShowBBoxProperty: BooleanProperty [value: false]
23:16:02.934 [FXGL Background Thread 3 ] DEBUG Engine               - devShowPositionProperty: BooleanProperty [value: false]
23:16:02.934 [FXGL Background Thread 3 ] DEBUG Engine               - enabledMenuItems: []
23:16:02.934 [FXGL Background Thread 3 ] DEBUG Engine               - engineServices: [class com.almasb.fxgl.app.services.FXGLAssetLoaderService, class com.almasb.fxgl.app.FXGLApplication$GameApplicationService, class com.almasb.fxgl.app.services.FXGLDialogService, class com.almasb.fxgl.app.services.IOTaskExecutorService, class com.almasb.fxgl.io.FileSystemService, class com.almasb.fxgl.localization.LocalizationService, class com.almasb.fxgl.app.services.SystemBundleService, class com.almasb.fxgl.profile.SaveLoadService, class com.almasb.fxgl.ui.FXGLUIFactoryServiceProvider, class com.almasb.fxgl.ui.FXGLDialogFactoryServiceProvider, class com.almasb.fxgl.audio.AudioPlayer, class com.almasb.fxgl.notification.impl.NotificationServiceProvider, class com.almasb.fxgl.achievement.AchievementService, class com.almasb.fxgl.cutscene.CutsceneService, class com.almasb.fxgl.minigames.MiniGameService, class com.almasb.fxgl.net.NetService, class com.almasb.fxgl.app.services.UpdaterService, class com.almasb.fxgl.dev.DevService]
23:16:02.934 [FXGL Background Thread 3 ] DEBUG Engine               - fontGame: Abel-Regular.ttf
23:16:02.934 [FXGL Background Thread 3 ] DEBUG Engine               - fontMono: TerminalLandMono-Regular.otf
23:16:02.934 [FXGL Background Thread 3 ] DEBUG Engine               - fontText: Courier-Prime.ttf
23:16:02.934 [FXGL Background Thread 3 ] DEBUG Engine               - fontUI: VarelaRound-Regular.ttf
23:16:02.934 [FXGL Background Thread 3 ] DEBUG Engine               - fullScreen: BooleanProperty [value: false]
23:16:02.934 [FXGL Background Thread 3 ] DEBUG Engine               - gameDifficulty: MEDIUM
23:16:02.934 [FXGL Background Thread 3 ] DEBUG Engine               - gameDifficultyProperty: ObjectProperty [value: MEDIUM]
23:16:02.934 [FXGL Background Thread 3 ] DEBUG Engine               - globalMusicVolume: 0.5
23:16:02.934 [FXGL Background Thread 3 ] DEBUG Engine               - globalMusicVolumeProperty: DoubleProperty [value: 0.5]
23:16:02.934 [FXGL Background Thread 3 ] DEBUG Engine               - globalSoundVolume: 0.5
23:16:02.935 [FXGL Background Thread 3 ] DEBUG Engine               - globalSoundVolumeProperty: DoubleProperty [value: 0.5]
23:16:02.935 [FXGL Background Thread 3 ] DEBUG Engine               - height: 600
23:16:02.935 [FXGL Background Thread 3 ] DEBUG Engine               - is3D: false
23:16:02.935 [FXGL Background Thread 3 ] DEBUG Engine               - isAndroid: false
23:16:02.935 [FXGL Background Thread 3 ] DEBUG Engine               - isBrowser: false
23:16:02.935 [FXGL Background Thread 3 ] DEBUG Engine               - isClickFeedbackEnabled: false
23:16:02.935 [FXGL Background Thread 3 ] DEBUG Engine               - isCloseConfirmation: false
23:16:02.935 [FXGL Background Thread 3 ] DEBUG Engine               - isDesktop: true
23:16:02.935 [FXGL Background Thread 3 ] DEBUG Engine               - isDeveloperMenuEnabled: false
23:16:02.935 [FXGL Background Thread 3 ] DEBUG Engine               - isEmbedded: false
23:16:02.935 [FXGL Background Thread 3 ] DEBUG Engine               - isEntityPreloadEnabled: true
23:16:02.935 [FXGL Background Thread 3 ] DEBUG Engine               - isExperimentalTiledLargeMap: false
23:16:02.935 [FXGL Background Thread 3 ] DEBUG Engine               - isFileSystemWriteAllowed: true
23:16:02.935 [FXGL Background Thread 3 ] DEBUG Engine               - isFullScreenAllowed: false
23:16:02.935 [FXGL Background Thread 3 ] DEBUG Engine               - isFullScreenFromStart: false
23:16:02.935 [FXGL Background Thread 3 ] DEBUG Engine               - isGameMenuEnabled: true
23:16:02.935 [FXGL Background Thread 3 ] DEBUG Engine               - isIOS: false
23:16:02.935 [FXGL Background Thread 3 ] DEBUG Engine               - isIntroEnabled: false
23:16:02.935 [FXGL Background Thread 3 ] DEBUG Engine               - isLinux: false
23:16:02.935 [FXGL Background Thread 3 ] DEBUG Engine               - isMac: false
23:16:02.935 [FXGL Background Thread 3 ] DEBUG Engine               - isMainMenuEnabled: false
23:16:02.935 [FXGL Background Thread 3 ] DEBUG Engine               - isManualResizeEnabled: false
23:16:02.935 [FXGL Background Thread 3 ] DEBUG Engine               - isMobile: false
23:16:02.935 [FXGL Background Thread 3 ] DEBUG Engine               - isNative: false
23:16:02.936 [FXGL Background Thread 3 ] DEBUG Engine               - isPauseMusicWhenMinimized: true
23:16:02.936 [FXGL Background Thread 3 ] DEBUG Engine               - isPreserveResizeRatio: false
23:16:02.936 [FXGL Background Thread 3 ] DEBUG Engine               - isProfilingEnabled: false
23:16:02.936 [FXGL Background Thread 3 ] DEBUG Engine               - isScaleAffectedOnResize: true
23:16:02.936 [FXGL Background Thread 3 ] DEBUG Engine               - isSingleStep: false
23:16:02.936 [FXGL Background Thread 3 ] DEBUG Engine               - isUserProfileEnabled: false
23:16:02.936 [FXGL Background Thread 3 ] DEBUG Engine               - isWindows: true
23:16:02.936 [FXGL Background Thread 3 ] DEBUG Engine               - language: ObjectProperty [value: ENGLISH]
23:16:02.936 [FXGL Background Thread 3 ] DEBUG Engine               - menuKey: ESCAPE
23:16:02.936 [FXGL Background Thread 3 ] DEBUG Engine               - mouseSensitivity: 0.2
23:16:02.936 [FXGL Background Thread 3 ] DEBUG Engine               - notificationViewClass: class com.almasb.fxgl.notification.view.XboxNotificationView
23:16:02.936 [FXGL Background Thread 3 ] DEBUG Engine               - pixelsPerMeter: 50.0
23:16:02.936 [FXGL Background Thread 3 ] DEBUG Engine               - platform: WINDOWS
23:16:02.936 [FXGL Background Thread 3 ] DEBUG Engine               - prefHeightProperty: ReadOnlyDoubleProperty [value: 600.0]
23:16:02.936 [FXGL Background Thread 3 ] DEBUG Engine               - prefWidthProperty: ReadOnlyDoubleProperty [value: 800.0]
23:16:02.936 [FXGL Background Thread 3 ] DEBUG Engine               - profileDir: profiles/
23:16:02.936 [FXGL Background Thread 3 ] DEBUG Engine               - profileName: StringProperty [value: DEFAULT]
23:16:02.936 [FXGL Background Thread 3 ] DEBUG Engine               - randomSeed: -1
23:16:02.936 [FXGL Background Thread 3 ] DEBUG Engine               - runtimeInfo: RuntimeInfo(platform=WINDOWS, version=17, build=31.12.2021 18.16)
23:16:02.937 [FXGL Background Thread 3 ] DEBUG Engine               - saveFileExt: sav
23:16:02.937 [FXGL Background Thread 3 ] DEBUG Engine               - scaledHeightProp$fxgl: DoubleProperty [bound, value: 600.0]
23:16:02.937 [FXGL Background Thread 3 ] DEBUG Engine               - scaledWidthProp$fxgl: DoubleProperty [bound, value: 800.0]
23:16:02.937 [FXGL Background Thread 3 ] DEBUG Engine               - sceneFactory: com.almasb.fxgl.app.scene.SceneFactory@1fca139a
23:16:02.937 [FXGL Background Thread 3 ] DEBUG Engine               - secondsIn24h: 60
23:16:02.937 [FXGL Background Thread 3 ] DEBUG Engine               - soundMenuBack: menu/back.wav
23:16:02.937 [FXGL Background Thread 3 ] DEBUG Engine               - soundMenuPress: menu/press.wav
23:16:02.937 [FXGL Background Thread 3 ] DEBUG Engine               - soundMenuSelect: menu/select.wav
23:16:02.937 [FXGL Background Thread 3 ] DEBUG Engine               - soundNotification: core/notification.wav
23:16:02.937 [FXGL Background Thread 3 ] DEBUG Engine               - stageStyle: DECORATED
23:16:02.937 [FXGL Background Thread 3 ] DEBUG Engine               - supportedLanguages: [ENGLISH, FRENCH, GERMAN, HUNGARIAN, RUSSIAN]
23:16:02.937 [FXGL Background Thread 3 ] DEBUG Engine               - ticksPerSecond: -1
23:16:02.937 [FXGL Background Thread 3 ] DEBUG Engine               - title: DiB
23:16:02.937 [FXGL Background Thread 3 ] DEBUG Engine               - urlGithub: https://github.com/AlmasB/FXGL
23:16:02.937 [FXGL Background Thread 3 ] DEBUG Engine               - urlLeaderboard: http://fxgl-top.herokuapp.com/
23:16:02.937 [FXGL Background Thread 3 ] DEBUG Engine               - urlPOM: https://raw.githubusercontent.com/AlmasB/FXGL/release/README.md
23:16:02.937 [FXGL Background Thread 3 ] DEBUG Engine               - userAppClass: class ru.nsu.fit.dib.projectdib.Main
23:16:02.937 [FXGL Background Thread 3 ] DEBUG Engine               - version: 0.0
23:16:02.937 [FXGL Background Thread 3 ] DEBUG Engine               - versionCheckDays: 7
23:16:02.937 [FXGL Background Thread 3 ] DEBUG Engine               - width: 800
23:16:02.937 [FXGL Background Thread 3 ] DEBUG Engine               - Logging services
23:16:02.937 [FXGL Background Thread 3 ] DEBUG Engine               - class com.almasb.fxgl.app.services.FXGLAssetLoaderService
23:16:02.937 [FXGL Background Thread 3 ] DEBUG Engine               - class com.almasb.fxgl.app.FXGLApplication$GameApplicationService
23:16:02.937 [FXGL Background Thread 3 ] DEBUG Engine               - class com.almasb.fxgl.app.services.FXGLDialogService
23:16:02.937 [FXGL Background Thread 3 ] DEBUG Engine               - class com.almasb.fxgl.app.services.IOTaskExecutorService
23:16:02.937 [FXGL Background Thread 3 ] DEBUG Engine               - class com.almasb.fxgl.io.FileSystemService
23:16:02.937 [FXGL Background Thread 3 ] DEBUG Engine               - class com.almasb.fxgl.localization.LocalizationService
23:16:02.937 [FXGL Background Thread 3 ] DEBUG Engine               - class com.almasb.fxgl.app.services.SystemBundleService
23:16:02.937 [FXGL Background Thread 3 ] DEBUG Engine               - class com.almasb.fxgl.profile.SaveLoadService
23:16:02.937 [FXGL Background Thread 3 ] DEBUG Engine               - class com.almasb.fxgl.ui.FXGLUIFactoryServiceProvider
23:16:02.937 [FXGL Background Thread 3 ] DEBUG Engine               - class com.almasb.fxgl.ui.FXGLDialogFactoryServiceProvider
23:16:02.937 [FXGL Background Thread 3 ] DEBUG Engine               - class com.almasb.fxgl.audio.AudioPlayer
23:16:02.938 [FXGL Background Thread 3 ] DEBUG Engine               - class com.almasb.fxgl.notification.impl.NotificationServiceProvider
23:16:02.938 [FXGL Background Thread 3 ] DEBUG Engine               - class com.almasb.fxgl.achievement.AchievementService
23:16:02.938 [FXGL Background Thread 3 ] DEBUG Engine               - class com.almasb.fxgl.cutscene.CutsceneService
23:16:02.938 [FXGL Background Thread 3 ] DEBUG Engine               - class com.almasb.fxgl.minigames.MiniGameService
23:16:02.938 [FXGL Background Thread 3 ] DEBUG Engine               - class com.almasb.fxgl.net.NetService
23:16:02.938 [FXGL Background Thread 3 ] DEBUG Engine               - class com.almasb.fxgl.app.services.UpdaterService
23:16:02.938 [FXGL Background Thread 3 ] DEBUG Engine               - class com.almasb.fxgl.dev.DevService
23:16:09.223 [JavaFX Application Thread] DEBUG FXGLApplication      - Exiting FXGL
23:16:09.224 [JavaFX Application Thread] DEBUG Async                - Shutting down background threads
23:16:09.224 [JavaFX Application Thread] DEBUG PrimaryStageWindow   - Closing main window
23:16:09.237 [JavaFX Application Thread] DEBUG Logger               - Closing Logger
