20:01:09.813 [main                     ] DEBUG Logger               - Configured Logger
20:01:09.834 [main                     ] DEBUG GameApplication      - Logging settings
Title: DiB
Version: 0.0
Width: 1280
Height: 720
Fullscreen: true
Intro: false
Profiling: false
Single step:false
App Mode: DEVELOPER
Menu Key: ESCAPE
Stage Style: DECORATED
Scene Factory: class com.almasb.fxgl.app.scene.SceneFactory

20:01:10.089 [JavaFX Application Thread] DEBUG FXGLApplication      - Initializing FXGL
20:01:10.093 [JavaFX Application Thread] INFO  Engine               - FXGL-17 (31.12.2021 18.16) on WINDOWS (J:18.0.1.1 FX:17.0.1)
20:01:10.093 [JavaFX Application Thread] DEBUG Engine               - JRE Vendor Name: Oracle Corporation
20:01:10.094 [JavaFX Application Thread] DEBUG Engine               - Running on OS: Windows 11 version 10.0
20:01:10.094 [JavaFX Application Thread] DEBUG Engine               - Architecture: amd64
20:01:10.094 [JavaFX Application Thread] INFO  Engine               - Source code and latest versions at: https://github.com/AlmasB/FXGL
20:01:10.094 [JavaFX Application Thread] INFO  Engine               -       Ask questions and discuss at: https://github.com/AlmasB/FXGL/discussions
20:01:10.094 [JavaFX Application Thread] INFO  Engine               -              Join the FXGL chat at: https://gitter.im/AlmasB/FXGL
20:01:10.157 [JavaFX Application Thread] DEBUG PrimaryStageWindow   - Creating a JavaFX scene
20:01:10.193 [JavaFX Application Thread] DEBUG PrimaryStageWindow   - Target settings size: 1280.0 x 720.0
20:01:10.193 [JavaFX Application Thread] DEBUG PrimaryStageWindow   - Scaled scene size:    1280.0 x 720.0
20:01:10.193 [JavaFX Application Thread] DEBUG PrimaryStageWindow   - Scaled ratio: (1.0, 1.0)
20:01:10.194 [JavaFX Application Thread] DEBUG PrimaryStageWindow   - Set initial scene to FXGLStartupScene
20:01:10.201 [JavaFX Application Thread] DEBUG PrimaryStageWindow   - Opening main window
20:01:10.274 [JavaFX Application Thread] DEBUG PrimaryStageWindow   - Window border size: (14.4000244140625, 37.5999755859375)
20:01:10.274 [JavaFX Application Thread] DEBUG PrimaryStageWindow   - Scaled size: 1280.0 x 720.0
20:01:10.274 [JavaFX Application Thread] DEBUG PrimaryStageWindow   - Scaled ratio: (1.0, 1.0)
20:01:10.275 [JavaFX Application Thread] DEBUG PrimaryStageWindow   - Scene size: 1280.0 x 720.0
20:01:10.275 [JavaFX Application Thread] DEBUG PrimaryStageWindow   - Stage size: 1294.4000244140625 x 757.5999755859375
20:01:10.323 [JavaFX Application Thread] DEBUG PrimaryStageWindow   - Going fullscreen
20:01:10.329 [FXGL Background Thread 1 ] DEBUG Engine               - Initializing environment variables
20:01:10.369 [FXGL Background Thread 1 ] DEBUG FXGLAssetLoaderServi - User app class for loading assets: class ru.nsu.fit.dib.projectdib.App
20:01:10.370 [FXGL Background Thread 1 ] DEBUG GameApplicationServi - Applying CSS: fxgl_dark.css
20:01:10.370 [FXGL Background Thread 1 ] DEBUG FXGLAssetLoaderServi - Loading from file system: jar:file:///C:/Users/coffe/.m2/repository/com/github/almasb/fxgl/17/fxgl-17.jar!/fxglassets/ui/css/fxgl_dark.css
20:01:10.408 [FXGL Background Thread 1 ] DEBUG GameApplicationServi - Initializing application scenes
20:01:10.443 [FXGL Background Thread 1 ] DEBUG GameWorld            - Game world initialized
20:01:10.491 [FXGL Background Thread 1 ] DEBUG PhysicsWorld         - Physics world initialized: appHeight=720, physics.ppm=50,0
20:01:10.491 [FXGL Background Thread 1 ] DEBUG PhysicsWorld         - Using strategy: BRUTE_FORCE
20:01:10.494 [FXGL Background Thread 1 ] DEBUG GameScene            - Game scene initialized: 1280x720
20:01:10.504 [FXGL Background Thread 1 ] DEBUG FXGL.DefaultMenu     - createMenuBodyGameMenu()
20:01:10.515 [FXGL Background Thread 1 ] DEBUG FXGL.DefaultMenu     - createOptionsMenu()
20:01:10.522 [FXGL Background Thread 1 ] DEBUG FXGLAssetLoaderServi - Loading from file system: jar:file:///C:/Users/coffe/.m2/repository/com/github/almasb/fxgl/17/fxgl-17.jar!/fxglassets/textures/particles/smoke.png
20:01:10.586 [FXGL Background Thread 1 ] DEBUG FXGLAssetLoaderServi - Loading from file system: jar:file:///C:/Users/coffe/.m2/repository/com/github/almasb/fxgl/17/fxgl-17.jar!/fxglassets/textures/particles/trace_horizontal.png
20:01:10.614 [FXGL Background Thread 1 ] DEBUG GameApplicationServi - Application scenes initialized
20:01:10.623 [FXGL Background Thread 1 ] DEBUG SystemBundleService  - Loading FXGL system data
20:01:10.626 [FXGL Background Thread 1 ] DEBUG FileSystemAccess     - Reading from: F:\DeadInByte\system\fxgl.bundle
20:01:10.632 [FXGL Background Thread 1 ] DEBUG SystemBundleService  - Bundle FXGL: {}
20:01:10.632 [FXGL Background Thread 1 ] DEBUG UpdaterService       - Checking for updates
20:01:10.635 [FXGL Background Thread 4 ] DEBUG FXGLApplication      - Loading fonts
20:01:10.635 [FXGL Background Thread 1 ] DEBUG FXGLApplication      - Loading default localization
20:01:10.635 [FXGL Background Thread 4 ] DEBUG FXGLAssetLoaderServi - Loading from file system: jar:file:///C:/Users/coffe/.m2/repository/com/github/almasb/fxgl/17/fxgl-17.jar!/fxglassets/ui/fonts/VarelaRound-Regular.ttf
20:01:10.635 [FXGL Background Thread 1 ] DEBUG FXGLAssetLoaderServi - Loading from file system: jar:file:///C:/Users/coffe/.m2/repository/com/github/almasb/fxgl/17/fxgl-17.jar!/fxglassets/languages/english.lang
20:01:10.647 [FXGL Background Thread 1 ] INFO  FXGLApplication      - FXGL initialization took: 0,318 sec
20:01:10.654 [JavaFX Application Thread] DEBUG Input                - Registered new binding: action0 - W
20:01:10.654 [JavaFX Application Thread] DEBUG Input                - Registered new binding: action1 - S
20:01:10.655 [JavaFX Application Thread] DEBUG Input                - Registered new binding: action2 - A
20:01:10.655 [JavaFX Application Thread] DEBUG Input                - Registered new binding: action3 - D
20:01:10.655 [JavaFX Application Thread] DEBUG FXGLAssetLoaderServi - Loading from file system: jar:file:///C:/Users/coffe/.m2/repository/com/github/almasb/fxgl/17/fxgl-17.jar!/fxglassets/textures/fxgl_icon.png
20:01:10.675 [JavaFX Application Thread] DEBUG FXGLAssetLoaderServi - Loading from file system: jar:file:///C:/Users/coffe/.m2/repository/com/github/almasb/fxgl/17/fxgl-17.jar!/fxglassets/textures/fxgl_default_cursor.png
20:01:10.677 [JavaFX Application Thread] DEBUG Input                - Registered new binding: Screenshot - CTRL+8
20:01:10.678 [JavaFX Application Thread] DEBUG Input                - Registered new binding: System info dump - CTRL+9
20:01:10.678 [JavaFX Application Thread] DEBUG Input                - Registered new binding: Restart - CTRL+R
20:01:10.679 [JavaFX Application Thread] DEBUG Input                - Registered new binding: Toggle Debug Camera - CTRL+7
20:01:10.681 [JavaFX Application Thread] DEBUG LoopRunner           - Starting loop
20:01:10.681 [JavaFX Application Thread] DEBUG LoopRunner           - Initializing JavaFX AnimationTimerLoop
20:01:10.682 [JavaFX Application Thread] DEBUG GameApplicationServi - Starting new game
20:01:10.683 [JavaFX Application Thread] DEBUG Input                - Clearing active input actions
20:01:10.684 [FXGL Background Thread 4 ] DEBUG FXGLAssetLoaderServi - Loading from file system: jar:file:///C:/Users/coffe/.m2/repository/com/github/almasb/fxgl/17/fxgl-17.jar!/fxglassets/ui/fonts/Abel-Regular.ttf
20:01:10.688 [FXGL Background Thread 4 ] DEBUG FXGLAssetLoaderServi - Loading from file system: jar:file:///C:/Users/coffe/.m2/repository/com/github/almasb/fxgl/17/fxgl-17.jar!/fxglassets/ui/fonts/TerminalLandMono-Regular.otf
20:01:10.693 [FXGL Background Thread 4 ] DEBUG FXGLAssetLoaderServi - Loading from file system: jar:file:///C:/Users/coffe/.m2/repository/com/github/almasb/fxgl/17/fxgl-17.jar!/fxglassets/ui/fonts/Courier-Prime.ttf
20:01:10.694 [JavaFX Application Thread] DEBUG GameApplicationServi - Removing overlay from FXGLStartupScene and adding to FXGLLoadingScene
20:01:10.695 [JavaFX Application Thread] DEBUG PrimaryStageWindow   - FXGLStartupScene -> FXGLLoadingScene
20:01:10.695 [JavaFX Application Thread] DEBUG GameApplicationServi - Clearing previous game
20:01:10.695 [JavaFX Application Thread] DEBUG GameScene            - Clearing game scene
20:01:10.695 [JavaFX Application Thread] DEBUG GameWorld            - Clearing game world
20:01:10.695 [JavaFX Application Thread] DEBUG PhysicsWorld         - Clearing physics world
20:01:10.697 [FXGL Background Thread 1 ] DEBUG FXGLApplication      - Initializing game
20:01:10.730 [JavaFX Application Thread] DEBUG FXGLApplication      - Registering font factories with UI factory
20:01:10.734 [FXGL Background Thread 1 ] DEBUG TMXLevelLoader       - Parsed TiledMap: file:/F:/DeadInByte/target/classes/assets/levels/tmx/exlevel2.tmx
20:01:10.735 [FXGL Background Thread 1 ] DEBUG TMXLevelLoader       - Creating tile layer entities
20:01:10.736 [FXGL Background Thread 1 ] DEBUG TilesetLoader        - Loading view for layer Слой тайлов 1
20:01:10.737 [FXGL Background Thread 1 ] DEBUG TilesetLoader        - Created buffer with size 256.0x256.0
20:01:10.755 [FXGL Background Thread 1 ] DEBUG TMXLevelLoader       - Creating object layer entities
20:01:10.778 [FXGL Background Thread 1 ] DEBUG GameWorld            - Clearing removable entities
20:01:10.778 [FXGL Background Thread 1 ] DEBUG GameWorld            - Setting level: com.almasb.fxgl.entity.level.Level@327e3e53
20:01:10.784 [FXGL Background Thread 1 ] INFO  FXGLApplication      - Game initialization took: 0,087 sec
20:01:10.787 [JavaFX Application Thread] DEBUG Input                - Clearing active input actions
20:01:10.796 [JavaFX Application Thread] DEBUG GameApplicationServi - Removing overlay from FXGLLoadingScene and adding to GameScene
20:01:10.796 [JavaFX Application Thread] DEBUG PrimaryStageWindow   - FXGLLoadingScene -> GameScene
20:01:11.403 [FXGL Background Thread 2 ] INFO  UpdaterService       - Your current version:  17
20:01:11.403 [FXGL Background Thread 2 ] INFO  UpdaterService       - Latest stable version: 17.2
20:01:12.916 [JavaFX Application Thread] DEBUG PrimaryStageWindow   - Push state: FXGLDefaultMenu
20:01:12.919 [JavaFX Application Thread] DEBUG Input                - Clearing active input actions
20:01:12.922 [JavaFX Application Thread] DEBUG GameApplicationServi - Removing overlay from GameScene and adding to FXGLDefaultMenu
20:01:12.922 [JavaFX Application Thread] DEBUG PrimaryStageWindow   - GameScene -> FXGLDefaultMenu
20:01:13.635 [FXGL Background Thread 3 ] DEBUG Engine               - Logging environment variables
20:01:13.635 [FXGL Background Thread 3 ] DEBUG Engine               - achievements: []
20:01:13.635 [FXGL Background Thread 3 ] DEBUG Engine               - actualHeight: 864.0
20:01:13.635 [FXGL Background Thread 3 ] DEBUG Engine               - actualHeightProperty: ReadOnlyDoubleProperty [value: 864.0]
20:01:13.635 [FXGL Background Thread 3 ] DEBUG Engine               - actualWidth: 1536.0
20:01:13.635 [FXGL Background Thread 3 ] DEBUG Engine               - actualWidthProperty: ReadOnlyDoubleProperty [value: 1536.0]
20:01:13.635 [FXGL Background Thread 3 ] DEBUG Engine               - appIcon: fxgl_icon.png
20:01:13.635 [FXGL Background Thread 3 ] DEBUG Engine               - applicationMode: DEVELOPER
20:01:13.635 [FXGL Background Thread 3 ] DEBUG Engine               - cSSList: [fxgl_dark.css]
20:01:13.635 [FXGL Background Thread 3 ] DEBUG Engine               - collisionDetectionStrategy: BRUTE_FORCE
20:01:13.635 [FXGL Background Thread 3 ] DEBUG Engine               - configClass: Optional.empty
20:01:13.636 [FXGL Background Thread 3 ] DEBUG Engine               - credits: []
20:01:13.636 [FXGL Background Thread 3 ] DEBUG Engine               - defaultCursor: CursorInfo(imageName=fxgl_default_cursor.png, hotspotX=7.0, hotspotY=6.0)
20:01:13.636 [FXGL Background Thread 3 ] DEBUG Engine               - devBBoxColorProperty: ObjectProperty [value: 0xff0000ff]
20:01:13.636 [FXGL Background Thread 3 ] DEBUG Engine               - devEnableDebugCameraProperty: BooleanProperty [value: false]
20:01:13.636 [FXGL Background Thread 3 ] DEBUG Engine               - devSensorColorProperty: ObjectProperty [value: 0xffff00ff]
20:01:13.636 [FXGL Background Thread 3 ] DEBUG Engine               - devShowBBoxProperty: BooleanProperty [value: false]
20:01:13.636 [FXGL Background Thread 3 ] DEBUG Engine               - devShowPositionProperty: BooleanProperty [value: false]
20:01:13.636 [FXGL Background Thread 3 ] DEBUG Engine               - enabledMenuItems: []
20:01:13.636 [FXGL Background Thread 3 ] DEBUG Engine               - engineServices: [class com.almasb.fxgl.app.services.FXGLAssetLoaderService, class com.almasb.fxgl.app.FXGLApplication$GameApplicationService, class com.almasb.fxgl.app.services.FXGLDialogService, class com.almasb.fxgl.app.services.IOTaskExecutorService, class com.almasb.fxgl.io.FileSystemService, class com.almasb.fxgl.localization.LocalizationService, class com.almasb.fxgl.app.services.SystemBundleService, class com.almasb.fxgl.profile.SaveLoadService, class com.almasb.fxgl.ui.FXGLUIFactoryServiceProvider, class com.almasb.fxgl.ui.FXGLDialogFactoryServiceProvider, class com.almasb.fxgl.audio.AudioPlayer, class com.almasb.fxgl.notification.impl.NotificationServiceProvider, class com.almasb.fxgl.achievement.AchievementService, class com.almasb.fxgl.cutscene.CutsceneService, class com.almasb.fxgl.minigames.MiniGameService, class com.almasb.fxgl.net.NetService, class com.almasb.fxgl.app.services.UpdaterService, class com.almasb.fxgl.dev.DevService]
20:01:13.636 [FXGL Background Thread 3 ] DEBUG Engine               - fontGame: Abel-Regular.ttf
20:01:13.636 [FXGL Background Thread 3 ] DEBUG Engine               - fontMono: TerminalLandMono-Regular.otf
20:01:13.636 [FXGL Background Thread 3 ] DEBUG Engine               - fontText: Courier-Prime.ttf
20:01:13.636 [FXGL Background Thread 3 ] DEBUG Engine               - fontUI: VarelaRound-Regular.ttf
20:01:13.636 [FXGL Background Thread 3 ] DEBUG Engine               - fullScreen: BooleanProperty [value: true]
20:01:13.636 [FXGL Background Thread 3 ] DEBUG Engine               - gameDifficulty: MEDIUM
20:01:13.636 [FXGL Background Thread 3 ] DEBUG Engine               - gameDifficultyProperty: ObjectProperty [value: MEDIUM]
20:01:13.636 [FXGL Background Thread 3 ] DEBUG Engine               - globalMusicVolume: 0.5
20:01:13.636 [FXGL Background Thread 3 ] DEBUG Engine               - globalMusicVolumeProperty: DoubleProperty [value: 0.5]
20:01:13.636 [FXGL Background Thread 3 ] DEBUG Engine               - globalSoundVolume: 0.5
20:01:13.636 [FXGL Background Thread 3 ] DEBUG Engine               - globalSoundVolumeProperty: DoubleProperty [value: 0.5]
20:01:13.637 [FXGL Background Thread 3 ] DEBUG Engine               - height: 720
20:01:13.637 [FXGL Background Thread 3 ] DEBUG Engine               - is3D: false
20:01:13.637 [FXGL Background Thread 3 ] DEBUG Engine               - isAndroid: false
20:01:13.637 [FXGL Background Thread 3 ] DEBUG Engine               - isBrowser: false
20:01:13.637 [FXGL Background Thread 3 ] DEBUG Engine               - isClickFeedbackEnabled: false
20:01:13.637 [FXGL Background Thread 3 ] DEBUG Engine               - isCloseConfirmation: false
20:01:13.637 [FXGL Background Thread 3 ] DEBUG Engine               - isDesktop: true
20:01:13.637 [FXGL Background Thread 3 ] DEBUG Engine               - isDeveloperMenuEnabled: false
20:01:13.637 [FXGL Background Thread 3 ] DEBUG Engine               - isEmbedded: false
20:01:13.637 [FXGL Background Thread 3 ] DEBUG Engine               - isEntityPreloadEnabled: true
20:01:13.637 [FXGL Background Thread 3 ] DEBUG Engine               - isExperimentalTiledLargeMap: false
20:01:13.637 [FXGL Background Thread 3 ] DEBUG Engine               - isFileSystemWriteAllowed: true
20:01:13.637 [FXGL Background Thread 3 ] DEBUG Engine               - isFullScreenAllowed: true
20:01:13.637 [FXGL Background Thread 3 ] DEBUG Engine               - isFullScreenFromStart: true
20:01:13.637 [FXGL Background Thread 3 ] DEBUG Engine               - isGameMenuEnabled: true
20:01:13.637 [FXGL Background Thread 3 ] DEBUG Engine               - isIOS: false
20:01:13.637 [FXGL Background Thread 3 ] DEBUG Engine               - isIntroEnabled: false
20:01:13.637 [FXGL Background Thread 3 ] DEBUG Engine               - isLinux: false
20:01:13.637 [FXGL Background Thread 3 ] DEBUG Engine               - isMac: false
20:01:13.637 [FXGL Background Thread 3 ] DEBUG Engine               - isMainMenuEnabled: false
20:01:13.637 [FXGL Background Thread 3 ] DEBUG Engine               - isManualResizeEnabled: false
20:01:13.637 [FXGL Background Thread 3 ] DEBUG Engine               - isMobile: false
20:01:13.637 [FXGL Background Thread 3 ] DEBUG Engine               - isNative: false
20:01:13.637 [FXGL Background Thread 3 ] DEBUG Engine               - isPauseMusicWhenMinimized: true
20:01:13.637 [FXGL Background Thread 3 ] DEBUG Engine               - isPreserveResizeRatio: false
20:01:13.637 [FXGL Background Thread 3 ] DEBUG Engine               - isProfilingEnabled: false
20:01:13.637 [FXGL Background Thread 3 ] DEBUG Engine               - isScaleAffectedOnResize: true
20:01:13.637 [FXGL Background Thread 3 ] DEBUG Engine               - isSingleStep: false
20:01:13.637 [FXGL Background Thread 3 ] DEBUG Engine               - isUserProfileEnabled: false
20:01:13.637 [FXGL Background Thread 3 ] DEBUG Engine               - isWindows: true
20:01:13.637 [FXGL Background Thread 3 ] DEBUG Engine               - language: ObjectProperty [value: ENGLISH]
20:01:13.637 [FXGL Background Thread 3 ] DEBUG Engine               - menuKey: ESCAPE
20:01:13.637 [FXGL Background Thread 3 ] DEBUG Engine               - mouseSensitivity: 0.2
20:01:13.637 [FXGL Background Thread 3 ] DEBUG Engine               - notificationViewClass: class com.almasb.fxgl.notification.view.XboxNotificationView
20:01:13.637 [FXGL Background Thread 3 ] DEBUG Engine               - pixelsPerMeter: 50.0
20:01:13.637 [FXGL Background Thread 3 ] DEBUG Engine               - platform: WINDOWS
20:01:13.637 [FXGL Background Thread 3 ] DEBUG Engine               - prefHeightProperty: ReadOnlyDoubleProperty [value: 720.0]
20:01:13.637 [FXGL Background Thread 3 ] DEBUG Engine               - prefWidthProperty: ReadOnlyDoubleProperty [value: 1280.0]
20:01:13.638 [FXGL Background Thread 3 ] DEBUG Engine               - profileDir: profiles/
20:01:13.638 [FXGL Background Thread 3 ] DEBUG Engine               - profileName: StringProperty [value: DEFAULT]
20:01:13.638 [FXGL Background Thread 3 ] DEBUG Engine               - randomSeed: -1
20:01:13.638 [FXGL Background Thread 3 ] DEBUG Engine               - runtimeInfo: RuntimeInfo(platform=WINDOWS, version=17, build=31.12.2021 18.16)
20:01:13.638 [FXGL Background Thread 3 ] DEBUG Engine               - saveFileExt: sav
20:01:13.638 [FXGL Background Thread 3 ] DEBUG Engine               - scaledHeightProp$fxgl: DoubleProperty [bound, value: 864.0]
20:01:13.638 [FXGL Background Thread 3 ] DEBUG Engine               - scaledWidthProp$fxgl: DoubleProperty [bound, value: 1536.0]
20:01:13.638 [FXGL Background Thread 3 ] DEBUG Engine               - sceneFactory: com.almasb.fxgl.app.scene.SceneFactory@7766e6f5
20:01:13.638 [FXGL Background Thread 3 ] DEBUG Engine               - secondsIn24h: 60
20:01:13.638 [FXGL Background Thread 3 ] DEBUG Engine               - soundMenuBack: menu/back.wav
20:01:13.638 [FXGL Background Thread 3 ] DEBUG Engine               - soundMenuPress: menu/press.wav
20:01:13.638 [FXGL Background Thread 3 ] DEBUG Engine               - soundMenuSelect: menu/select.wav
20:01:13.638 [FXGL Background Thread 3 ] DEBUG Engine               - soundNotification: core/notification.wav
20:01:13.638 [FXGL Background Thread 3 ] DEBUG Engine               - stageStyle: DECORATED
20:01:13.638 [FXGL Background Thread 3 ] DEBUG Engine               - supportedLanguages: [ENGLISH, FRENCH, GERMAN, HUNGARIAN, RUSSIAN]
20:01:13.638 [FXGL Background Thread 3 ] DEBUG Engine               - ticksPerSecond: -1
20:01:13.638 [FXGL Background Thread 3 ] DEBUG Engine               - title: DiB
20:01:13.638 [FXGL Background Thread 3 ] DEBUG Engine               - urlGithub: https://github.com/AlmasB/FXGL
20:01:13.638 [FXGL Background Thread 3 ] DEBUG Engine               - urlLeaderboard: http://fxgl-top.herokuapp.com/
20:01:13.638 [FXGL Background Thread 3 ] DEBUG Engine               - urlPOM: https://raw.githubusercontent.com/AlmasB/FXGL/release/README.md
20:01:13.638 [FXGL Background Thread 3 ] DEBUG Engine               - userAppClass: class ru.nsu.fit.dib.projectdib.App
20:01:13.638 [FXGL Background Thread 3 ] DEBUG Engine               - version: 0.0
20:01:13.638 [FXGL Background Thread 3 ] DEBUG Engine               - versionCheckDays: 7
20:01:13.638 [FXGL Background Thread 3 ] DEBUG Engine               - width: 1280
20:01:13.639 [FXGL Background Thread 3 ] DEBUG Engine               - Logging services
20:01:13.639 [FXGL Background Thread 3 ] DEBUG Engine               - class com.almasb.fxgl.app.services.FXGLAssetLoaderService
20:01:13.639 [FXGL Background Thread 3 ] DEBUG Engine               - class com.almasb.fxgl.app.FXGLApplication$GameApplicationService
20:01:13.639 [FXGL Background Thread 3 ] DEBUG Engine               - class com.almasb.fxgl.app.services.FXGLDialogService
20:01:13.639 [FXGL Background Thread 3 ] DEBUG Engine               - class com.almasb.fxgl.app.services.IOTaskExecutorService
20:01:13.639 [FXGL Background Thread 3 ] DEBUG Engine               - class com.almasb.fxgl.io.FileSystemService
20:01:13.639 [FXGL Background Thread 3 ] DEBUG Engine               - class com.almasb.fxgl.localization.LocalizationService
20:01:13.639 [FXGL Background Thread 3 ] DEBUG Engine               - class com.almasb.fxgl.app.services.SystemBundleService
20:01:13.639 [FXGL Background Thread 3 ] DEBUG Engine               - class com.almasb.fxgl.profile.SaveLoadService
20:01:13.639 [FXGL Background Thread 3 ] DEBUG Engine               - class com.almasb.fxgl.ui.FXGLUIFactoryServiceProvider
20:01:13.639 [FXGL Background Thread 3 ] DEBUG Engine               - class com.almasb.fxgl.ui.FXGLDialogFactoryServiceProvider
20:01:13.639 [FXGL Background Thread 3 ] DEBUG Engine               - class com.almasb.fxgl.audio.AudioPlayer
20:01:13.639 [FXGL Background Thread 3 ] DEBUG Engine               - class com.almasb.fxgl.notification.impl.NotificationServiceProvider
20:01:13.639 [FXGL Background Thread 3 ] DEBUG Engine               - class com.almasb.fxgl.achievement.AchievementService
20:01:13.639 [FXGL Background Thread 3 ] DEBUG Engine               - class com.almasb.fxgl.cutscene.CutsceneService
20:01:13.639 [FXGL Background Thread 3 ] DEBUG Engine               - class com.almasb.fxgl.minigames.MiniGameService
20:01:13.639 [FXGL Background Thread 3 ] DEBUG Engine               - class com.almasb.fxgl.net.NetService
20:01:13.639 [FXGL Background Thread 3 ] DEBUG Engine               - class com.almasb.fxgl.app.services.UpdaterService
20:01:13.639 [FXGL Background Thread 3 ] DEBUG Engine               - class com.almasb.fxgl.dev.DevService
20:01:14.012 [JavaFX Application Thread] DEBUG Menu                 - fireExit()
20:01:14.015 [JavaFX Application Thread] DEBUG PrimaryStageWindow   - Push state: DialogSubScene
20:01:14.015 [JavaFX Application Thread] DEBUG Input                - Clearing active input actions
20:01:14.016 [JavaFX Application Thread] DEBUG GameApplicationServi - Removing overlay from FXGLDefaultMenu and adding to DialogSubScene
20:01:14.016 [JavaFX Application Thread] DEBUG PrimaryStageWindow   - FXGLDefaultMenu -> DialogSubScene
20:01:14.734 [JavaFX Application Thread] DEBUG PrimaryStageWindow   - Pop state: DialogSubScene
20:01:14.735 [JavaFX Application Thread] DEBUG Input                - Clearing active input actions
20:01:14.735 [JavaFX Application Thread] DEBUG GameApplicationServi - Removing overlay from DialogSubScene and adding to FXGLDefaultMenu
20:01:14.735 [JavaFX Application Thread] DEBUG PrimaryStageWindow   - FXGLDefaultMenu <- DialogSubScene
20:01:14.735 [JavaFX Application Thread] DEBUG FXGLApplication      - Exiting FXGL
20:01:14.735 [JavaFX Application Thread] DEBUG LoopRunner           - Stopping loop
20:01:14.735 [JavaFX Application Thread] DEBUG SystemBundleService  - Saving FXGL system data
20:01:14.737 [JavaFX Application Thread] DEBUG FileSystemAccess     - Writing to: F:\DeadInByte\system\fxgl.bundle
20:01:14.738 [JavaFX Application Thread] DEBUG Async                - Shutting down background threads
20:01:14.738 [JavaFX Application Thread] DEBUG PrimaryStageWindow   - Closing main window
20:01:14.754 [JavaFX Application Thread] DEBUG Logger               - Closing Logger
