19:59:18.129 [main                     ] DEBUG Logger               - Configured Logger
19:59:18.150 [main                     ] DEBUG GameApplication      - Logging settings
Title: DiB
Version: 0.0
Width: 1280
Height: 720
Fullscreen: true
Intro: false
Profiling: false
Single step:false
App Mode: DEVELOPER
Menu Key: ESCAPE
Stage Style: DECORATED
Scene Factory: class com.almasb.fxgl.app.scene.SceneFactory

19:59:18.549 [JavaFX Application Thread] DEBUG FXGLApplication      - Initializing FXGL
19:59:18.554 [JavaFX Application Thread] INFO  Engine               - FXGL-17 (31.12.2021 18.16) on WINDOWS (J:18.0.1.1 FX:17.0.1)
19:59:18.554 [JavaFX Application Thread] DEBUG Engine               - JRE Vendor Name: Oracle Corporation
19:59:18.554 [JavaFX Application Thread] DEBUG Engine               - Running on OS: Windows 11 version 10.0
19:59:18.555 [JavaFX Application Thread] DEBUG Engine               - Architecture: amd64
19:59:18.555 [JavaFX Application Thread] INFO  Engine               - Source code and latest versions at: https://github.com/AlmasB/FXGL
19:59:18.555 [JavaFX Application Thread] INFO  Engine               -       Ask questions and discuss at: https://github.com/AlmasB/FXGL/discussions
19:59:18.555 [JavaFX Application Thread] INFO  Engine               -              Join the FXGL chat at: https://gitter.im/AlmasB/FXGL
19:59:18.662 [JavaFX Application Thread] DEBUG PrimaryStageWindow   - Creating a JavaFX scene
19:59:18.710 [JavaFX Application Thread] DEBUG PrimaryStageWindow   - Target settings size: 1280.0 x 720.0
19:59:18.710 [JavaFX Application Thread] DEBUG PrimaryStageWindow   - Scaled scene size:    1280.0 x 720.0
19:59:18.710 [JavaFX Application Thread] DEBUG PrimaryStageWindow   - Scaled ratio: (1.0, 1.0)
19:59:18.710 [JavaFX Application Thread] DEBUG PrimaryStageWindow   - Set initial scene to FXGLStartupScene
19:59:18.717 [JavaFX Application Thread] DEBUG PrimaryStageWindow   - Opening main window
19:59:18.786 [JavaFX Application Thread] DEBUG PrimaryStageWindow   - Window border size: (14.4000244140625, 37.5999755859375)
19:59:18.786 [JavaFX Application Thread] DEBUG PrimaryStageWindow   - Scaled size: 1280.0 x 720.0
19:59:18.786 [JavaFX Application Thread] DEBUG PrimaryStageWindow   - Scaled ratio: (1.0, 1.0)
19:59:18.786 [JavaFX Application Thread] DEBUG PrimaryStageWindow   - Scene size: 1280.0 x 720.0
19:59:18.786 [JavaFX Application Thread] DEBUG PrimaryStageWindow   - Stage size: 1294.4000244140625 x 757.5999755859375
19:59:18.838 [JavaFX Application Thread] DEBUG PrimaryStageWindow   - Going fullscreen
19:59:18.846 [FXGL Background Thread 1 ] DEBUG Engine               - Initializing environment variables
19:59:18.886 [FXGL Background Thread 1 ] DEBUG FXGLAssetLoaderServi - User app class for loading assets: class ru.nsu.fit.dib.projectdib.App
19:59:18.887 [FXGL Background Thread 1 ] DEBUG GameApplicationServi - Applying CSS: fxgl_dark.css
19:59:18.887 [FXGL Background Thread 1 ] DEBUG FXGLAssetLoaderServi - Loading from file system: jar:file:///C:/Users/coffe/.m2/repository/com/github/almasb/fxgl/17/fxgl-17.jar!/fxglassets/ui/css/fxgl_dark.css
19:59:18.956 [FXGL Background Thread 1 ] DEBUG GameApplicationServi - Initializing application scenes
19:59:19.000 [FXGL Background Thread 1 ] DEBUG GameWorld            - Game world initialized
19:59:19.059 [FXGL Background Thread 1 ] DEBUG PhysicsWorld         - Physics world initialized: appHeight=720, physics.ppm=50,0
19:59:19.059 [FXGL Background Thread 1 ] DEBUG PhysicsWorld         - Using strategy: BRUTE_FORCE
19:59:19.062 [FXGL Background Thread 1 ] DEBUG GameScene            - Game scene initialized: 1280x720
19:59:19.073 [FXGL Background Thread 1 ] DEBUG FXGL.DefaultMenu     - createMenuBodyGameMenu()
19:59:19.087 [FXGL Background Thread 1 ] DEBUG FXGL.DefaultMenu     - createOptionsMenu()
19:59:19.097 [FXGL Background Thread 1 ] DEBUG FXGLAssetLoaderServi - Loading from file system: jar:file:///C:/Users/coffe/.m2/repository/com/github/almasb/fxgl/17/fxgl-17.jar!/fxglassets/textures/particles/smoke.png
19:59:19.192 [FXGL Background Thread 1 ] DEBUG FXGLAssetLoaderServi - Loading from file system: jar:file:///C:/Users/coffe/.m2/repository/com/github/almasb/fxgl/17/fxgl-17.jar!/fxglassets/textures/particles/trace_horizontal.png
19:59:19.220 [FXGL Background Thread 1 ] DEBUG GameApplicationServi - Application scenes initialized
19:59:19.231 [FXGL Background Thread 1 ] DEBUG SystemBundleService  - Loading FXGL system data
19:59:19.235 [FXGL Background Thread 1 ] DEBUG FileSystemAccess     - Reading from: F:\DeadInByte\system\fxgl.bundle
19:59:19.245 [FXGL Background Thread 1 ] DEBUG SystemBundleService  - Bundle FXGL: {}
19:59:19.245 [FXGL Background Thread 1 ] DEBUG UpdaterService       - Checking for updates
19:59:19.248 [FXGL Background Thread 4 ] DEBUG FXGLApplication      - Loading fonts
19:59:19.248 [FXGL Background Thread 1 ] DEBUG FXGLApplication      - Loading default localization
19:59:19.248 [FXGL Background Thread 4 ] DEBUG FXGLAssetLoaderServi - Loading from file system: jar:file:///C:/Users/coffe/.m2/repository/com/github/almasb/fxgl/17/fxgl-17.jar!/fxglassets/ui/fonts/VarelaRound-Regular.ttf
19:59:19.249 [FXGL Background Thread 1 ] DEBUG FXGLAssetLoaderServi - Loading from file system: jar:file:///C:/Users/coffe/.m2/repository/com/github/almasb/fxgl/17/fxgl-17.jar!/fxglassets/languages/english.lang
19:59:19.265 [FXGL Background Thread 1 ] INFO  FXGLApplication      - FXGL initialization took: 0,418 sec
19:59:19.274 [JavaFX Application Thread] DEBUG Input                - Registered new binding: action0 - W
19:59:19.275 [JavaFX Application Thread] DEBUG Input                - Registered new binding: action1 - S
19:59:19.275 [JavaFX Application Thread] DEBUG Input                - Registered new binding: action2 - A
19:59:19.275 [JavaFX Application Thread] DEBUG Input                - Registered new binding: action3 - D
19:59:19.276 [JavaFX Application Thread] DEBUG FXGLAssetLoaderServi - Loading from file system: jar:file:///C:/Users/coffe/.m2/repository/com/github/almasb/fxgl/17/fxgl-17.jar!/fxglassets/textures/fxgl_icon.png
19:59:19.300 [JavaFX Application Thread] DEBUG FXGLAssetLoaderServi - Loading from file system: jar:file:///C:/Users/coffe/.m2/repository/com/github/almasb/fxgl/17/fxgl-17.jar!/fxglassets/textures/fxgl_default_cursor.png
19:59:19.303 [JavaFX Application Thread] DEBUG Input                - Registered new binding: Screenshot - CTRL+8
19:59:19.304 [JavaFX Application Thread] DEBUG Input                - Registered new binding: System info dump - CTRL+9
19:59:19.305 [JavaFX Application Thread] DEBUG Input                - Registered new binding: Restart - CTRL+R
19:59:19.305 [JavaFX Application Thread] DEBUG Input                - Registered new binding: Toggle Debug Camera - CTRL+7
19:59:19.307 [JavaFX Application Thread] DEBUG LoopRunner           - Starting loop
19:59:19.307 [JavaFX Application Thread] DEBUG LoopRunner           - Initializing JavaFX AnimationTimerLoop
19:59:19.308 [FXGL Background Thread 4 ] DEBUG FXGLAssetLoaderServi - Loading from file system: jar:file:///C:/Users/coffe/.m2/repository/com/github/almasb/fxgl/17/fxgl-17.jar!/fxglassets/ui/fonts/Abel-Regular.ttf
19:59:19.308 [JavaFX Application Thread] DEBUG GameApplicationServi - Starting new game
19:59:19.309 [JavaFX Application Thread] DEBUG Input                - Clearing active input actions
19:59:19.313 [FXGL Background Thread 4 ] DEBUG FXGLAssetLoaderServi - Loading from file system: jar:file:///C:/Users/coffe/.m2/repository/com/github/almasb/fxgl/17/fxgl-17.jar!/fxglassets/ui/fonts/TerminalLandMono-Regular.otf
19:59:19.319 [FXGL Background Thread 4 ] DEBUG FXGLAssetLoaderServi - Loading from file system: jar:file:///C:/Users/coffe/.m2/repository/com/github/almasb/fxgl/17/fxgl-17.jar!/fxglassets/ui/fonts/Courier-Prime.ttf
19:59:19.322 [JavaFX Application Thread] DEBUG GameApplicationServi - Removing overlay from FXGLStartupScene and adding to FXGLLoadingScene
19:59:19.322 [JavaFX Application Thread] DEBUG PrimaryStageWindow   - FXGLStartupScene -> FXGLLoadingScene
19:59:19.322 [JavaFX Application Thread] DEBUG GameApplicationServi - Clearing previous game
19:59:19.322 [JavaFX Application Thread] DEBUG GameScene            - Clearing game scene
19:59:19.323 [JavaFX Application Thread] DEBUG GameWorld            - Clearing game world
19:59:19.323 [JavaFX Application Thread] DEBUG PhysicsWorld         - Clearing physics world
19:59:19.324 [FXGL Background Thread 1 ] DEBUG FXGLApplication      - Initializing game
19:59:19.363 [JavaFX Application Thread] DEBUG FXGLApplication      - Registering font factories with UI factory
19:59:19.385 [FXGL Background Thread 1 ] DEBUG TMXLevelLoader       - Parsed TiledMap: file:/F:/DeadInByte/target/classes/assets/levels/tmx/exlevel2.tmx
19:59:19.387 [FXGL Background Thread 1 ] DEBUG TMXLevelLoader       - Creating tile layer entities
19:59:19.388 [FXGL Background Thread 1 ] DEBUG TilesetLoader        - Loading view for layer Слой тайлов 1
19:59:19.389 [FXGL Background Thread 1 ] DEBUG TilesetLoader        - Created buffer with size 256.0x256.0
19:59:19.414 [FXGL Background Thread 1 ] DEBUG TMXLevelLoader       - Creating object layer entities
19:59:19.440 [FXGL Background Thread 1 ] DEBUG GameWorld            - Clearing removable entities
19:59:19.440 [FXGL Background Thread 1 ] DEBUG GameWorld            - Setting level: com.almasb.fxgl.entity.level.Level@2126b6d2
19:59:19.461 [FXGL Background Thread 1 ] INFO  FXGLApplication      - Game initialization took: 0,136 sec
19:59:19.496 [JavaFX Application Thread] DEBUG Input                - Clearing active input actions
19:59:19.506 [JavaFX Application Thread] DEBUG GameApplicationServi - Removing overlay from FXGLLoadingScene and adding to GameScene
19:59:19.507 [JavaFX Application Thread] DEBUG PrimaryStageWindow   - FXGLLoadingScene -> GameScene
19:59:20.179 [FXGL Background Thread 2 ] INFO  UpdaterService       - Your current version:  17
19:59:20.179 [FXGL Background Thread 2 ] INFO  UpdaterService       - Latest stable version: 17.2
19:59:22.248 [FXGL Background Thread 3 ] DEBUG Engine               - Logging environment variables
19:59:22.248 [FXGL Background Thread 3 ] DEBUG Engine               - achievements: []
19:59:22.248 [FXGL Background Thread 3 ] DEBUG Engine               - actualHeight: 864.0
19:59:22.248 [FXGL Background Thread 3 ] DEBUG Engine               - actualHeightProperty: ReadOnlyDoubleProperty [value: 864.0]
19:59:22.248 [FXGL Background Thread 3 ] DEBUG Engine               - actualWidth: 1536.0
19:59:22.248 [FXGL Background Thread 3 ] DEBUG Engine               - actualWidthProperty: ReadOnlyDoubleProperty [value: 1536.0]
19:59:22.249 [FXGL Background Thread 3 ] DEBUG Engine               - appIcon: fxgl_icon.png
19:59:22.249 [FXGL Background Thread 3 ] DEBUG Engine               - applicationMode: DEVELOPER
19:59:22.249 [FXGL Background Thread 3 ] DEBUG Engine               - cSSList: [fxgl_dark.css]
19:59:22.249 [FXGL Background Thread 3 ] DEBUG Engine               - collisionDetectionStrategy: BRUTE_FORCE
19:59:22.249 [FXGL Background Thread 3 ] DEBUG Engine               - configClass: Optional.empty
19:59:22.249 [FXGL Background Thread 3 ] DEBUG Engine               - credits: []
19:59:22.249 [FXGL Background Thread 3 ] DEBUG Engine               - defaultCursor: CursorInfo(imageName=fxgl_default_cursor.png, hotspotX=7.0, hotspotY=6.0)
19:59:22.249 [FXGL Background Thread 3 ] DEBUG Engine               - devBBoxColorProperty: ObjectProperty [value: 0xff0000ff]
19:59:22.249 [FXGL Background Thread 3 ] DEBUG Engine               - devEnableDebugCameraProperty: BooleanProperty [value: false]
19:59:22.249 [FXGL Background Thread 3 ] DEBUG Engine               - devSensorColorProperty: ObjectProperty [value: 0xffff00ff]
19:59:22.249 [FXGL Background Thread 3 ] DEBUG Engine               - devShowBBoxProperty: BooleanProperty [value: false]
19:59:22.250 [FXGL Background Thread 3 ] DEBUG Engine               - devShowPositionProperty: BooleanProperty [value: false]
19:59:22.250 [FXGL Background Thread 3 ] DEBUG Engine               - enabledMenuItems: []
19:59:22.250 [FXGL Background Thread 3 ] DEBUG Engine               - engineServices: [class com.almasb.fxgl.app.services.FXGLAssetLoaderService, class com.almasb.fxgl.app.FXGLApplication$GameApplicationService, class com.almasb.fxgl.app.services.FXGLDialogService, class com.almasb.fxgl.app.services.IOTaskExecutorService, class com.almasb.fxgl.io.FileSystemService, class com.almasb.fxgl.localization.LocalizationService, class com.almasb.fxgl.app.services.SystemBundleService, class com.almasb.fxgl.profile.SaveLoadService, class com.almasb.fxgl.ui.FXGLUIFactoryServiceProvider, class com.almasb.fxgl.ui.FXGLDialogFactoryServiceProvider, class com.almasb.fxgl.audio.AudioPlayer, class com.almasb.fxgl.notification.impl.NotificationServiceProvider, class com.almasb.fxgl.achievement.AchievementService, class com.almasb.fxgl.cutscene.CutsceneService, class com.almasb.fxgl.minigames.MiniGameService, class com.almasb.fxgl.net.NetService, class com.almasb.fxgl.app.services.UpdaterService, class com.almasb.fxgl.dev.DevService]
19:59:22.250 [FXGL Background Thread 3 ] DEBUG Engine               - fontGame: Abel-Regular.ttf
19:59:22.250 [FXGL Background Thread 3 ] DEBUG Engine               - fontMono: TerminalLandMono-Regular.otf
19:59:22.250 [FXGL Background Thread 3 ] DEBUG Engine               - fontText: Courier-Prime.ttf
19:59:22.250 [FXGL Background Thread 3 ] DEBUG Engine               - fontUI: VarelaRound-Regular.ttf
19:59:22.250 [FXGL Background Thread 3 ] DEBUG Engine               - fullScreen: BooleanProperty [value: true]
19:59:22.250 [FXGL Background Thread 3 ] DEBUG Engine               - gameDifficulty: MEDIUM
19:59:22.250 [FXGL Background Thread 3 ] DEBUG Engine               - gameDifficultyProperty: ObjectProperty [value: MEDIUM]
19:59:22.250 [FXGL Background Thread 3 ] DEBUG Engine               - globalMusicVolume: 0.5
19:59:22.250 [FXGL Background Thread 3 ] DEBUG Engine               - globalMusicVolumeProperty: DoubleProperty [value: 0.5]
19:59:22.250 [FXGL Background Thread 3 ] DEBUG Engine               - globalSoundVolume: 0.5
19:59:22.250 [FXGL Background Thread 3 ] DEBUG Engine               - globalSoundVolumeProperty: DoubleProperty [value: 0.5]
19:59:22.250 [FXGL Background Thread 3 ] DEBUG Engine               - height: 720
19:59:22.250 [FXGL Background Thread 3 ] DEBUG Engine               - is3D: false
19:59:22.250 [FXGL Background Thread 3 ] DEBUG Engine               - isAndroid: false
19:59:22.250 [FXGL Background Thread 3 ] DEBUG Engine               - isBrowser: false
19:59:22.250 [FXGL Background Thread 3 ] DEBUG Engine               - isClickFeedbackEnabled: false
19:59:22.250 [FXGL Background Thread 3 ] DEBUG Engine               - isCloseConfirmation: false
19:59:22.250 [FXGL Background Thread 3 ] DEBUG Engine               - isDesktop: true
19:59:22.250 [FXGL Background Thread 3 ] DEBUG Engine               - isDeveloperMenuEnabled: false
19:59:22.251 [FXGL Background Thread 3 ] DEBUG Engine               - isEmbedded: false
19:59:22.251 [FXGL Background Thread 3 ] DEBUG Engine               - isEntityPreloadEnabled: true
19:59:22.251 [FXGL Background Thread 3 ] DEBUG Engine               - isExperimentalTiledLargeMap: false
19:59:22.251 [FXGL Background Thread 3 ] DEBUG Engine               - isFileSystemWriteAllowed: true
19:59:22.251 [FXGL Background Thread 3 ] DEBUG Engine               - isFullScreenAllowed: true
19:59:22.251 [FXGL Background Thread 3 ] DEBUG Engine               - isFullScreenFromStart: true
19:59:22.251 [FXGL Background Thread 3 ] DEBUG Engine               - isGameMenuEnabled: true
19:59:22.251 [FXGL Background Thread 3 ] DEBUG Engine               - isIOS: false
19:59:22.251 [FXGL Background Thread 3 ] DEBUG Engine               - isIntroEnabled: false
19:59:22.251 [FXGL Background Thread 3 ] DEBUG Engine               - isLinux: false
19:59:22.251 [FXGL Background Thread 3 ] DEBUG Engine               - isMac: false
19:59:22.251 [FXGL Background Thread 3 ] DEBUG Engine               - isMainMenuEnabled: false
19:59:22.251 [FXGL Background Thread 3 ] DEBUG Engine               - isManualResizeEnabled: false
19:59:22.251 [FXGL Background Thread 3 ] DEBUG Engine               - isMobile: false
19:59:22.251 [FXGL Background Thread 3 ] DEBUG Engine               - isNative: false
19:59:22.251 [FXGL Background Thread 3 ] DEBUG Engine               - isPauseMusicWhenMinimized: true
19:59:22.251 [FXGL Background Thread 3 ] DEBUG Engine               - isPreserveResizeRatio: false
19:59:22.251 [FXGL Background Thread 3 ] DEBUG Engine               - isProfilingEnabled: false
19:59:22.251 [FXGL Background Thread 3 ] DEBUG Engine               - isScaleAffectedOnResize: true
19:59:22.251 [FXGL Background Thread 3 ] DEBUG Engine               - isSingleStep: false
19:59:22.251 [FXGL Background Thread 3 ] DEBUG Engine               - isUserProfileEnabled: false
19:59:22.251 [FXGL Background Thread 3 ] DEBUG Engine               - isWindows: true
19:59:22.251 [FXGL Background Thread 3 ] DEBUG Engine               - language: ObjectProperty [value: ENGLISH]
19:59:22.251 [FXGL Background Thread 3 ] DEBUG Engine               - menuKey: ESCAPE
19:59:22.251 [FXGL Background Thread 3 ] DEBUG Engine               - mouseSensitivity: 0.2
19:59:22.251 [FXGL Background Thread 3 ] DEBUG Engine               - notificationViewClass: class com.almasb.fxgl.notification.view.XboxNotificationView
19:59:22.251 [FXGL Background Thread 3 ] DEBUG Engine               - pixelsPerMeter: 50.0
19:59:22.251 [FXGL Background Thread 3 ] DEBUG Engine               - platform: WINDOWS
19:59:22.251 [FXGL Background Thread 3 ] DEBUG Engine               - prefHeightProperty: ReadOnlyDoubleProperty [value: 720.0]
19:59:22.251 [FXGL Background Thread 3 ] DEBUG Engine               - prefWidthProperty: ReadOnlyDoubleProperty [value: 1280.0]
19:59:22.252 [FXGL Background Thread 3 ] DEBUG Engine               - profileDir: profiles/
19:59:22.252 [FXGL Background Thread 3 ] DEBUG Engine               - profileName: StringProperty [value: DEFAULT]
19:59:22.252 [FXGL Background Thread 3 ] DEBUG Engine               - randomSeed: -1
19:59:22.252 [FXGL Background Thread 3 ] DEBUG Engine               - runtimeInfo: RuntimeInfo(platform=WINDOWS, version=17, build=31.12.2021 18.16)
19:59:22.252 [FXGL Background Thread 3 ] DEBUG Engine               - saveFileExt: sav
19:59:22.252 [FXGL Background Thread 3 ] DEBUG Engine               - scaledHeightProp$fxgl: DoubleProperty [bound, value: 864.0]
19:59:22.252 [FXGL Background Thread 3 ] DEBUG Engine               - scaledWidthProp$fxgl: DoubleProperty [bound, value: 1536.0]
19:59:22.252 [FXGL Background Thread 3 ] DEBUG Engine               - sceneFactory: com.almasb.fxgl.app.scene.SceneFactory@82244b7
19:59:22.252 [FXGL Background Thread 3 ] DEBUG Engine               - secondsIn24h: 60
19:59:22.252 [FXGL Background Thread 3 ] DEBUG Engine               - soundMenuBack: menu/back.wav
19:59:22.252 [FXGL Background Thread 3 ] DEBUG Engine               - soundMenuPress: menu/press.wav
19:59:22.252 [FXGL Background Thread 3 ] DEBUG Engine               - soundMenuSelect: menu/select.wav
19:59:22.252 [FXGL Background Thread 3 ] DEBUG Engine               - soundNotification: core/notification.wav
19:59:22.252 [FXGL Background Thread 3 ] DEBUG Engine               - stageStyle: DECORATED
19:59:22.252 [FXGL Background Thread 3 ] DEBUG Engine               - supportedLanguages: [ENGLISH, FRENCH, GERMAN, HUNGARIAN, RUSSIAN]
19:59:22.252 [FXGL Background Thread 3 ] DEBUG Engine               - ticksPerSecond: -1
19:59:22.252 [FXGL Background Thread 3 ] DEBUG Engine               - title: DiB
19:59:22.252 [FXGL Background Thread 3 ] DEBUG Engine               - urlGithub: https://github.com/AlmasB/FXGL
19:59:22.252 [FXGL Background Thread 3 ] DEBUG Engine               - urlLeaderboard: http://fxgl-top.herokuapp.com/
19:59:22.252 [FXGL Background Thread 3 ] DEBUG Engine               - urlPOM: https://raw.githubusercontent.com/AlmasB/FXGL/release/README.md
19:59:22.252 [FXGL Background Thread 3 ] DEBUG Engine               - userAppClass: class ru.nsu.fit.dib.projectdib.App
19:59:22.253 [FXGL Background Thread 3 ] DEBUG Engine               - version: 0.0
19:59:22.253 [FXGL Background Thread 3 ] DEBUG Engine               - versionCheckDays: 7
19:59:22.253 [FXGL Background Thread 3 ] DEBUG Engine               - width: 1280
19:59:22.253 [FXGL Background Thread 3 ] DEBUG Engine               - Logging services
19:59:22.253 [FXGL Background Thread 3 ] DEBUG Engine               - class com.almasb.fxgl.app.services.FXGLAssetLoaderService
19:59:22.253 [FXGL Background Thread 3 ] DEBUG Engine               - class com.almasb.fxgl.app.FXGLApplication$GameApplicationService
19:59:22.253 [FXGL Background Thread 3 ] DEBUG Engine               - class com.almasb.fxgl.app.services.FXGLDialogService
19:59:22.253 [FXGL Background Thread 3 ] DEBUG Engine               - class com.almasb.fxgl.app.services.IOTaskExecutorService
19:59:22.253 [FXGL Background Thread 3 ] DEBUG Engine               - class com.almasb.fxgl.io.FileSystemService
19:59:22.253 [FXGL Background Thread 3 ] DEBUG Engine               - class com.almasb.fxgl.localization.LocalizationService
19:59:22.253 [FXGL Background Thread 3 ] DEBUG Engine               - class com.almasb.fxgl.app.services.SystemBundleService
19:59:22.253 [FXGL Background Thread 3 ] DEBUG Engine               - class com.almasb.fxgl.profile.SaveLoadService
19:59:22.253 [FXGL Background Thread 3 ] DEBUG Engine               - class com.almasb.fxgl.ui.FXGLUIFactoryServiceProvider
19:59:22.253 [FXGL Background Thread 3 ] DEBUG Engine               - class com.almasb.fxgl.ui.FXGLDialogFactoryServiceProvider
19:59:22.253 [FXGL Background Thread 3 ] DEBUG Engine               - class com.almasb.fxgl.audio.AudioPlayer
19:59:22.253 [FXGL Background Thread 3 ] DEBUG Engine               - class com.almasb.fxgl.notification.impl.NotificationServiceProvider
19:59:22.253 [FXGL Background Thread 3 ] DEBUG Engine               - class com.almasb.fxgl.achievement.AchievementService
19:59:22.253 [FXGL Background Thread 3 ] DEBUG Engine               - class com.almasb.fxgl.cutscene.CutsceneService
19:59:22.253 [FXGL Background Thread 3 ] DEBUG Engine               - class com.almasb.fxgl.minigames.MiniGameService
19:59:22.253 [FXGL Background Thread 3 ] DEBUG Engine               - class com.almasb.fxgl.net.NetService
19:59:22.253 [FXGL Background Thread 3 ] DEBUG Engine               - class com.almasb.fxgl.app.services.UpdaterService
19:59:22.253 [FXGL Background Thread 3 ] DEBUG Engine               - class com.almasb.fxgl.dev.DevService
19:59:44.632 [JavaFX Application Thread] DEBUG PrimaryStageWindow   - Push state: FXGLDefaultMenu
19:59:44.636 [JavaFX Application Thread] DEBUG Input                - Clearing active input actions
19:59:44.640 [JavaFX Application Thread] DEBUG GameApplicationServi - Removing overlay from GameScene and adding to FXGLDefaultMenu
19:59:44.640 [JavaFX Application Thread] DEBUG PrimaryStageWindow   - GameScene -> FXGLDefaultMenu
19:59:46.040 [JavaFX Application Thread] DEBUG Menu                 - fireExit()
19:59:46.042 [JavaFX Application Thread] DEBUG PrimaryStageWindow   - Push state: DialogSubScene
19:59:46.042 [JavaFX Application Thread] DEBUG Input                - Clearing active input actions
19:59:46.043 [JavaFX Application Thread] DEBUG GameApplicationServi - Removing overlay from FXGLDefaultMenu and adding to DialogSubScene
19:59:46.043 [JavaFX Application Thread] DEBUG PrimaryStageWindow   - FXGLDefaultMenu -> DialogSubScene
19:59:46.974 [JavaFX Application Thread] DEBUG PrimaryStageWindow   - Pop state: DialogSubScene
19:59:46.974 [JavaFX Application Thread] DEBUG Input                - Clearing active input actions
19:59:46.975 [JavaFX Application Thread] DEBUG GameApplicationServi - Removing overlay from DialogSubScene and adding to FXGLDefaultMenu
19:59:46.975 [JavaFX Application Thread] DEBUG PrimaryStageWindow   - FXGLDefaultMenu <- DialogSubScene
19:59:46.975 [JavaFX Application Thread] DEBUG FXGLApplication      - Exiting FXGL
19:59:46.975 [JavaFX Application Thread] DEBUG LoopRunner           - Stopping loop
19:59:46.975 [JavaFX Application Thread] DEBUG SystemBundleService  - Saving FXGL system data
19:59:46.977 [JavaFX Application Thread] DEBUG FileSystemAccess     - Writing to: F:\DeadInByte\system\fxgl.bundle
19:59:46.978 [JavaFX Application Thread] DEBUG Async                - Shutting down background threads
19:59:46.979 [JavaFX Application Thread] DEBUG PrimaryStageWindow   - Closing main window
19:59:47.010 [JavaFX Application Thread] DEBUG Logger               - Closing Logger
