20:20:22.772 [main                     ] DEBUG Logger               - Configured Logger
20:20:22.788 [main                     ] DEBUG GameApplication      - Logging settings
Title: DiB
Version: 0.0
Width: 1536
Height: 864
Fullscreen: false
Intro: false
Profiling: false
Single step:false
App Mode: DEVELOPER
Menu Key: ESCAPE
Stage Style: DECORATED
Scene Factory: class com.almasb.fxgl.app.scene.SceneFactory

20:20:23.029 [JavaFX Application Thread] DEBUG FXGLApplication      - Initializing FXGL
20:20:23.034 [JavaFX Application Thread] INFO  Engine               - FXGL-17 (31.12.2021 18.16) on WINDOWS (J:18.0.1.1 FX:17.0.1)
20:20:23.034 [JavaFX Application Thread] DEBUG Engine               - JRE Vendor Name: Oracle Corporation
20:20:23.035 [JavaFX Application Thread] DEBUG Engine               - Running on OS: Windows 11 version 10.0
20:20:23.035 [JavaFX Application Thread] DEBUG Engine               - Architecture: amd64
20:20:23.035 [JavaFX Application Thread] INFO  Engine               - Source code and latest versions at: https://github.com/AlmasB/FXGL
20:20:23.035 [JavaFX Application Thread] INFO  Engine               -       Ask questions and discuss at: https://github.com/AlmasB/FXGL/discussions
20:20:23.035 [JavaFX Application Thread] INFO  Engine               -              Join the FXGL chat at: https://gitter.im/AlmasB/FXGL
20:20:23.099 [JavaFX Application Thread] DEBUG PrimaryStageWindow   - Creating a JavaFX scene
20:20:23.099 [JavaFX Application Thread] DEBUG PrimaryStageWindow   - Target size > screen size
20:20:23.131 [JavaFX Application Thread] DEBUG PrimaryStageWindow   - Target settings size: 1536.0 x 864.0
20:20:23.131 [JavaFX Application Thread] DEBUG PrimaryStageWindow   - Scaled scene size:    1425.0 x 815.0
20:20:23.132 [JavaFX Application Thread] DEBUG PrimaryStageWindow   - Scaled ratio: (0.927734375, 0.9432870370370371)
20:20:23.132 [JavaFX Application Thread] DEBUG PrimaryStageWindow   - Set initial scene to FXGLStartupScene
20:20:23.137 [JavaFX Application Thread] DEBUG PrimaryStageWindow   - Opening main window
20:20:23.202 [JavaFX Application Thread] DEBUG PrimaryStageWindow   - Window border size: (15.0, 37.79998779296875)
20:20:23.203 [JavaFX Application Thread] DEBUG PrimaryStageWindow   - Scaled size: 1425.0 x 815.0
20:20:23.203 [JavaFX Application Thread] DEBUG PrimaryStageWindow   - Scaled ratio: (0.927734375, 0.9432870370370371)
20:20:23.203 [JavaFX Application Thread] DEBUG PrimaryStageWindow   - Scene size: 1425.0 x 815.0
20:20:23.203 [JavaFX Application Thread] DEBUG PrimaryStageWindow   - Stage size: 1440.0 x 852.7999877929688
20:20:23.208 [FXGL Background Thread 1 ] DEBUG Engine               - Initializing environment variables
20:20:23.250 [FXGL Background Thread 1 ] DEBUG FXGLAssetLoaderServi - User app class for loading assets: class ru.nsu.fit.dib.projectdib.App
20:20:23.250 [FXGL Background Thread 1 ] DEBUG GameApplicationServi - Applying CSS: fxgl_dark.css
20:20:23.251 [FXGL Background Thread 1 ] DEBUG FXGLAssetLoaderServi - Loading from file system: jar:file:///C:/Users/coffe/.m2/repository/com/github/almasb/fxgl/17/fxgl-17.jar!/fxglassets/ui/css/fxgl_dark.css
20:20:23.288 [FXGL Background Thread 1 ] DEBUG GameApplicationServi - Initializing application scenes
20:20:23.332 [FXGL Background Thread 1 ] DEBUG GameWorld            - Game world initialized
20:20:23.381 [FXGL Background Thread 1 ] DEBUG PhysicsWorld         - Physics world initialized: appHeight=864, physics.ppm=50,0
20:20:23.381 [FXGL Background Thread 1 ] DEBUG PhysicsWorld         - Using strategy: BRUTE_FORCE
20:20:23.385 [FXGL Background Thread 1 ] DEBUG GameScene            - Game scene initialized: 1536x864
20:20:23.396 [FXGL Background Thread 1 ] DEBUG FXGL.DefaultMenu     - createMenuBodyGameMenu()
20:20:23.409 [FXGL Background Thread 1 ] DEBUG FXGL.DefaultMenu     - createOptionsMenu()
20:20:23.417 [FXGL Background Thread 1 ] DEBUG FXGLAssetLoaderServi - Loading from file system: jar:file:///C:/Users/coffe/.m2/repository/com/github/almasb/fxgl/17/fxgl-17.jar!/fxglassets/textures/particles/smoke.png
20:20:23.477 [FXGL Background Thread 1 ] DEBUG FXGLAssetLoaderServi - Loading from file system: jar:file:///C:/Users/coffe/.m2/repository/com/github/almasb/fxgl/17/fxgl-17.jar!/fxglassets/textures/particles/trace_horizontal.png
20:20:23.508 [FXGL Background Thread 1 ] DEBUG GameApplicationServi - Application scenes initialized
20:20:23.522 [FXGL Background Thread 1 ] DEBUG SystemBundleService  - Loading FXGL system data
20:20:23.528 [FXGL Background Thread 1 ] DEBUG FileSystemAccess     - Reading from: F:\DeadInByte\system\fxgl.bundle
20:20:23.538 [FXGL Background Thread 1 ] DEBUG SystemBundleService  - Bundle FXGL: {}
20:20:23.538 [FXGL Background Thread 1 ] DEBUG UpdaterService       - Checking for updates
20:20:23.541 [FXGL Background Thread 4 ] DEBUG FXGLApplication      - Loading fonts
20:20:23.541 [FXGL Background Thread 1 ] DEBUG FXGLApplication      - Loading default localization
20:20:23.541 [FXGL Background Thread 4 ] DEBUG FXGLAssetLoaderServi - Loading from file system: jar:file:///C:/Users/coffe/.m2/repository/com/github/almasb/fxgl/17/fxgl-17.jar!/fxglassets/ui/fonts/VarelaRound-Regular.ttf
20:20:23.541 [FXGL Background Thread 1 ] DEBUG FXGLAssetLoaderServi - Loading from file system: jar:file:///C:/Users/coffe/.m2/repository/com/github/almasb/fxgl/17/fxgl-17.jar!/fxglassets/languages/english.lang
20:20:23.552 [FXGL Background Thread 1 ] INFO  FXGLApplication      - FXGL initialization took: 0,344 sec
20:20:23.561 [JavaFX Application Thread] DEBUG Input                - Registered new binding: action0 - W
20:20:23.562 [JavaFX Application Thread] DEBUG Input                - Registered new binding: action1 - S
20:20:23.562 [JavaFX Application Thread] DEBUG Input                - Registered new binding: action2 - A
20:20:23.563 [JavaFX Application Thread] DEBUG Input                - Registered new binding: action3 - D
20:20:23.563 [JavaFX Application Thread] DEBUG FXGLAssetLoaderServi - Loading from file system: jar:file:///C:/Users/coffe/.m2/repository/com/github/almasb/fxgl/17/fxgl-17.jar!/fxglassets/textures/fxgl_icon.png
20:20:23.586 [JavaFX Application Thread] DEBUG FXGLAssetLoaderServi - Loading from file system: jar:file:///C:/Users/coffe/.m2/repository/com/github/almasb/fxgl/17/fxgl-17.jar!/fxglassets/textures/fxgl_default_cursor.png
20:20:23.589 [JavaFX Application Thread] DEBUG Input                - Registered new binding: Screenshot - CTRL+8
20:20:23.590 [JavaFX Application Thread] DEBUG Input                - Registered new binding: System info dump - CTRL+9
20:20:23.590 [JavaFX Application Thread] DEBUG Input                - Registered new binding: Restart - CTRL+R
20:20:23.590 [JavaFX Application Thread] DEBUG Input                - Registered new binding: Toggle Debug Camera - CTRL+7
20:20:23.593 [JavaFX Application Thread] DEBUG LoopRunner           - Starting loop
20:20:23.593 [JavaFX Application Thread] DEBUG LoopRunner           - Initializing JavaFX AnimationTimerLoop
20:20:23.594 [FXGL Background Thread 4 ] DEBUG FXGLAssetLoaderServi - Loading from file system: jar:file:///C:/Users/coffe/.m2/repository/com/github/almasb/fxgl/17/fxgl-17.jar!/fxglassets/ui/fonts/Abel-Regular.ttf
20:20:23.596 [JavaFX Application Thread] DEBUG GameApplicationServi - Starting new game
20:20:23.596 [JavaFX Application Thread] DEBUG Input                - Clearing active input actions
20:20:23.600 [FXGL Background Thread 4 ] DEBUG FXGLAssetLoaderServi - Loading from file system: jar:file:///C:/Users/coffe/.m2/repository/com/github/almasb/fxgl/17/fxgl-17.jar!/fxglassets/ui/fonts/TerminalLandMono-Regular.otf
20:20:23.606 [FXGL Background Thread 4 ] DEBUG FXGLAssetLoaderServi - Loading from file system: jar:file:///C:/Users/coffe/.m2/repository/com/github/almasb/fxgl/17/fxgl-17.jar!/fxglassets/ui/fonts/Courier-Prime.ttf
20:20:23.611 [JavaFX Application Thread] DEBUG GameApplicationServi - Removing overlay from FXGLStartupScene and adding to FXGLLoadingScene
20:20:23.612 [JavaFX Application Thread] DEBUG PrimaryStageWindow   - FXGLStartupScene -> FXGLLoadingScene
20:20:23.612 [JavaFX Application Thread] DEBUG GameApplicationServi - Clearing previous game
20:20:23.612 [JavaFX Application Thread] DEBUG GameScene            - Clearing game scene
20:20:23.612 [JavaFX Application Thread] DEBUG GameWorld            - Clearing game world
20:20:23.612 [JavaFX Application Thread] DEBUG PhysicsWorld         - Clearing physics world
20:20:23.614 [FXGL Background Thread 1 ] DEBUG FXGLApplication      - Initializing game
20:20:23.659 [JavaFX Application Thread] DEBUG FXGLApplication      - Registering font factories with UI factory
20:20:23.662 [FXGL Background Thread 1 ] DEBUG TMXLevelLoader       - Parsed TiledMap: file:/F:/DeadInByte/target/classes/assets/levels/tmx/exlevel2.tmx
20:20:23.663 [FXGL Background Thread 1 ] DEBUG TMXLevelLoader       - Creating tile layer entities
20:20:23.665 [FXGL Background Thread 1 ] DEBUG TilesetLoader        - Loading view for layer Слой тайлов 1
20:20:23.665 [FXGL Background Thread 1 ] DEBUG TilesetLoader        - Created buffer with size 256.0x256.0
20:20:23.682 [FXGL Background Thread 1 ] DEBUG TMXLevelLoader       - Creating object layer entities
20:20:23.696 [FXGL Background Thread 1 ] DEBUG GameWorld            - Clearing removable entities
20:20:23.696 [FXGL Background Thread 1 ] DEBUG GameWorld            - Setting level: com.almasb.fxgl.entity.level.Level@4d5da8d9
20:20:23.700 [FXGL Background Thread 1 ] INFO  FXGLApplication      - Game initialization took: 0,086 sec
20:20:23.705 [JavaFX Application Thread] DEBUG Input                - Clearing active input actions
20:20:23.714 [JavaFX Application Thread] DEBUG GameApplicationServi - Removing overlay from FXGLLoadingScene and adding to GameScene
20:20:23.714 [JavaFX Application Thread] DEBUG PrimaryStageWindow   - FXGLLoadingScene -> GameScene
20:20:24.137 [FXGL Background Thread 2 ] INFO  UpdaterService       - Your current version:  17
20:20:24.137 [FXGL Background Thread 2 ] INFO  UpdaterService       - Latest stable version: 17.2
20:20:26.137 [JavaFX Application Thread] DEBUG FXGLApplication      - Exiting FXGL
20:20:26.137 [JavaFX Application Thread] DEBUG LoopRunner           - Stopping loop
20:20:26.137 [JavaFX Application Thread] DEBUG SystemBundleService  - Saving FXGL system data
20:20:26.139 [JavaFX Application Thread] DEBUG FileSystemAccess     - Writing to: F:\DeadInByte\system\fxgl.bundle
20:20:26.140 [JavaFX Application Thread] DEBUG Async                - Shutting down background threads
20:20:26.140 [JavaFX Application Thread] DEBUG PrimaryStageWindow   - Closing main window
20:20:26.149 [JavaFX Application Thread] DEBUG Logger               - Closing Logger
