11:24:56.889 [main                     ] DEBUG Logger               - Configured Logger
11:24:56.906 [main                     ] DEBUG GameApplication      - Logging settings
Title: DiB
Version: 0.0
Width: 800
Height: 600
Fullscreen: false
Intro: false
Profiling: false
Single step:false
App Mode: DEVELOPER
Menu Key: ESCAPE
Stage Style: DECORATED
Scene Factory: class com.almasb.fxgl.app.scene.SceneFactory

11:24:57.204 [JavaFX Application Thread] DEBUG FXGLApplication      - Initializing FXGL
11:24:57.208 [JavaFX Application Thread] INFO  Engine               - FXGL-17 (31.12.2021 18.16) on WINDOWS (J:18.0.1.1 FX:17.0.1)
11:24:57.209 [JavaFX Application Thread] DEBUG Engine               - JRE Vendor Name: Oracle Corporation
11:24:57.209 [JavaFX Application Thread] DEBUG Engine               - Running on OS: Windows 11 version 10.0
11:24:57.209 [JavaFX Application Thread] DEBUG Engine               - Architecture: amd64
11:24:57.209 [JavaFX Application Thread] INFO  Engine               - Source code and latest versions at: https://github.com/AlmasB/FXGL
11:24:57.209 [JavaFX Application Thread] INFO  Engine               -       Ask questions and discuss at: https://github.com/AlmasB/FXGL/discussions
11:24:57.210 [JavaFX Application Thread] INFO  Engine               -              Join the FXGL chat at: https://gitter.im/AlmasB/FXGL
11:24:57.269 [JavaFX Application Thread] DEBUG PrimaryStageWindow   - Creating a JavaFX scene
11:24:57.300 [JavaFX Application Thread] DEBUG PrimaryStageWindow   - Target settings size: 800.0 x 600.0
11:24:57.300 [JavaFX Application Thread] DEBUG PrimaryStageWindow   - Scaled scene size:    800.0 x 600.0
11:24:57.301 [JavaFX Application Thread] DEBUG PrimaryStageWindow   - Scaled ratio: (1.0, 1.0)
11:24:57.301 [JavaFX Application Thread] DEBUG PrimaryStageWindow   - Set initial scene to FXGLStartupScene
11:24:57.306 [JavaFX Application Thread] DEBUG PrimaryStageWindow   - Opening main window
11:24:57.366 [JavaFX Application Thread] DEBUG PrimaryStageWindow   - Window border size: (14.4000244140625, 37.5999755859375)
11:24:57.366 [JavaFX Application Thread] DEBUG PrimaryStageWindow   - Scaled size: 800.0 x 600.0
11:24:57.366 [JavaFX Application Thread] DEBUG PrimaryStageWindow   - Scaled ratio: (1.0, 1.0)
11:24:57.367 [JavaFX Application Thread] DEBUG PrimaryStageWindow   - Scene size: 800.0 x 600.0
11:24:57.367 [JavaFX Application Thread] DEBUG PrimaryStageWindow   - Stage size: 814.4000244140625 x 637.5999755859375
11:24:57.371 [FXGL Background Thread 1 ] DEBUG Engine               - Initializing environment variables
11:24:57.406 [FXGL Background Thread 1 ] DEBUG FXGLAssetLoaderServi - User app class for loading assets: class ru.nsu.fit.dib.projectdib.App
11:24:57.407 [FXGL Background Thread 1 ] DEBUG GameApplicationServi - Applying CSS: fxgl_dark.css
11:24:57.407 [FXGL Background Thread 1 ] DEBUG FXGLAssetLoaderServi - Loading from file system: jar:file:///C:/Users/coffe/.m2/repository/com/github/almasb/fxgl/17/fxgl-17.jar!/fxglassets/ui/css/fxgl_dark.css
11:24:57.439 [FXGL Background Thread 1 ] DEBUG GameApplicationServi - Initializing application scenes
11:24:57.468 [FXGL Background Thread 1 ] DEBUG GameWorld            - Game world initialized
11:24:57.517 [FXGL Background Thread 1 ] DEBUG PhysicsWorld         - Physics world initialized: appHeight=600, physics.ppm=50,0
11:24:57.517 [FXGL Background Thread 1 ] DEBUG PhysicsWorld         - Using strategy: BRUTE_FORCE
11:24:57.520 [FXGL Background Thread 1 ] DEBUG GameScene            - Game scene initialized: 800x600
11:24:57.529 [FXGL Background Thread 1 ] DEBUG FXGL.DefaultMenu     - createMenuBodyGameMenu()
11:24:57.538 [FXGL Background Thread 1 ] DEBUG FXGL.DefaultMenu     - createOptionsMenu()
11:24:57.545 [FXGL Background Thread 1 ] DEBUG FXGLAssetLoaderServi - Loading from file system: jar:file:///C:/Users/coffe/.m2/repository/com/github/almasb/fxgl/17/fxgl-17.jar!/fxglassets/textures/particles/smoke.png
11:24:57.605 [FXGL Background Thread 1 ] DEBUG FXGLAssetLoaderServi - Loading from file system: jar:file:///C:/Users/coffe/.m2/repository/com/github/almasb/fxgl/17/fxgl-17.jar!/fxglassets/textures/particles/trace_horizontal.png
11:24:57.628 [FXGL Background Thread 1 ] DEBUG GameApplicationServi - Application scenes initialized
11:24:57.637 [FXGL Background Thread 1 ] DEBUG SystemBundleService  - Loading FXGL system data
11:24:57.640 [FXGL Background Thread 1 ] DEBUG FileSystemAccess     - Reading from: F:\DeadInByte\system\fxgl.bundle
11:24:57.647 [FXGL Background Thread 1 ] DEBUG SystemBundleService  - Bundle FXGL: {}
11:24:57.647 [FXGL Background Thread 1 ] DEBUG UpdaterService       - Checking for updates
11:24:57.649 [FXGL Background Thread 4 ] DEBUG FXGLApplication      - Loading fonts
11:24:57.650 [FXGL Background Thread 1 ] DEBUG FXGLApplication      - Loading default localization
11:24:57.650 [FXGL Background Thread 4 ] DEBUG FXGLAssetLoaderServi - Loading from file system: jar:file:///C:/Users/coffe/.m2/repository/com/github/almasb/fxgl/17/fxgl-17.jar!/fxglassets/ui/fonts/VarelaRound-Regular.ttf
11:24:57.650 [FXGL Background Thread 1 ] DEBUG FXGLAssetLoaderServi - Loading from file system: jar:file:///C:/Users/coffe/.m2/repository/com/github/almasb/fxgl/17/fxgl-17.jar!/fxglassets/languages/english.lang
11:24:57.664 [FXGL Background Thread 1 ] INFO  FXGLApplication      - FXGL initialization took: 0,293 sec
11:24:57.673 [JavaFX Application Thread] DEBUG Input                - Registered new binding: action0 - W
11:24:57.673 [JavaFX Application Thread] DEBUG Input                - Registered new binding: action1 - S
11:24:57.674 [JavaFX Application Thread] DEBUG Input                - Registered new binding: action2 - A
11:24:57.674 [JavaFX Application Thread] DEBUG Input                - Registered new binding: action3 - D
11:24:57.675 [JavaFX Application Thread] DEBUG FXGLAssetLoaderServi - Loading from file system: jar:file:///C:/Users/coffe/.m2/repository/com/github/almasb/fxgl/17/fxgl-17.jar!/fxglassets/textures/fxgl_icon.png
11:24:57.694 [JavaFX Application Thread] DEBUG FXGLAssetLoaderServi - Loading from file system: jar:file:///C:/Users/coffe/.m2/repository/com/github/almasb/fxgl/17/fxgl-17.jar!/fxglassets/textures/fxgl_default_cursor.png
11:24:57.696 [JavaFX Application Thread] DEBUG Input                - Registered new binding: Screenshot - CTRL+8
11:24:57.696 [JavaFX Application Thread] DEBUG Input                - Registered new binding: System info dump - CTRL+9
11:24:57.697 [JavaFX Application Thread] DEBUG Input                - Registered new binding: Restart - CTRL+R
11:24:57.698 [JavaFX Application Thread] DEBUG Input                - Registered new binding: Toggle Debug Camera - CTRL+7
11:24:57.699 [JavaFX Application Thread] DEBUG LoopRunner           - Starting loop
11:24:57.700 [JavaFX Application Thread] DEBUG LoopRunner           - Initializing JavaFX AnimationTimerLoop
11:24:57.700 [FXGL Background Thread 4 ] DEBUG FXGLAssetLoaderServi - Loading from file system: jar:file:///C:/Users/coffe/.m2/repository/com/github/almasb/fxgl/17/fxgl-17.jar!/fxglassets/ui/fonts/Abel-Regular.ttf
11:24:57.700 [JavaFX Application Thread] DEBUG GameApplicationServi - Starting new game
11:24:57.701 [JavaFX Application Thread] DEBUG Input                - Clearing active input actions
11:24:57.703 [FXGL Background Thread 4 ] DEBUG FXGLAssetLoaderServi - Loading from file system: jar:file:///C:/Users/coffe/.m2/repository/com/github/almasb/fxgl/17/fxgl-17.jar!/fxglassets/ui/fonts/TerminalLandMono-Regular.otf
11:24:57.706 [FXGL Background Thread 4 ] DEBUG FXGLAssetLoaderServi - Loading from file system: jar:file:///C:/Users/coffe/.m2/repository/com/github/almasb/fxgl/17/fxgl-17.jar!/fxglassets/ui/fonts/Courier-Prime.ttf
11:24:57.711 [JavaFX Application Thread] DEBUG GameApplicationServi - Removing overlay from FXGLStartupScene and adding to FXGLLoadingScene
11:24:57.712 [JavaFX Application Thread] DEBUG PrimaryStageWindow   - FXGLStartupScene -> FXGLLoadingScene
11:24:57.712 [JavaFX Application Thread] DEBUG GameApplicationServi - Clearing previous game
11:24:57.712 [JavaFX Application Thread] DEBUG GameScene            - Clearing game scene
11:24:57.712 [JavaFX Application Thread] DEBUG GameWorld            - Clearing game world
11:24:57.712 [JavaFX Application Thread] DEBUG PhysicsWorld         - Clearing physics world
11:24:57.713 [FXGL Background Thread 4 ] DEBUG FXGLApplication      - Initializing game
11:24:57.738 [JavaFX Application Thread] DEBUG FXGLApplication      - Registering font factories with UI factory
11:24:57.747 [FXGL Background Thread 4 ] DEBUG TMXLevelLoader       - Parsed TiledMap: file:/F:/DeadInByte/target/classes/assets/levels/tmx/exlevel2.tmx
11:24:57.748 [FXGL Background Thread 4 ] DEBUG TMXLevelLoader       - Creating tile layer entities
11:24:57.749 [FXGL Background Thread 4 ] DEBUG TilesetLoader        - Loading view for layer Слой тайлов 1
11:24:57.750 [FXGL Background Thread 4 ] DEBUG TilesetLoader        - Created buffer with size 256.0x256.0
11:24:57.753 [FXGL Background Thread 4 ] WARN  TilesetLoader        - 0x72_DungeonTilesetII_v1.4.png cannot be loaded using mapURL=file:/F:/DeadInByte/target/classes/assets/levels/tmx/exlevel2.tmx
java.io.FileNotFoundException: F:\DeadInByte\target\classes\assets\levels\tmx\0x72_DungeonTilesetII_v1.4.png (Не удается найти указанный файл)
	at java.base/java.io.FileInputStream.open0(Native Method)
	at java.base/java.io.FileInputStream.open(FileInputStream.java:216)
	at java.base/java.io.FileInputStream.<init>(FileInputStream.java:157)
	at java.base/java.io.FileInputStream.<init>(FileInputStream.java:111)
	at java.base/sun.net.www.protocol.file.FileURLConnection.connect(FileURLConnection.java:86)
	at java.base/sun.net.www.protocol.file.FileURLConnection.getInputStream(FileURLConnection.java:189)
	at java.base/java.net.URL.openStream(URL.java:1161)
	at com.almasb.fxgl.entity@17/com.almasb.fxgl.entity.level.tiled.TilesetLoader.loadImage(TilesetLoader.kt:335)
	at com.almasb.fxgl.entity@17/com.almasb.fxgl.entity.level.tiled.TilesetLoader.loadView(TilesetLoader.kt:133)
	at com.almasb.fxgl.entity@17/com.almasb.fxgl.entity.level.tiled.TMXLevelLoader.createTileLayerEntities$lambda-4(TMXLevelLoader.kt:99)
	at java.base/java.util.stream.ReferencePipeline$3$1.accept(ReferencePipeline.java:197)
	at java.base/java.util.ArrayList$ArrayListSpliterator.forEachRemaining(ArrayList.java:1625)
	at java.base/java.util.stream.AbstractPipeline.copyInto(AbstractPipeline.java:509)
	at java.base/java.util.stream.AbstractPipeline.wrapAndCopyInto(AbstractPipeline.java:499)
	at java.base/java.util.stream.ReduceOps$ReduceOp.evaluateSequential(ReduceOps.java:921)
	at java.base/java.util.stream.AbstractPipeline.evaluate(AbstractPipeline.java:234)
	at java.base/java.util.stream.ReferencePipeline.collect(ReferencePipeline.java:682)
	at com.almasb.fxgl.entity@17/com.almasb.fxgl.entity.level.tiled.TMXLevelLoader.createTileLayerEntities(TMXLevelLoader.kt:112)
	at com.almasb.fxgl.entity@17/com.almasb.fxgl.entity.level.tiled.TMXLevelLoader.load(TMXLevelLoader.kt:57)
	at com.almasb.fxgl.all@17/com.almasb.fxgl.app.services.FXGLAssetLoaderService.loadLevel(FXGLAssetLoaderService.kt:446)
	at com.almasb.fxgl.all@17/com.almasb.fxgl.dsl.FXGL$Companion.setLevelFromMap(FXGL.kt:530)
	at com.almasb.fxgl.all@17/com.almasb.fxgl.dsl.FXGL.setLevelFromMap(FXGL.kt)
	at projectdib.main/ru.nsu.fit.dib.projectdib.App.initGame(App.java:43)
	at com.almasb.fxgl.all@17/com.almasb.fxgl.app.FXGLApplication$InitAppTask.initGame(FXGLApplication.kt:339)
	at com.almasb.fxgl.all@17/com.almasb.fxgl.app.FXGLApplication$InitAppTask.call(FXGLApplication.kt:319)
	at com.almasb.fxgl.all@17/com.almasb.fxgl.app.FXGLApplication$InitAppTask.call(FXGLApplication.kt:311)
	at javafx.graphics/javafx.concurrent.Task$TaskCallable.call(Task.java:1426)
	at java.base/java.util.concurrent.FutureTask.run(FutureTask.java:264)
	at java.base/java.util.concurrent.Executors$RunnableAdapter.call(Executors.java:539)
	at java.base/java.util.concurrent.FutureTask.run(FutureTask.java:264)
	at java.base/java.util.concurrent.ThreadPoolExecutor.runWorker(ThreadPoolExecutor.java:1136)
	at java.base/java.util.concurrent.ThreadPoolExecutor$Worker.run(ThreadPoolExecutor.java:635)
	at java.base/java.lang.Thread.run(Thread.java:833)

11:24:57.829 [FXGL Background Thread 4 ] DEBUG TMXLevelLoader       - Creating object layer entities
11:24:57.841 [FXGL Background Thread 4 ] DEBUG GameWorld            - Clearing removable entities
11:24:57.841 [FXGL Background Thread 4 ] DEBUG GameWorld            - Setting level: com.almasb.fxgl.entity.level.Level@c2ce92d
11:24:57.845 [FXGL Background Thread 4 ] INFO  FXGLApplication      - Game initialization took: 0,132 sec
11:24:57.845 [JavaFX Application Thread] DEBUG Input                - Clearing active input actions
11:24:57.850 [JavaFX Application Thread] DEBUG GameApplicationServi - Removing overlay from FXGLLoadingScene and adding to GameScene
11:24:57.851 [JavaFX Application Thread] DEBUG PrimaryStageWindow   - FXGLLoadingScene -> GameScene
11:24:58.425 [FXGL Background Thread 2 ] INFO  UpdaterService       - Your current version:  17
11:24:58.426 [FXGL Background Thread 2 ] INFO  UpdaterService       - Latest stable version: 17.2
11:25:00.649 [FXGL Background Thread 3 ] DEBUG Engine               - Logging environment variables
11:25:00.649 [FXGL Background Thread 3 ] DEBUG Engine               - achievements: []
11:25:00.650 [FXGL Background Thread 3 ] DEBUG Engine               - actualHeight: 600.0
11:25:00.650 [FXGL Background Thread 3 ] DEBUG Engine               - actualHeightProperty: ReadOnlyDoubleProperty [value: 600.0]
11:25:00.650 [FXGL Background Thread 3 ] DEBUG Engine               - actualWidth: 800.0
11:25:00.650 [FXGL Background Thread 3 ] DEBUG Engine               - actualWidthProperty: ReadOnlyDoubleProperty [value: 800.0]
11:25:00.650 [FXGL Background Thread 3 ] DEBUG Engine               - appIcon: fxgl_icon.png
11:25:00.650 [FXGL Background Thread 3 ] DEBUG Engine               - applicationMode: DEVELOPER
11:25:00.650 [FXGL Background Thread 3 ] DEBUG Engine               - cSSList: [fxgl_dark.css]
11:25:00.650 [FXGL Background Thread 3 ] DEBUG Engine               - collisionDetectionStrategy: BRUTE_FORCE
11:25:00.650 [FXGL Background Thread 3 ] DEBUG Engine               - configClass: Optional.empty
11:25:00.650 [FXGL Background Thread 3 ] DEBUG Engine               - credits: []
11:25:00.650 [FXGL Background Thread 3 ] DEBUG Engine               - defaultCursor: CursorInfo(imageName=fxgl_default_cursor.png, hotspotX=7.0, hotspotY=6.0)
11:25:00.651 [FXGL Background Thread 3 ] DEBUG Engine               - devBBoxColorProperty: ObjectProperty [value: 0xff0000ff]
11:25:00.651 [FXGL Background Thread 3 ] DEBUG Engine               - devEnableDebugCameraProperty: BooleanProperty [value: false]
11:25:00.651 [FXGL Background Thread 3 ] DEBUG Engine               - devSensorColorProperty: ObjectProperty [value: 0xffff00ff]
11:25:00.651 [FXGL Background Thread 3 ] DEBUG Engine               - devShowBBoxProperty: BooleanProperty [value: false]
11:25:00.651 [FXGL Background Thread 3 ] DEBUG Engine               - devShowPositionProperty: BooleanProperty [value: false]
11:25:00.651 [FXGL Background Thread 3 ] DEBUG Engine               - enabledMenuItems: []
11:25:00.651 [FXGL Background Thread 3 ] DEBUG Engine               - engineServices: [class com.almasb.fxgl.app.services.FXGLAssetLoaderService, class com.almasb.fxgl.app.FXGLApplication$GameApplicationService, class com.almasb.fxgl.app.services.FXGLDialogService, class com.almasb.fxgl.app.services.IOTaskExecutorService, class com.almasb.fxgl.io.FileSystemService, class com.almasb.fxgl.localization.LocalizationService, class com.almasb.fxgl.app.services.SystemBundleService, class com.almasb.fxgl.profile.SaveLoadService, class com.almasb.fxgl.ui.FXGLUIFactoryServiceProvider, class com.almasb.fxgl.ui.FXGLDialogFactoryServiceProvider, class com.almasb.fxgl.audio.AudioPlayer, class com.almasb.fxgl.notification.impl.NotificationServiceProvider, class com.almasb.fxgl.achievement.AchievementService, class com.almasb.fxgl.cutscene.CutsceneService, class com.almasb.fxgl.minigames.MiniGameService, class com.almasb.fxgl.net.NetService, class com.almasb.fxgl.app.services.UpdaterService, class com.almasb.fxgl.dev.DevService]
11:25:00.651 [FXGL Background Thread 3 ] DEBUG Engine               - fontGame: Abel-Regular.ttf
11:25:00.651 [FXGL Background Thread 3 ] DEBUG Engine               - fontMono: TerminalLandMono-Regular.otf
11:25:00.651 [FXGL Background Thread 3 ] DEBUG Engine               - fontText: Courier-Prime.ttf
11:25:00.651 [FXGL Background Thread 3 ] DEBUG Engine               - fontUI: VarelaRound-Regular.ttf
11:25:00.651 [FXGL Background Thread 3 ] DEBUG Engine               - fullScreen: BooleanProperty [value: false]
11:25:00.651 [FXGL Background Thread 3 ] DEBUG Engine               - gameDifficulty: MEDIUM
11:25:00.651 [FXGL Background Thread 3 ] DEBUG Engine               - gameDifficultyProperty: ObjectProperty [value: MEDIUM]
11:25:00.651 [FXGL Background Thread 3 ] DEBUG Engine               - globalMusicVolume: 0.5
11:25:00.651 [FXGL Background Thread 3 ] DEBUG Engine               - globalMusicVolumeProperty: DoubleProperty [value: 0.5]
11:25:00.651 [FXGL Background Thread 3 ] DEBUG Engine               - globalSoundVolume: 0.5
11:25:00.651 [FXGL Background Thread 3 ] DEBUG Engine               - globalSoundVolumeProperty: DoubleProperty [value: 0.5]
11:25:00.651 [FXGL Background Thread 3 ] DEBUG Engine               - height: 600
11:25:00.651 [FXGL Background Thread 3 ] DEBUG Engine               - is3D: false
11:25:00.651 [FXGL Background Thread 3 ] DEBUG Engine               - isAndroid: false
11:25:00.651 [FXGL Background Thread 3 ] DEBUG Engine               - isBrowser: false
11:25:00.652 [FXGL Background Thread 3 ] DEBUG Engine               - isClickFeedbackEnabled: false
11:25:00.652 [FXGL Background Thread 3 ] DEBUG Engine               - isCloseConfirmation: false
11:25:00.652 [FXGL Background Thread 3 ] DEBUG Engine               - isDesktop: true
11:25:00.652 [FXGL Background Thread 3 ] DEBUG Engine               - isDeveloperMenuEnabled: false
11:25:00.652 [FXGL Background Thread 3 ] DEBUG Engine               - isEmbedded: false
11:25:00.652 [FXGL Background Thread 3 ] DEBUG Engine               - isEntityPreloadEnabled: true
11:25:00.652 [FXGL Background Thread 3 ] DEBUG Engine               - isExperimentalTiledLargeMap: false
11:25:00.652 [FXGL Background Thread 3 ] DEBUG Engine               - isFileSystemWriteAllowed: true
11:25:00.652 [FXGL Background Thread 3 ] DEBUG Engine               - isFullScreenAllowed: false
11:25:00.652 [FXGL Background Thread 3 ] DEBUG Engine               - isFullScreenFromStart: false
11:25:00.652 [FXGL Background Thread 3 ] DEBUG Engine               - isGameMenuEnabled: true
11:25:00.652 [FXGL Background Thread 3 ] DEBUG Engine               - isIOS: false
11:25:00.652 [FXGL Background Thread 3 ] DEBUG Engine               - isIntroEnabled: false
11:25:00.652 [FXGL Background Thread 3 ] DEBUG Engine               - isLinux: false
11:25:00.652 [FXGL Background Thread 3 ] DEBUG Engine               - isMac: false
11:25:00.652 [FXGL Background Thread 3 ] DEBUG Engine               - isMainMenuEnabled: false
11:25:00.652 [FXGL Background Thread 3 ] DEBUG Engine               - isManualResizeEnabled: false
11:25:00.652 [FXGL Background Thread 3 ] DEBUG Engine               - isMobile: false
11:25:00.652 [FXGL Background Thread 3 ] DEBUG Engine               - isNative: false
11:25:00.652 [FXGL Background Thread 3 ] DEBUG Engine               - isPauseMusicWhenMinimized: true
11:25:00.652 [FXGL Background Thread 3 ] DEBUG Engine               - isPreserveResizeRatio: false
11:25:00.652 [FXGL Background Thread 3 ] DEBUG Engine               - isProfilingEnabled: false
11:25:00.652 [FXGL Background Thread 3 ] DEBUG Engine               - isScaleAffectedOnResize: true
11:25:00.652 [FXGL Background Thread 3 ] DEBUG Engine               - isSingleStep: false
11:25:00.652 [FXGL Background Thread 3 ] DEBUG Engine               - isUserProfileEnabled: false
11:25:00.652 [FXGL Background Thread 3 ] DEBUG Engine               - isWindows: true
11:25:00.652 [FXGL Background Thread 3 ] DEBUG Engine               - language: ObjectProperty [value: ENGLISH]
11:25:00.652 [FXGL Background Thread 3 ] DEBUG Engine               - menuKey: ESCAPE
11:25:00.652 [FXGL Background Thread 3 ] DEBUG Engine               - mouseSensitivity: 0.2
11:25:00.652 [FXGL Background Thread 3 ] DEBUG Engine               - notificationViewClass: class com.almasb.fxgl.notification.view.XboxNotificationView
11:25:00.652 [FXGL Background Thread 3 ] DEBUG Engine               - pixelsPerMeter: 50.0
11:25:00.652 [FXGL Background Thread 3 ] DEBUG Engine               - platform: WINDOWS
11:25:00.652 [FXGL Background Thread 3 ] DEBUG Engine               - prefHeightProperty: ReadOnlyDoubleProperty [value: 600.0]
11:25:00.653 [FXGL Background Thread 3 ] DEBUG Engine               - prefWidthProperty: ReadOnlyDoubleProperty [value: 800.0]
11:25:00.653 [FXGL Background Thread 3 ] DEBUG Engine               - profileDir: profiles/
11:25:00.653 [FXGL Background Thread 3 ] DEBUG Engine               - profileName: StringProperty [value: DEFAULT]
11:25:00.653 [FXGL Background Thread 3 ] DEBUG Engine               - randomSeed: -1
11:25:00.653 [FXGL Background Thread 3 ] DEBUG Engine               - runtimeInfo: RuntimeInfo(platform=WINDOWS, version=17, build=31.12.2021 18.16)
11:25:00.653 [FXGL Background Thread 3 ] DEBUG Engine               - saveFileExt: sav
11:25:00.653 [FXGL Background Thread 3 ] DEBUG Engine               - scaledHeightProp$fxgl: DoubleProperty [bound, value: 600.0]
11:25:00.653 [FXGL Background Thread 3 ] DEBUG Engine               - scaledWidthProp$fxgl: DoubleProperty [bound, value: 800.0]
11:25:00.653 [FXGL Background Thread 3 ] DEBUG Engine               - sceneFactory: com.almasb.fxgl.app.scene.SceneFactory@718ae85e
11:25:00.653 [FXGL Background Thread 3 ] DEBUG Engine               - secondsIn24h: 60
11:25:00.653 [FXGL Background Thread 3 ] DEBUG Engine               - soundMenuBack: menu/back.wav
11:25:00.653 [FXGL Background Thread 3 ] DEBUG Engine               - soundMenuPress: menu/press.wav
11:25:00.653 [FXGL Background Thread 3 ] DEBUG Engine               - soundMenuSelect: menu/select.wav
11:25:00.653 [FXGL Background Thread 3 ] DEBUG Engine               - soundNotification: core/notification.wav
11:25:00.653 [FXGL Background Thread 3 ] DEBUG Engine               - stageStyle: DECORATED
11:25:00.653 [FXGL Background Thread 3 ] DEBUG Engine               - supportedLanguages: [ENGLISH, FRENCH, GERMAN, HUNGARIAN, RUSSIAN]
11:25:00.653 [FXGL Background Thread 3 ] DEBUG Engine               - ticksPerSecond: -1
11:25:00.653 [FXGL Background Thread 3 ] DEBUG Engine               - title: DiB
11:25:00.653 [FXGL Background Thread 3 ] DEBUG Engine               - urlGithub: https://github.com/AlmasB/FXGL
11:25:00.653 [FXGL Background Thread 3 ] DEBUG Engine               - urlLeaderboard: http://fxgl-top.herokuapp.com/
11:25:00.653 [FXGL Background Thread 3 ] DEBUG Engine               - urlPOM: https://raw.githubusercontent.com/AlmasB/FXGL/release/README.md
11:25:00.653 [FXGL Background Thread 3 ] DEBUG Engine               - userAppClass: class ru.nsu.fit.dib.projectdib.App
11:25:00.653 [FXGL Background Thread 3 ] DEBUG Engine               - version: 0.0
11:25:00.653 [FXGL Background Thread 3 ] DEBUG Engine               - versionCheckDays: 7
11:25:00.653 [FXGL Background Thread 3 ] DEBUG Engine               - width: 800
11:25:00.653 [FXGL Background Thread 3 ] DEBUG Engine               - Logging services
11:25:00.653 [FXGL Background Thread 3 ] DEBUG Engine               - class com.almasb.fxgl.app.services.FXGLAssetLoaderService
11:25:00.653 [FXGL Background Thread 3 ] DEBUG Engine               - class com.almasb.fxgl.app.FXGLApplication$GameApplicationService
11:25:00.653 [FXGL Background Thread 3 ] DEBUG Engine               - class com.almasb.fxgl.app.services.FXGLDialogService
11:25:00.653 [FXGL Background Thread 3 ] DEBUG Engine               - class com.almasb.fxgl.app.services.IOTaskExecutorService
11:25:00.653 [FXGL Background Thread 3 ] DEBUG Engine               - class com.almasb.fxgl.io.FileSystemService
11:25:00.653 [FXGL Background Thread 3 ] DEBUG Engine               - class com.almasb.fxgl.localization.LocalizationService
11:25:00.653 [FXGL Background Thread 3 ] DEBUG Engine               - class com.almasb.fxgl.app.services.SystemBundleService
11:25:00.653 [FXGL Background Thread 3 ] DEBUG Engine               - class com.almasb.fxgl.profile.SaveLoadService
11:25:00.653 [FXGL Background Thread 3 ] DEBUG Engine               - class com.almasb.fxgl.ui.FXGLUIFactoryServiceProvider
11:25:00.653 [FXGL Background Thread 3 ] DEBUG Engine               - class com.almasb.fxgl.ui.FXGLDialogFactoryServiceProvider
11:25:00.653 [FXGL Background Thread 3 ] DEBUG Engine               - class com.almasb.fxgl.audio.AudioPlayer
11:25:00.653 [FXGL Background Thread 3 ] DEBUG Engine               - class com.almasb.fxgl.notification.impl.NotificationServiceProvider
11:25:00.653 [FXGL Background Thread 3 ] DEBUG Engine               - class com.almasb.fxgl.achievement.AchievementService
11:25:00.654 [FXGL Background Thread 3 ] DEBUG Engine               - class com.almasb.fxgl.cutscene.CutsceneService
11:25:00.654 [FXGL Background Thread 3 ] DEBUG Engine               - class com.almasb.fxgl.minigames.MiniGameService
11:25:00.654 [FXGL Background Thread 3 ] DEBUG Engine               - class com.almasb.fxgl.net.NetService
11:25:00.654 [FXGL Background Thread 3 ] DEBUG Engine               - class com.almasb.fxgl.app.services.UpdaterService
11:25:00.654 [FXGL Background Thread 3 ] DEBUG Engine               - class com.almasb.fxgl.dev.DevService
11:25:10.340 [JavaFX Application Thread] DEBUG FXGLApplication      - Exiting FXGL
11:25:10.340 [JavaFX Application Thread] DEBUG LoopRunner           - Stopping loop
11:25:10.340 [JavaFX Application Thread] DEBUG SystemBundleService  - Saving FXGL system data
11:25:10.341 [JavaFX Application Thread] DEBUG FileSystemAccess     - Writing to: F:\DeadInByte\system\fxgl.bundle
11:25:10.342 [JavaFX Application Thread] DEBUG Async                - Shutting down background threads
11:25:10.342 [JavaFX Application Thread] DEBUG PrimaryStageWindow   - Closing main window
11:25:10.350 [JavaFX Application Thread] DEBUG Logger               - Closing Logger
