00:07:11.636 [main                     ] DEBUG Logger               - Configured Logger
00:07:11.659 [main                     ] DEBUG GameApplication      - Logging settings
Title: DiB
Version: 0.0
Width: 800
Height: 600
Fullscreen: false
Intro: false
Profiling: false
Single step:false
App Mode: DEVELOPER
Menu Key: ESCAPE
Stage Style: DECORATED
Scene Factory: class com.almasb.fxgl.app.scene.SceneFactory

00:07:11.909 [JavaFX Application Thread] DEBUG FXGLApplication      - Initializing FXGL
00:07:11.913 [JavaFX Application Thread] INFO  Engine               - FXGL-17 (31.12.2021 18.16) on WINDOWS (J:17.0.4 FX:17.0.1)
00:07:11.914 [JavaFX Application Thread] DEBUG Engine               - JRE Vendor Name: Eclipse Adoptium
00:07:11.914 [JavaFX Application Thread] DEBUG Engine               - Running on OS: Windows 11 version 10.0
00:07:11.914 [JavaFX Application Thread] DEBUG Engine               - Architecture: amd64
00:07:11.914 [JavaFX Application Thread] INFO  Engine               - Source code and latest versions at: https://github.com/AlmasB/FXGL
00:07:11.914 [JavaFX Application Thread] INFO  Engine               -       Ask questions and discuss at: https://github.com/AlmasB/FXGL/discussions
00:07:11.914 [JavaFX Application Thread] INFO  Engine               -              Join the FXGL chat at: https://gitter.im/AlmasB/FXGL
00:07:11.976 [JavaFX Application Thread] DEBUG PrimaryStageWindow   - Creating a JavaFX scene
00:07:12.008 [JavaFX Application Thread] DEBUG PrimaryStageWindow   - Target settings size: 800.0 x 600.0
00:07:12.008 [JavaFX Application Thread] DEBUG PrimaryStageWindow   - Scaled scene size:    800.0 x 600.0
00:07:12.009 [JavaFX Application Thread] DEBUG PrimaryStageWindow   - Scaled ratio: (1.0, 1.0)
00:07:12.009 [JavaFX Application Thread] DEBUG PrimaryStageWindow   - Set initial scene to FXGLStartupScene
00:07:12.014 [JavaFX Application Thread] DEBUG PrimaryStageWindow   - Opening main window
00:07:12.069 [JavaFX Application Thread] DEBUG PrimaryStageWindow   - Window border size: (14.4000244140625, 37.5999755859375)
00:07:12.070 [JavaFX Application Thread] DEBUG PrimaryStageWindow   - Scaled size: 800.0 x 600.0
00:07:12.070 [JavaFX Application Thread] DEBUG PrimaryStageWindow   - Scaled ratio: (1.0, 1.0)
00:07:12.070 [JavaFX Application Thread] DEBUG PrimaryStageWindow   - Scene size: 800.0 x 600.0
00:07:12.071 [JavaFX Application Thread] DEBUG PrimaryStageWindow   - Stage size: 814.4000244140625 x 637.5999755859375
00:07:12.077 [FXGL Background Thread 1 ] DEBUG Engine               - Initializing environment variables
00:07:12.103 [FXGL Background Thread 1 ] DEBUG FXGLAssetLoaderServi - User app class for loading assets: class ru.nsu.fit.dib.projectdib.App
00:07:12.103 [FXGL Background Thread 1 ] DEBUG GameApplicationServi - Applying CSS: fxgl_dark.css
00:07:12.104 [FXGL Background Thread 1 ] DEBUG FXGLAssetLoaderServi - Loading from file system: jar:file:///C:/Users/coffe/.m2/repository/com/github/almasb/fxgl/17/fxgl-17.jar!/fxglassets/ui/css/fxgl_dark.css
00:07:12.140 [FXGL Background Thread 1 ] DEBUG GameApplicationServi - Initializing application scenes
00:07:12.170 [FXGL Background Thread 1 ] DEBUG GameWorld            - Game world initialized
00:07:12.224 [FXGL Background Thread 1 ] DEBUG PhysicsWorld         - Physics world initialized: appHeight=600, physics.ppm=50,0
00:07:12.224 [FXGL Background Thread 1 ] DEBUG PhysicsWorld         - Using strategy: BRUTE_FORCE
00:07:12.227 [FXGL Background Thread 1 ] DEBUG GameScene            - Game scene initialized: 800x600
00:07:12.237 [FXGL Background Thread 1 ] DEBUG FXGL.DefaultMenu     - createMenuBodyGameMenu()
00:07:12.250 [FXGL Background Thread 1 ] DEBUG FXGL.DefaultMenu     - createOptionsMenu()
00:07:12.258 [FXGL Background Thread 1 ] DEBUG FXGLAssetLoaderServi - Loading from file system: jar:file:///C:/Users/coffe/.m2/repository/com/github/almasb/fxgl/17/fxgl-17.jar!/fxglassets/textures/particles/smoke.png
00:07:12.332 [FXGL Background Thread 1 ] DEBUG FXGLAssetLoaderServi - Loading from file system: jar:file:///C:/Users/coffe/.m2/repository/com/github/almasb/fxgl/17/fxgl-17.jar!/fxglassets/textures/particles/trace_horizontal.png
00:07:12.361 [FXGL Background Thread 1 ] DEBUG GameApplicationServi - Application scenes initialized
00:07:12.377 [FXGL Background Thread 1 ] DEBUG SystemBundleService  - Loading FXGL system data
00:07:12.381 [FXGL Background Thread 1 ] DEBUG FileSystemAccess     - Reading from: F:\DeadInByte\system\fxgl.bundle
00:07:12.393 [FXGL Background Thread 1 ] DEBUG SystemBundleService  - Bundle FXGL: {}
00:07:12.393 [FXGL Background Thread 1 ] DEBUG UpdaterService       - Checking for updates
00:07:12.399 [FXGL Background Thread 1 ] DEBUG FXGLApplication      - Loading default localization
00:07:12.400 [FXGL Background Thread 1 ] DEBUG FXGLAssetLoaderServi - Loading from file system: jar:file:///C:/Users/coffe/.m2/repository/com/github/almasb/fxgl/17/fxgl-17.jar!/fxglassets/languages/english.lang
00:07:12.401 [FXGL Background Thread 4 ] DEBUG FXGLApplication      - Loading fonts
00:07:12.401 [FXGL Background Thread 4 ] DEBUG FXGLAssetLoaderServi - Loading from file system: jar:file:///C:/Users/coffe/.m2/repository/com/github/almasb/fxgl/17/fxgl-17.jar!/fxglassets/ui/fonts/VarelaRound-Regular.ttf
00:07:12.425 [FXGL Background Thread 1 ] INFO  FXGLApplication      - FXGL initialization took: 0,349 sec
00:07:12.441 [JavaFX Application Thread] DEBUG Input                - Registered new binding: action0 - W
00:07:12.441 [JavaFX Application Thread] DEBUG Input                - Registered new binding: action1 - S
00:07:12.442 [JavaFX Application Thread] DEBUG Input                - Registered new binding: action2 - A
00:07:12.443 [JavaFX Application Thread] DEBUG Input                - Registered new binding: action3 - D
00:07:12.443 [JavaFX Application Thread] DEBUG FXGLAssetLoaderServi - Loading from file system: jar:file:///C:/Users/coffe/.m2/repository/com/github/almasb/fxgl/17/fxgl-17.jar!/fxglassets/textures/fxgl_icon.png
00:07:12.468 [JavaFX Application Thread] DEBUG FXGLAssetLoaderServi - Loading from file system: jar:file:///C:/Users/coffe/.m2/repository/com/github/almasb/fxgl/17/fxgl-17.jar!/fxglassets/textures/fxgl_default_cursor.png
00:07:12.472 [JavaFX Application Thread] DEBUG Input                - Registered new binding: Screenshot - CTRL+8
00:07:12.473 [JavaFX Application Thread] DEBUG Input                - Registered new binding: System info dump - CTRL+9
00:07:12.474 [JavaFX Application Thread] DEBUG Input                - Registered new binding: Restart - CTRL+R
00:07:12.474 [FXGL Background Thread 4 ] DEBUG FXGLAssetLoaderServi - Loading from file system: jar:file:///C:/Users/coffe/.m2/repository/com/github/almasb/fxgl/17/fxgl-17.jar!/fxglassets/ui/fonts/Abel-Regular.ttf
00:07:12.475 [JavaFX Application Thread] DEBUG Input                - Registered new binding: Toggle Debug Camera - CTRL+7
00:07:12.482 [FXGL Background Thread 4 ] DEBUG FXGLAssetLoaderServi - Loading from file system: jar:file:///C:/Users/coffe/.m2/repository/com/github/almasb/fxgl/17/fxgl-17.jar!/fxglassets/ui/fonts/TerminalLandMono-Regular.otf
00:07:12.484 [JavaFX Application Thread] DEBUG LoopRunner           - Starting loop
00:07:12.484 [JavaFX Application Thread] DEBUG LoopRunner           - Initializing JavaFX AnimationTimerLoop
00:07:12.489 [FXGL Background Thread 4 ] DEBUG FXGLAssetLoaderServi - Loading from file system: jar:file:///C:/Users/coffe/.m2/repository/com/github/almasb/fxgl/17/fxgl-17.jar!/fxglassets/ui/fonts/Courier-Prime.ttf
00:07:12.490 [JavaFX Application Thread] DEBUG GameApplicationServi - Starting new game
00:07:12.490 [JavaFX Application Thread] DEBUG Input                - Clearing active input actions
00:07:12.501 [JavaFX Application Thread] DEBUG GameApplicationServi - Removing overlay from FXGLStartupScene and adding to FXGLLoadingScene
00:07:12.502 [JavaFX Application Thread] DEBUG PrimaryStageWindow   - FXGLStartupScene -> FXGLLoadingScene
00:07:12.502 [JavaFX Application Thread] DEBUG GameApplicationServi - Clearing previous game
00:07:12.502 [JavaFX Application Thread] DEBUG GameScene            - Clearing game scene
00:07:12.502 [JavaFX Application Thread] DEBUG GameWorld            - Clearing game world
00:07:12.502 [JavaFX Application Thread] DEBUG PhysicsWorld         - Clearing physics world
00:07:12.504 [FXGL Background Thread 4 ] DEBUG FXGLApplication      - Initializing game
00:07:12.549 [JavaFX Application Thread] DEBUG FXGLApplication      - Registering font factories with UI factory
00:07:12.551 [FXGL Background Thread 4 ] WARN  TMXLevelLoader       - TiledMap generated from 1.9.2. Supported version: 1.2.3. Some features may not be parsed fully.
00:07:12.560 [FXGL Background Thread 4 ] WARN  TMXLevelLoader       - Parse error
javax.xml.stream.XMLStreamException: ParseError at [row,col]:[8,46]
Message: elementGetText() function expects text only elment but START_ELEMENT was encountered.
	at java.xml/com.sun.org.apache.xerces.internal.impl.XMLStreamReaderImpl.getElementText(XMLStreamReaderImpl.java:918)
	at java.xml/com.sun.xml.internal.stream.XMLEventReaderImpl.getElementText(XMLEventReaderImpl.java:187)
	at com.almasb.fxgl.entity@17/com.almasb.fxgl.entity.level.tiled.TMXLevelLoader.parse(TMXLevelLoader.kt:219)
	at com.almasb.fxgl.entity@17/com.almasb.fxgl.entity.level.tiled.TMXLevelLoader.load(TMXLevelLoader.kt:51)
	at com.almasb.fxgl.all@17/com.almasb.fxgl.app.services.FXGLAssetLoaderService.loadLevel(FXGLAssetLoaderService.kt:446)
	at com.almasb.fxgl.all@17/com.almasb.fxgl.dsl.FXGL$Companion.setLevelFromMap(FXGL.kt:530)
	at com.almasb.fxgl.all@17/com.almasb.fxgl.dsl.FXGL.setLevelFromMap(FXGL.kt)
	at projectdib.main/ru.nsu.fit.dib.projectdib.App.initGame(App.java:43)
	at com.almasb.fxgl.all@17/com.almasb.fxgl.app.FXGLApplication$InitAppTask.initGame(FXGLApplication.kt:339)
	at com.almasb.fxgl.all@17/com.almasb.fxgl.app.FXGLApplication$InitAppTask.call(FXGLApplication.kt:319)
	at com.almasb.fxgl.all@17/com.almasb.fxgl.app.FXGLApplication$InitAppTask.call(FXGLApplication.kt:311)
	at javafx.graphics/javafx.concurrent.Task$TaskCallable.call(Task.java:1426)
	at java.base/java.util.concurrent.FutureTask.run(FutureTask.java:264)
	at java.base/java.util.concurrent.Executors$RunnableAdapter.call(Executors.java:539)
	at java.base/java.util.concurrent.FutureTask.run(FutureTask.java:264)
	at java.base/java.util.concurrent.ThreadPoolExecutor.runWorker(ThreadPoolExecutor.java:1136)
	at java.base/java.util.concurrent.ThreadPoolExecutor$Worker.run(ThreadPoolExecutor.java:635)
	at java.base/java.lang.Thread.run(Thread.java:833)

00:07:12.606 [JavaFX Application Thread] DEBUG LoopRunner           - Stopping loop
00:07:12.607 [JavaFX Application Thread] FATAL FXGLApplication      - Uncaught Exception:
java.lang.RuntimeException: Initialization failed
	at com.almasb.fxgl.all@17/com.almasb.fxgl.app.FXGLApplication$InitAppTask.failed(FXGLApplication.kt:343)
	at javafx.graphics/javafx.concurrent.Task.setState(Task.java:710)
	at javafx.graphics/javafx.concurrent.Task$TaskCallable.lambda$call$2(Task.java:1456)
	at javafx.graphics/com.sun.javafx.application.PlatformImpl.lambda$runLater$10(PlatformImpl.java:457)
	at java.base/java.security.AccessController.doPrivileged(AccessController.java:399)
	at javafx.graphics/com.sun.javafx.application.PlatformImpl.lambda$runLater$11(PlatformImpl.java:456)
	at javafx.graphics/com.sun.glass.ui.InvokeLaterDispatcher$Future.run(InvokeLaterDispatcher.java:96)
	at javafx.graphics/com.sun.glass.ui.win.WinApplication._runLoop(Native Method)
	at javafx.graphics/com.sun.glass.ui.win.WinApplication.lambda$runLoop$3(WinApplication.java:184)
	at java.base/java.lang.Thread.run(Thread.java:833)
Caused by: com.almasb.fxgl.entity.level.LevelLoadingException: ParseError at [row,col]:[8,46]
Message: elementGetText() function expects text only elment but START_ELEMENT was encountered.
	at com.almasb.fxgl.entity@17/com.almasb.fxgl.entity.level.tiled.TMXLevelLoader.load(TMXLevelLoader.kt:77)
	at com.almasb.fxgl.all@17/com.almasb.fxgl.app.services.FXGLAssetLoaderService.loadLevel(FXGLAssetLoaderService.kt:446)
	at com.almasb.fxgl.all@17/com.almasb.fxgl.dsl.FXGL$Companion.setLevelFromMap(FXGL.kt:530)
	at com.almasb.fxgl.all@17/com.almasb.fxgl.dsl.FXGL.setLevelFromMap(FXGL.kt)
	at projectdib.main/ru.nsu.fit.dib.projectdib.App.initGame(App.java:43)
	at com.almasb.fxgl.all@17/com.almasb.fxgl.app.FXGLApplication$InitAppTask.initGame(FXGLApplication.kt:339)
	at com.almasb.fxgl.all@17/com.almasb.fxgl.app.FXGLApplication$InitAppTask.call(FXGLApplication.kt:319)
	at com.almasb.fxgl.all@17/com.almasb.fxgl.app.FXGLApplication$InitAppTask.call(FXGLApplication.kt:311)
	at javafx.graphics/javafx.concurrent.Task$TaskCallable.call(Task.java:1426)
	at java.base/java.util.concurrent.FutureTask.run(FutureTask.java:264)
	at java.base/java.util.concurrent.Executors$RunnableAdapter.call(Executors.java:539)
	at java.base/java.util.concurrent.FutureTask.run(FutureTask.java:264)
	at java.base/java.util.concurrent.ThreadPoolExecutor.runWorker(ThreadPoolExecutor.java:1136)
	at java.base/java.util.concurrent.ThreadPoolExecutor$Worker.run(ThreadPoolExecutor.java:635)
	... 1 more
Caused by: javax.xml.stream.XMLStreamException: ParseError at [row,col]:[8,46]
Message: elementGetText() function expects text only elment but START_ELEMENT was encountered.
	at java.xml/com.sun.org.apache.xerces.internal.impl.XMLStreamReaderImpl.getElementText(XMLStreamReaderImpl.java:918)
	at java.xml/com.sun.xml.internal.stream.XMLEventReaderImpl.getElementText(XMLEventReaderImpl.java:187)
	at com.almasb.fxgl.entity@17/com.almasb.fxgl.entity.level.tiled.TMXLevelLoader.parse(TMXLevelLoader.kt:219)
	at com.almasb.fxgl.entity@17/com.almasb.fxgl.entity.level.tiled.TMXLevelLoader.load(TMXLevelLoader.kt:51)
	... 14 more

00:07:12.607 [JavaFX Application Thread] FATAL FXGLApplication      - Application will now exit
00:07:12.624 [JavaFX Application Thread] DEBUG PrimaryStageWindow   - Push state: ErrorSubScene
00:07:12.624 [JavaFX Application Thread] DEBUG Input                - Clearing active input actions
00:07:12.628 [JavaFX Application Thread] DEBUG GameApplicationServi - Removing overlay from FXGLLoadingScene and adding to ErrorSubScene
00:07:12.628 [JavaFX Application Thread] DEBUG PrimaryStageWindow   - FXGLLoadingScene -> ErrorSubScene
00:07:13.236 [FXGL Background Thread 2 ] INFO  UpdaterService       - Your current version:  17
00:07:13.236 [FXGL Background Thread 2 ] INFO  UpdaterService       - Latest stable version: 17.2
00:07:15.398 [FXGL Background Thread 3 ] DEBUG Engine               - Logging environment variables
00:07:15.398 [FXGL Background Thread 3 ] DEBUG Engine               - achievements: []
00:07:15.398 [FXGL Background Thread 3 ] DEBUG Engine               - actualHeight: 600.0
00:07:15.398 [FXGL Background Thread 3 ] DEBUG Engine               - actualHeightProperty: ReadOnlyDoubleProperty [value: 600.0]
00:07:15.398 [FXGL Background Thread 3 ] DEBUG Engine               - actualWidth: 800.0
00:07:15.398 [FXGL Background Thread 3 ] DEBUG Engine               - actualWidthProperty: ReadOnlyDoubleProperty [value: 800.0]
00:07:15.398 [FXGL Background Thread 3 ] DEBUG Engine               - appIcon: fxgl_icon.png
00:07:15.398 [FXGL Background Thread 3 ] DEBUG Engine               - applicationMode: DEVELOPER
00:07:15.398 [FXGL Background Thread 3 ] DEBUG Engine               - cSSList: [fxgl_dark.css]
00:07:15.398 [FXGL Background Thread 3 ] DEBUG Engine               - collisionDetectionStrategy: BRUTE_FORCE
00:07:15.398 [FXGL Background Thread 3 ] DEBUG Engine               - configClass: Optional.empty
00:07:15.398 [FXGL Background Thread 3 ] DEBUG Engine               - credits: []
00:07:15.398 [FXGL Background Thread 3 ] DEBUG Engine               - defaultCursor: CursorInfo(imageName=fxgl_default_cursor.png, hotspotX=7.0, hotspotY=6.0)
00:07:15.398 [FXGL Background Thread 3 ] DEBUG Engine               - devBBoxColorProperty: ObjectProperty [value: 0xff0000ff]
00:07:15.398 [FXGL Background Thread 3 ] DEBUG Engine               - devEnableDebugCameraProperty: BooleanProperty [value: false]
00:07:15.400 [FXGL Background Thread 3 ] DEBUG Engine               - devSensorColorProperty: ObjectProperty [value: 0xffff00ff]
00:07:15.400 [FXGL Background Thread 3 ] DEBUG Engine               - devShowBBoxProperty: BooleanProperty [value: false]
00:07:15.400 [FXGL Background Thread 3 ] DEBUG Engine               - devShowPositionProperty: BooleanProperty [value: false]
00:07:15.400 [FXGL Background Thread 3 ] DEBUG Engine               - enabledMenuItems: []
00:07:15.400 [FXGL Background Thread 3 ] DEBUG Engine               - engineServices: [class com.almasb.fxgl.app.services.FXGLAssetLoaderService, class com.almasb.fxgl.app.FXGLApplication$GameApplicationService, class com.almasb.fxgl.app.services.FXGLDialogService, class com.almasb.fxgl.app.services.IOTaskExecutorService, class com.almasb.fxgl.io.FileSystemService, class com.almasb.fxgl.localization.LocalizationService, class com.almasb.fxgl.app.services.SystemBundleService, class com.almasb.fxgl.profile.SaveLoadService, class com.almasb.fxgl.ui.FXGLUIFactoryServiceProvider, class com.almasb.fxgl.ui.FXGLDialogFactoryServiceProvider, class com.almasb.fxgl.audio.AudioPlayer, class com.almasb.fxgl.notification.impl.NotificationServiceProvider, class com.almasb.fxgl.achievement.AchievementService, class com.almasb.fxgl.cutscene.CutsceneService, class com.almasb.fxgl.minigames.MiniGameService, class com.almasb.fxgl.net.NetService, class com.almasb.fxgl.app.services.UpdaterService, class com.almasb.fxgl.dev.DevService]
00:07:15.400 [FXGL Background Thread 3 ] DEBUG Engine               - fontGame: Abel-Regular.ttf
00:07:15.400 [FXGL Background Thread 3 ] DEBUG Engine               - fontMono: TerminalLandMono-Regular.otf
00:07:15.400 [FXGL Background Thread 3 ] DEBUG Engine               - fontText: Courier-Prime.ttf
00:07:15.400 [FXGL Background Thread 3 ] DEBUG Engine               - fontUI: VarelaRound-Regular.ttf
00:07:15.400 [FXGL Background Thread 3 ] DEBUG Engine               - fullScreen: BooleanProperty [value: false]
00:07:15.400 [FXGL Background Thread 3 ] DEBUG Engine               - gameDifficulty: MEDIUM
00:07:15.400 [FXGL Background Thread 3 ] DEBUG Engine               - gameDifficultyProperty: ObjectProperty [value: MEDIUM]
00:07:15.400 [FXGL Background Thread 3 ] DEBUG Engine               - globalMusicVolume: 0.5
00:07:15.400 [FXGL Background Thread 3 ] DEBUG Engine               - globalMusicVolumeProperty: DoubleProperty [value: 0.5]
00:07:15.400 [FXGL Background Thread 3 ] DEBUG Engine               - globalSoundVolume: 0.5
00:07:15.400 [FXGL Background Thread 3 ] DEBUG Engine               - globalSoundVolumeProperty: DoubleProperty [value: 0.5]
00:07:15.400 [FXGL Background Thread 3 ] DEBUG Engine               - height: 600
00:07:15.400 [FXGL Background Thread 3 ] DEBUG Engine               - is3D: false
00:07:15.400 [FXGL Background Thread 3 ] DEBUG Engine               - isAndroid: false
00:07:15.400 [FXGL Background Thread 3 ] DEBUG Engine               - isBrowser: false
00:07:15.400 [FXGL Background Thread 3 ] DEBUG Engine               - isClickFeedbackEnabled: false
00:07:15.400 [FXGL Background Thread 3 ] DEBUG Engine               - isCloseConfirmation: false
00:07:15.400 [FXGL Background Thread 3 ] DEBUG Engine               - isDesktop: true
00:07:15.401 [FXGL Background Thread 3 ] DEBUG Engine               - isDeveloperMenuEnabled: false
00:07:15.401 [FXGL Background Thread 3 ] DEBUG Engine               - isEmbedded: false
00:07:15.401 [FXGL Background Thread 3 ] DEBUG Engine               - isEntityPreloadEnabled: true
00:07:15.401 [FXGL Background Thread 3 ] DEBUG Engine               - isExperimentalTiledLargeMap: false
00:07:15.401 [FXGL Background Thread 3 ] DEBUG Engine               - isFileSystemWriteAllowed: true
00:07:15.401 [FXGL Background Thread 3 ] DEBUG Engine               - isFullScreenAllowed: false
00:07:15.401 [FXGL Background Thread 3 ] DEBUG Engine               - isFullScreenFromStart: false
00:07:15.401 [FXGL Background Thread 3 ] DEBUG Engine               - isGameMenuEnabled: true
00:07:15.401 [FXGL Background Thread 3 ] DEBUG Engine               - isIOS: false
00:07:15.401 [FXGL Background Thread 3 ] DEBUG Engine               - isIntroEnabled: false
00:07:15.401 [FXGL Background Thread 3 ] DEBUG Engine               - isLinux: false
00:07:15.401 [FXGL Background Thread 3 ] DEBUG Engine               - isMac: false
00:07:15.401 [FXGL Background Thread 3 ] DEBUG Engine               - isMainMenuEnabled: false
00:07:15.401 [FXGL Background Thread 3 ] DEBUG Engine               - isManualResizeEnabled: false
00:07:15.401 [FXGL Background Thread 3 ] DEBUG Engine               - isMobile: false
00:07:15.401 [FXGL Background Thread 3 ] DEBUG Engine               - isNative: false
00:07:15.401 [FXGL Background Thread 3 ] DEBUG Engine               - isPauseMusicWhenMinimized: true
00:07:15.401 [FXGL Background Thread 3 ] DEBUG Engine               - isPreserveResizeRatio: false
00:07:15.401 [FXGL Background Thread 3 ] DEBUG Engine               - isProfilingEnabled: false
00:07:15.401 [FXGL Background Thread 3 ] DEBUG Engine               - isScaleAffectedOnResize: true
00:07:15.401 [FXGL Background Thread 3 ] DEBUG Engine               - isSingleStep: false
00:07:15.401 [FXGL Background Thread 3 ] DEBUG Engine               - isUserProfileEnabled: false
00:07:15.401 [FXGL Background Thread 3 ] DEBUG Engine               - isWindows: true
00:07:15.401 [FXGL Background Thread 3 ] DEBUG Engine               - language: ObjectProperty [value: ENGLISH]
00:07:15.401 [FXGL Background Thread 3 ] DEBUG Engine               - menuKey: ESCAPE
00:07:15.401 [FXGL Background Thread 3 ] DEBUG Engine               - mouseSensitivity: 0.2
00:07:15.402 [FXGL Background Thread 3 ] DEBUG Engine               - notificationViewClass: class com.almasb.fxgl.notification.view.XboxNotificationView
00:07:15.402 [FXGL Background Thread 3 ] DEBUG Engine               - pixelsPerMeter: 50.0
00:07:15.402 [FXGL Background Thread 3 ] DEBUG Engine               - platform: WINDOWS
00:07:15.402 [FXGL Background Thread 3 ] DEBUG Engine               - prefHeightProperty: ReadOnlyDoubleProperty [value: 600.0]
00:07:15.402 [FXGL Background Thread 3 ] DEBUG Engine               - prefWidthProperty: ReadOnlyDoubleProperty [value: 800.0]
00:07:15.402 [FXGL Background Thread 3 ] DEBUG Engine               - profileDir: profiles/
00:07:15.402 [FXGL Background Thread 3 ] DEBUG Engine               - profileName: StringProperty [value: DEFAULT]
00:07:15.402 [FXGL Background Thread 3 ] DEBUG Engine               - randomSeed: -1
00:07:15.402 [FXGL Background Thread 3 ] DEBUG Engine               - runtimeInfo: RuntimeInfo(platform=WINDOWS, version=17, build=31.12.2021 18.16)
00:07:15.402 [FXGL Background Thread 3 ] DEBUG Engine               - saveFileExt: sav
00:07:15.402 [FXGL Background Thread 3 ] DEBUG Engine               - scaledHeightProp$fxgl: DoubleProperty [bound, value: 600.0]
00:07:15.402 [FXGL Background Thread 3 ] DEBUG Engine               - scaledWidthProp$fxgl: DoubleProperty [bound, value: 800.0]
00:07:15.402 [FXGL Background Thread 3 ] DEBUG Engine               - sceneFactory: com.almasb.fxgl.app.scene.SceneFactory@78ed24e3
00:07:15.402 [FXGL Background Thread 3 ] DEBUG Engine               - secondsIn24h: 60
00:07:15.402 [FXGL Background Thread 3 ] DEBUG Engine               - soundMenuBack: menu/back.wav
00:07:15.402 [FXGL Background Thread 3 ] DEBUG Engine               - soundMenuPress: menu/press.wav
00:07:15.402 [FXGL Background Thread 3 ] DEBUG Engine               - soundMenuSelect: menu/select.wav
00:07:15.402 [FXGL Background Thread 3 ] DEBUG Engine               - soundNotification: core/notification.wav
00:07:15.402 [FXGL Background Thread 3 ] DEBUG Engine               - stageStyle: DECORATED
00:07:15.403 [FXGL Background Thread 3 ] DEBUG Engine               - supportedLanguages: [ENGLISH, FRENCH, GERMAN, HUNGARIAN, RUSSIAN]
00:07:15.403 [FXGL Background Thread 3 ] DEBUG Engine               - ticksPerSecond: -1
00:07:15.403 [FXGL Background Thread 3 ] DEBUG Engine               - title: DiB
00:07:15.403 [FXGL Background Thread 3 ] DEBUG Engine               - urlGithub: https://github.com/AlmasB/FXGL
00:07:15.403 [FXGL Background Thread 3 ] DEBUG Engine               - urlLeaderboard: http://fxgl-top.herokuapp.com/
00:07:15.403 [FXGL Background Thread 3 ] DEBUG Engine               - urlPOM: https://raw.githubusercontent.com/AlmasB/FXGL/release/README.md
00:07:15.403 [FXGL Background Thread 3 ] DEBUG Engine               - userAppClass: class ru.nsu.fit.dib.projectdib.App
00:07:15.403 [FXGL Background Thread 3 ] DEBUG Engine               - version: 0.0
00:07:15.403 [FXGL Background Thread 3 ] DEBUG Engine               - versionCheckDays: 7
00:07:15.403 [FXGL Background Thread 3 ] DEBUG Engine               - width: 800
00:07:15.403 [FXGL Background Thread 3 ] DEBUG Engine               - Logging services
00:07:15.403 [FXGL Background Thread 3 ] DEBUG Engine               - class com.almasb.fxgl.app.services.FXGLAssetLoaderService
00:07:15.403 [FXGL Background Thread 3 ] DEBUG Engine               - class com.almasb.fxgl.app.FXGLApplication$GameApplicationService
00:07:15.403 [FXGL Background Thread 3 ] DEBUG Engine               - class com.almasb.fxgl.app.services.FXGLDialogService
00:07:15.403 [FXGL Background Thread 3 ] DEBUG Engine               - class com.almasb.fxgl.app.services.IOTaskExecutorService
00:07:15.403 [FXGL Background Thread 3 ] DEBUG Engine               - class com.almasb.fxgl.io.FileSystemService
00:07:15.403 [FXGL Background Thread 3 ] DEBUG Engine               - class com.almasb.fxgl.localization.LocalizationService
00:07:15.403 [FXGL Background Thread 3 ] DEBUG Engine               - class com.almasb.fxgl.app.services.SystemBundleService
00:07:15.403 [FXGL Background Thread 3 ] DEBUG Engine               - class com.almasb.fxgl.profile.SaveLoadService
00:07:15.403 [FXGL Background Thread 3 ] DEBUG Engine               - class com.almasb.fxgl.ui.FXGLUIFactoryServiceProvider
00:07:15.403 [FXGL Background Thread 3 ] DEBUG Engine               - class com.almasb.fxgl.ui.FXGLDialogFactoryServiceProvider
00:07:15.403 [FXGL Background Thread 3 ] DEBUG Engine               - class com.almasb.fxgl.audio.AudioPlayer
00:07:15.403 [FXGL Background Thread 3 ] DEBUG Engine               - class com.almasb.fxgl.notification.impl.NotificationServiceProvider
00:07:15.403 [FXGL Background Thread 3 ] DEBUG Engine               - class com.almasb.fxgl.achievement.AchievementService
00:07:15.403 [FXGL Background Thread 3 ] DEBUG Engine               - class com.almasb.fxgl.cutscene.CutsceneService
00:07:15.403 [FXGL Background Thread 3 ] DEBUG Engine               - class com.almasb.fxgl.minigames.MiniGameService
00:07:15.403 [FXGL Background Thread 3 ] DEBUG Engine               - class com.almasb.fxgl.net.NetService
00:07:15.403 [FXGL Background Thread 3 ] DEBUG Engine               - class com.almasb.fxgl.app.services.UpdaterService
00:07:15.403 [FXGL Background Thread 3 ] DEBUG Engine               - class com.almasb.fxgl.dev.DevService
00:27:09.020 [JavaFX Application Thread] DEBUG LoopRunner           - Pausing loop
00:31:09.897 [JavaFX Application Thread] DEBUG LoopRunner           - Resuming loop
00:32:31.465 [JavaFX Application Thread] DEBUG FXGLApplication      - Exiting FXGL
00:32:31.465 [JavaFX Application Thread] DEBUG Async                - Shutting down background threads
00:32:31.472 [JavaFX Application Thread] DEBUG PrimaryStageWindow   - Closing main window
00:32:31.491 [JavaFX Application Thread] DEBUG Logger               - Closing Logger
