20:21:02.138 [main                     ] DEBUG Logger               - Configured Logger
20:21:02.154 [main                     ] DEBUG GameApplication      - Logging settings
Title: DiB
Version: 0.0
Width: 1536
Height: 864
Fullscreen: false
Intro: false
Profiling: false
Single step:false
App Mode: DEVELOPER
Menu Key: ESCAPE
Stage Style: DECORATED
Scene Factory: class com.almasb.fxgl.app.scene.SceneFactory

20:21:02.392 [JavaFX Application Thread] DEBUG FXGLApplication      - Initializing FXGL
20:21:02.398 [JavaFX Application Thread] INFO  Engine               - FXGL-17 (31.12.2021 18.16) on WINDOWS (J:18.0.1.1 FX:17.0.1)
20:21:02.398 [JavaFX Application Thread] DEBUG Engine               - JRE Vendor Name: Oracle Corporation
20:21:02.398 [JavaFX Application Thread] DEBUG Engine               - Running on OS: Windows 11 version 10.0
20:21:02.398 [JavaFX Application Thread] DEBUG Engine               - Architecture: amd64
20:21:02.398 [JavaFX Application Thread] INFO  Engine               - Source code and latest versions at: https://github.com/AlmasB/FXGL
20:21:02.398 [JavaFX Application Thread] INFO  Engine               -       Ask questions and discuss at: https://github.com/AlmasB/FXGL/discussions
20:21:02.399 [JavaFX Application Thread] INFO  Engine               -              Join the FXGL chat at: https://gitter.im/AlmasB/FXGL
20:21:02.471 [JavaFX Application Thread] DEBUG PrimaryStageWindow   - Creating a JavaFX scene
20:21:02.508 [JavaFX Application Thread] DEBUG PrimaryStageWindow   - Target settings size: 1536.0 x 864.0
20:21:02.508 [JavaFX Application Thread] DEBUG PrimaryStageWindow   - Scaled scene size:    1536.0 x 864.0
20:21:02.508 [JavaFX Application Thread] DEBUG PrimaryStageWindow   - Scaled ratio: (1.0, 1.0)
20:21:02.509 [JavaFX Application Thread] DEBUG PrimaryStageWindow   - Set initial scene to FXGLStartupScene
20:21:02.514 [JavaFX Application Thread] DEBUG PrimaryStageWindow   - Opening main window
20:21:02.586 [JavaFX Application Thread] DEBUG PrimaryStageWindow   - Window border size: (14.4000244140625, 37.5999755859375)
20:21:02.586 [JavaFX Application Thread] DEBUG PrimaryStageWindow   - Scaled size: 1536.0 x 864.0
20:21:02.586 [JavaFX Application Thread] DEBUG PrimaryStageWindow   - Scaled ratio: (1.0, 1.0)
20:21:02.587 [JavaFX Application Thread] DEBUG PrimaryStageWindow   - Scene size: 1536.0 x 864.0
20:21:02.587 [JavaFX Application Thread] DEBUG PrimaryStageWindow   - Stage size: 1550.4000244140625 x 901.5999755859375
20:21:02.595 [FXGL Background Thread 1 ] DEBUG Engine               - Initializing environment variables
20:21:02.641 [FXGL Background Thread 1 ] DEBUG FXGLAssetLoaderServi - User app class for loading assets: class ru.nsu.fit.dib.projectdib.App
20:21:02.641 [FXGL Background Thread 1 ] DEBUG GameApplicationServi - Applying CSS: fxgl_dark.css
20:21:02.642 [FXGL Background Thread 1 ] DEBUG FXGLAssetLoaderServi - Loading from file system: jar:file:///C:/Users/coffe/.m2/repository/com/github/almasb/fxgl/17/fxgl-17.jar!/fxglassets/ui/css/fxgl_dark.css
20:21:02.681 [FXGL Background Thread 1 ] DEBUG GameApplicationServi - Initializing application scenes
20:21:02.716 [FXGL Background Thread 1 ] DEBUG GameWorld            - Game world initialized
20:21:02.767 [FXGL Background Thread 1 ] DEBUG PhysicsWorld         - Physics world initialized: appHeight=864, physics.ppm=50,0
20:21:02.767 [FXGL Background Thread 1 ] DEBUG PhysicsWorld         - Using strategy: BRUTE_FORCE
20:21:02.771 [FXGL Background Thread 1 ] DEBUG GameScene            - Game scene initialized: 1536x864
20:21:02.781 [FXGL Background Thread 1 ] DEBUG FXGL.DefaultMenu     - createMenuBodyGameMenu()
20:21:02.791 [FXGL Background Thread 1 ] DEBUG FXGL.DefaultMenu     - createOptionsMenu()
20:21:02.800 [FXGL Background Thread 1 ] DEBUG FXGLAssetLoaderServi - Loading from file system: jar:file:///C:/Users/coffe/.m2/repository/com/github/almasb/fxgl/17/fxgl-17.jar!/fxglassets/textures/particles/smoke.png
20:21:02.865 [FXGL Background Thread 1 ] DEBUG FXGLAssetLoaderServi - Loading from file system: jar:file:///C:/Users/coffe/.m2/repository/com/github/almasb/fxgl/17/fxgl-17.jar!/fxglassets/textures/particles/trace_horizontal.png
20:21:02.892 [FXGL Background Thread 1 ] DEBUG GameApplicationServi - Application scenes initialized
20:21:02.905 [FXGL Background Thread 1 ] DEBUG SystemBundleService  - Loading FXGL system data
20:21:02.911 [FXGL Background Thread 1 ] DEBUG FileSystemAccess     - Reading from: F:\DeadInByte\system\fxgl.bundle
20:21:02.918 [FXGL Background Thread 1 ] DEBUG SystemBundleService  - Bundle FXGL: {}
20:21:02.918 [FXGL Background Thread 1 ] DEBUG UpdaterService       - Checking for updates
20:21:02.921 [FXGL Background Thread 4 ] DEBUG FXGLApplication      - Loading fonts
20:21:02.921 [FXGL Background Thread 1 ] DEBUG FXGLApplication      - Loading default localization
20:21:02.921 [FXGL Background Thread 4 ] DEBUG FXGLAssetLoaderServi - Loading from file system: jar:file:///C:/Users/coffe/.m2/repository/com/github/almasb/fxgl/17/fxgl-17.jar!/fxglassets/ui/fonts/VarelaRound-Regular.ttf
20:21:02.922 [FXGL Background Thread 1 ] DEBUG FXGLAssetLoaderServi - Loading from file system: jar:file:///C:/Users/coffe/.m2/repository/com/github/almasb/fxgl/17/fxgl-17.jar!/fxglassets/languages/english.lang
20:21:02.936 [FXGL Background Thread 1 ] INFO  FXGLApplication      - FXGL initialization took: 0,340 sec
20:21:02.945 [JavaFX Application Thread] DEBUG Input                - Registered new binding: action0 - W
20:21:02.945 [JavaFX Application Thread] DEBUG Input                - Registered new binding: action1 - S
20:21:02.945 [JavaFX Application Thread] DEBUG Input                - Registered new binding: action2 - A
20:21:02.945 [JavaFX Application Thread] DEBUG Input                - Registered new binding: action3 - D
20:21:02.946 [JavaFX Application Thread] DEBUG FXGLAssetLoaderServi - Loading from file system: jar:file:///C:/Users/coffe/.m2/repository/com/github/almasb/fxgl/17/fxgl-17.jar!/fxglassets/textures/fxgl_icon.png
20:21:02.966 [JavaFX Application Thread] DEBUG FXGLAssetLoaderServi - Loading from file system: jar:file:///C:/Users/coffe/.m2/repository/com/github/almasb/fxgl/17/fxgl-17.jar!/fxglassets/textures/fxgl_default_cursor.png
20:21:02.968 [JavaFX Application Thread] DEBUG Input                - Registered new binding: Screenshot - CTRL+8
20:21:02.969 [JavaFX Application Thread] DEBUG Input                - Registered new binding: System info dump - CTRL+9
20:21:02.970 [JavaFX Application Thread] DEBUG Input                - Registered new binding: Restart - CTRL+R
20:21:02.970 [JavaFX Application Thread] DEBUG Input                - Registered new binding: Toggle Debug Camera - CTRL+7
20:21:02.971 [FXGL Background Thread 4 ] DEBUG FXGLAssetLoaderServi - Loading from file system: jar:file:///C:/Users/coffe/.m2/repository/com/github/almasb/fxgl/17/fxgl-17.jar!/fxglassets/ui/fonts/Abel-Regular.ttf
20:21:02.972 [JavaFX Application Thread] DEBUG LoopRunner           - Starting loop
20:21:02.972 [JavaFX Application Thread] DEBUG LoopRunner           - Initializing JavaFX AnimationTimerLoop
20:21:02.973 [JavaFX Application Thread] DEBUG GameApplicationServi - Starting new game
20:21:02.974 [JavaFX Application Thread] DEBUG Input                - Clearing active input actions
20:21:02.974 [FXGL Background Thread 4 ] DEBUG FXGLAssetLoaderServi - Loading from file system: jar:file:///C:/Users/coffe/.m2/repository/com/github/almasb/fxgl/17/fxgl-17.jar!/fxglassets/ui/fonts/TerminalLandMono-Regular.otf
20:21:02.980 [FXGL Background Thread 4 ] DEBUG FXGLAssetLoaderServi - Loading from file system: jar:file:///C:/Users/coffe/.m2/repository/com/github/almasb/fxgl/17/fxgl-17.jar!/fxglassets/ui/fonts/Courier-Prime.ttf
20:21:02.988 [JavaFX Application Thread] DEBUG GameApplicationServi - Removing overlay from FXGLStartupScene and adding to FXGLLoadingScene
20:21:02.989 [JavaFX Application Thread] DEBUG PrimaryStageWindow   - FXGLStartupScene -> FXGLLoadingScene
20:21:02.989 [JavaFX Application Thread] DEBUG GameApplicationServi - Clearing previous game
20:21:02.989 [JavaFX Application Thread] DEBUG GameScene            - Clearing game scene
20:21:02.989 [JavaFX Application Thread] DEBUG GameWorld            - Clearing game world
20:21:02.989 [JavaFX Application Thread] DEBUG PhysicsWorld         - Clearing physics world
20:21:02.991 [FXGL Background Thread 4 ] DEBUG FXGLApplication      - Initializing game
20:21:03.034 [JavaFX Application Thread] DEBUG FXGLApplication      - Registering font factories with UI factory
20:21:03.040 [FXGL Background Thread 4 ] DEBUG TMXLevelLoader       - Parsed TiledMap: file:/F:/DeadInByte/target/classes/assets/levels/tmx/exlevel2.tmx
20:21:03.041 [FXGL Background Thread 4 ] DEBUG TMXLevelLoader       - Creating tile layer entities
20:21:03.042 [FXGL Background Thread 4 ] DEBUG TilesetLoader        - Loading view for layer Слой тайлов 1
20:21:03.043 [FXGL Background Thread 4 ] DEBUG TilesetLoader        - Created buffer with size 256.0x256.0
20:21:03.052 [FXGL Background Thread 4 ] DEBUG TMXLevelLoader       - Creating object layer entities
20:21:03.067 [FXGL Background Thread 4 ] DEBUG GameWorld            - Clearing removable entities
20:21:03.068 [FXGL Background Thread 4 ] DEBUG GameWorld            - Setting level: com.almasb.fxgl.entity.level.Level@50096a66
20:21:03.071 [FXGL Background Thread 4 ] INFO  FXGLApplication      - Game initialization took: 0,080 sec
20:21:03.081 [JavaFX Application Thread] DEBUG Input                - Clearing active input actions
20:21:03.088 [JavaFX Application Thread] DEBUG GameApplicationServi - Removing overlay from FXGLLoadingScene and adding to GameScene
20:21:03.088 [JavaFX Application Thread] DEBUG PrimaryStageWindow   - FXGLLoadingScene -> GameScene
20:21:03.681 [FXGL Background Thread 2 ] INFO  UpdaterService       - Your current version:  17
20:21:03.681 [FXGL Background Thread 2 ] INFO  UpdaterService       - Latest stable version: 17.2
20:21:05.922 [FXGL Background Thread 3 ] DEBUG Engine               - Logging environment variables
20:21:05.922 [FXGL Background Thread 3 ] DEBUG Engine               - achievements: []
20:21:05.922 [FXGL Background Thread 3 ] DEBUG Engine               - actualHeight: 864.0
20:21:05.923 [FXGL Background Thread 3 ] DEBUG Engine               - actualHeightProperty: ReadOnlyDoubleProperty [value: 864.0]
20:21:05.923 [FXGL Background Thread 3 ] DEBUG Engine               - actualWidth: 1536.0
20:21:05.923 [FXGL Background Thread 3 ] DEBUG Engine               - actualWidthProperty: ReadOnlyDoubleProperty [value: 1536.0]
20:21:05.923 [FXGL Background Thread 3 ] DEBUG Engine               - appIcon: fxgl_icon.png
20:21:05.923 [FXGL Background Thread 3 ] DEBUG Engine               - applicationMode: DEVELOPER
20:21:05.923 [FXGL Background Thread 3 ] DEBUG Engine               - cSSList: [fxgl_dark.css]
20:21:05.923 [FXGL Background Thread 3 ] DEBUG Engine               - collisionDetectionStrategy: BRUTE_FORCE
20:21:05.924 [FXGL Background Thread 3 ] DEBUG Engine               - configClass: Optional.empty
20:21:05.924 [FXGL Background Thread 3 ] DEBUG Engine               - credits: []
20:21:05.924 [FXGL Background Thread 3 ] DEBUG Engine               - defaultCursor: CursorInfo(imageName=fxgl_default_cursor.png, hotspotX=7.0, hotspotY=6.0)
20:21:05.924 [FXGL Background Thread 3 ] DEBUG Engine               - devBBoxColorProperty: ObjectProperty [value: 0xff0000ff]
20:21:05.924 [FXGL Background Thread 3 ] DEBUG Engine               - devEnableDebugCameraProperty: BooleanProperty [value: false]
20:21:05.924 [FXGL Background Thread 3 ] DEBUG Engine               - devSensorColorProperty: ObjectProperty [value: 0xffff00ff]
20:21:05.924 [FXGL Background Thread 3 ] DEBUG Engine               - devShowBBoxProperty: BooleanProperty [value: false]
20:21:05.924 [FXGL Background Thread 3 ] DEBUG Engine               - devShowPositionProperty: BooleanProperty [value: false]
20:21:05.924 [FXGL Background Thread 3 ] DEBUG Engine               - enabledMenuItems: []
20:21:05.924 [FXGL Background Thread 3 ] DEBUG Engine               - engineServices: [class com.almasb.fxgl.app.services.FXGLAssetLoaderService, class com.almasb.fxgl.app.FXGLApplication$GameApplicationService, class com.almasb.fxgl.app.services.FXGLDialogService, class com.almasb.fxgl.app.services.IOTaskExecutorService, class com.almasb.fxgl.io.FileSystemService, class com.almasb.fxgl.localization.LocalizationService, class com.almasb.fxgl.app.services.SystemBundleService, class com.almasb.fxgl.profile.SaveLoadService, class com.almasb.fxgl.ui.FXGLUIFactoryServiceProvider, class com.almasb.fxgl.ui.FXGLDialogFactoryServiceProvider, class com.almasb.fxgl.audio.AudioPlayer, class com.almasb.fxgl.notification.impl.NotificationServiceProvider, class com.almasb.fxgl.achievement.AchievementService, class com.almasb.fxgl.cutscene.CutsceneService, class com.almasb.fxgl.minigames.MiniGameService, class com.almasb.fxgl.net.NetService, class com.almasb.fxgl.app.services.UpdaterService, class com.almasb.fxgl.dev.DevService]
20:21:05.924 [FXGL Background Thread 3 ] DEBUG Engine               - fontGame: Abel-Regular.ttf
20:21:05.924 [FXGL Background Thread 3 ] DEBUG Engine               - fontMono: TerminalLandMono-Regular.otf
20:21:05.924 [FXGL Background Thread 3 ] DEBUG Engine               - fontText: Courier-Prime.ttf
20:21:05.924 [FXGL Background Thread 3 ] DEBUG Engine               - fontUI: VarelaRound-Regular.ttf
20:21:05.924 [FXGL Background Thread 3 ] DEBUG Engine               - fullScreen: BooleanProperty [value: false]
20:21:05.924 [FXGL Background Thread 3 ] DEBUG Engine               - gameDifficulty: MEDIUM
20:21:05.924 [FXGL Background Thread 3 ] DEBUG Engine               - gameDifficultyProperty: ObjectProperty [value: MEDIUM]
20:21:05.924 [FXGL Background Thread 3 ] DEBUG Engine               - globalMusicVolume: 0.5
20:21:05.924 [FXGL Background Thread 3 ] DEBUG Engine               - globalMusicVolumeProperty: DoubleProperty [value: 0.5]
20:21:05.924 [FXGL Background Thread 3 ] DEBUG Engine               - globalSoundVolume: 0.5
20:21:05.924 [FXGL Background Thread 3 ] DEBUG Engine               - globalSoundVolumeProperty: DoubleProperty [value: 0.5]
20:21:05.924 [FXGL Background Thread 3 ] DEBUG Engine               - height: 864
20:21:05.924 [FXGL Background Thread 3 ] DEBUG Engine               - is3D: false
20:21:05.924 [FXGL Background Thread 3 ] DEBUG Engine               - isAndroid: false
20:21:05.924 [FXGL Background Thread 3 ] DEBUG Engine               - isBrowser: false
20:21:05.924 [FXGL Background Thread 3 ] DEBUG Engine               - isClickFeedbackEnabled: false
20:21:05.924 [FXGL Background Thread 3 ] DEBUG Engine               - isCloseConfirmation: false
20:21:05.924 [FXGL Background Thread 3 ] DEBUG Engine               - isDesktop: true
20:21:05.924 [FXGL Background Thread 3 ] DEBUG Engine               - isDeveloperMenuEnabled: false
20:21:05.924 [FXGL Background Thread 3 ] DEBUG Engine               - isEmbedded: false
20:21:05.924 [FXGL Background Thread 3 ] DEBUG Engine               - isEntityPreloadEnabled: true
20:21:05.924 [FXGL Background Thread 3 ] DEBUG Engine               - isExperimentalTiledLargeMap: false
20:21:05.924 [FXGL Background Thread 3 ] DEBUG Engine               - isFileSystemWriteAllowed: true
20:21:05.924 [FXGL Background Thread 3 ] DEBUG Engine               - isFullScreenAllowed: false
20:21:05.924 [FXGL Background Thread 3 ] DEBUG Engine               - isFullScreenFromStart: false
20:21:05.924 [FXGL Background Thread 3 ] DEBUG Engine               - isGameMenuEnabled: true
20:21:05.925 [FXGL Background Thread 3 ] DEBUG Engine               - isIOS: false
20:21:05.925 [FXGL Background Thread 3 ] DEBUG Engine               - isIntroEnabled: false
20:21:05.925 [FXGL Background Thread 3 ] DEBUG Engine               - isLinux: false
20:21:05.925 [FXGL Background Thread 3 ] DEBUG Engine               - isMac: false
20:21:05.925 [FXGL Background Thread 3 ] DEBUG Engine               - isMainMenuEnabled: false
20:21:05.925 [FXGL Background Thread 3 ] DEBUG Engine               - isManualResizeEnabled: false
20:21:05.925 [FXGL Background Thread 3 ] DEBUG Engine               - isMobile: false
20:21:05.925 [FXGL Background Thread 3 ] DEBUG Engine               - isNative: false
20:21:05.925 [FXGL Background Thread 3 ] DEBUG Engine               - isPauseMusicWhenMinimized: true
20:21:05.925 [FXGL Background Thread 3 ] DEBUG Engine               - isPreserveResizeRatio: false
20:21:05.925 [FXGL Background Thread 3 ] DEBUG Engine               - isProfilingEnabled: false
20:21:05.925 [FXGL Background Thread 3 ] DEBUG Engine               - isScaleAffectedOnResize: true
20:21:05.925 [FXGL Background Thread 3 ] DEBUG Engine               - isSingleStep: false
20:21:05.925 [FXGL Background Thread 3 ] DEBUG Engine               - isUserProfileEnabled: false
20:21:05.925 [FXGL Background Thread 3 ] DEBUG Engine               - isWindows: true
20:21:05.925 [FXGL Background Thread 3 ] DEBUG Engine               - language: ObjectProperty [value: ENGLISH]
20:21:05.925 [FXGL Background Thread 3 ] DEBUG Engine               - menuKey: ESCAPE
20:21:05.925 [FXGL Background Thread 3 ] DEBUG Engine               - mouseSensitivity: 0.2
20:21:05.925 [FXGL Background Thread 3 ] DEBUG Engine               - notificationViewClass: class com.almasb.fxgl.notification.view.XboxNotificationView
20:21:05.925 [FXGL Background Thread 3 ] DEBUG Engine               - pixelsPerMeter: 50.0
20:21:05.925 [FXGL Background Thread 3 ] DEBUG Engine               - platform: WINDOWS
20:21:05.925 [FXGL Background Thread 3 ] DEBUG Engine               - prefHeightProperty: ReadOnlyDoubleProperty [value: 864.0]
20:21:05.925 [FXGL Background Thread 3 ] DEBUG Engine               - prefWidthProperty: ReadOnlyDoubleProperty [value: 1536.0]
20:21:05.925 [FXGL Background Thread 3 ] DEBUG Engine               - profileDir: profiles/
20:21:05.925 [FXGL Background Thread 3 ] DEBUG Engine               - profileName: StringProperty [value: DEFAULT]
20:21:05.925 [FXGL Background Thread 3 ] DEBUG Engine               - randomSeed: -1
20:21:05.926 [FXGL Background Thread 3 ] DEBUG Engine               - runtimeInfo: RuntimeInfo(platform=WINDOWS, version=17, build=31.12.2021 18.16)
20:21:05.926 [FXGL Background Thread 3 ] DEBUG Engine               - saveFileExt: sav
20:21:05.926 [FXGL Background Thread 3 ] DEBUG Engine               - scaledHeightProp$fxgl: DoubleProperty [bound, value: 864.0]
20:21:05.926 [FXGL Background Thread 3 ] DEBUG Engine               - scaledWidthProp$fxgl: DoubleProperty [bound, value: 1536.0]
20:21:05.926 [FXGL Background Thread 3 ] DEBUG Engine               - sceneFactory: com.almasb.fxgl.app.scene.SceneFactory@494df4b6
20:21:05.926 [FXGL Background Thread 3 ] DEBUG Engine               - secondsIn24h: 60
20:21:05.926 [FXGL Background Thread 3 ] DEBUG Engine               - soundMenuBack: menu/back.wav
20:21:05.926 [FXGL Background Thread 3 ] DEBUG Engine               - soundMenuPress: menu/press.wav
20:21:05.926 [FXGL Background Thread 3 ] DEBUG Engine               - soundMenuSelect: menu/select.wav
20:21:05.926 [FXGL Background Thread 3 ] DEBUG Engine               - soundNotification: core/notification.wav
20:21:05.926 [FXGL Background Thread 3 ] DEBUG Engine               - stageStyle: DECORATED
20:21:05.926 [FXGL Background Thread 3 ] DEBUG Engine               - supportedLanguages: [ENGLISH, FRENCH, GERMAN, HUNGARIAN, RUSSIAN]
20:21:05.926 [FXGL Background Thread 3 ] DEBUG Engine               - ticksPerSecond: -1
20:21:05.926 [FXGL Background Thread 3 ] DEBUG Engine               - title: DiB
20:21:05.926 [FXGL Background Thread 3 ] DEBUG Engine               - urlGithub: https://github.com/AlmasB/FXGL
20:21:05.926 [FXGL Background Thread 3 ] DEBUG Engine               - urlLeaderboard: http://fxgl-top.herokuapp.com/
20:21:05.926 [FXGL Background Thread 3 ] DEBUG Engine               - urlPOM: https://raw.githubusercontent.com/AlmasB/FXGL/release/README.md
20:21:05.926 [FXGL Background Thread 3 ] DEBUG Engine               - userAppClass: class ru.nsu.fit.dib.projectdib.App
20:21:05.926 [FXGL Background Thread 3 ] DEBUG Engine               - version: 0.0
20:21:05.926 [FXGL Background Thread 3 ] DEBUG Engine               - versionCheckDays: 7
20:21:05.926 [FXGL Background Thread 3 ] DEBUG Engine               - width: 1536
20:21:05.926 [FXGL Background Thread 3 ] DEBUG Engine               - Logging services
20:21:05.926 [FXGL Background Thread 3 ] DEBUG Engine               - class com.almasb.fxgl.app.services.FXGLAssetLoaderService
20:21:05.926 [FXGL Background Thread 3 ] DEBUG Engine               - class com.almasb.fxgl.app.FXGLApplication$GameApplicationService
20:21:05.926 [FXGL Background Thread 3 ] DEBUG Engine               - class com.almasb.fxgl.app.services.FXGLDialogService
20:21:05.926 [FXGL Background Thread 3 ] DEBUG Engine               - class com.almasb.fxgl.app.services.IOTaskExecutorService
20:21:05.926 [FXGL Background Thread 3 ] DEBUG Engine               - class com.almasb.fxgl.io.FileSystemService
20:21:05.926 [FXGL Background Thread 3 ] DEBUG Engine               - class com.almasb.fxgl.localization.LocalizationService
20:21:05.926 [FXGL Background Thread 3 ] DEBUG Engine               - class com.almasb.fxgl.app.services.SystemBundleService
20:21:05.926 [FXGL Background Thread 3 ] DEBUG Engine               - class com.almasb.fxgl.profile.SaveLoadService
20:21:05.926 [FXGL Background Thread 3 ] DEBUG Engine               - class com.almasb.fxgl.ui.FXGLUIFactoryServiceProvider
20:21:05.926 [FXGL Background Thread 3 ] DEBUG Engine               - class com.almasb.fxgl.ui.FXGLDialogFactoryServiceProvider
20:21:05.926 [FXGL Background Thread 3 ] DEBUG Engine               - class com.almasb.fxgl.audio.AudioPlayer
20:21:05.926 [FXGL Background Thread 3 ] DEBUG Engine               - class com.almasb.fxgl.notification.impl.NotificationServiceProvider
20:21:05.926 [FXGL Background Thread 3 ] DEBUG Engine               - class com.almasb.fxgl.achievement.AchievementService
20:21:05.926 [FXGL Background Thread 3 ] DEBUG Engine               - class com.almasb.fxgl.cutscene.CutsceneService
20:21:05.926 [FXGL Background Thread 3 ] DEBUG Engine               - class com.almasb.fxgl.minigames.MiniGameService
20:21:05.926 [FXGL Background Thread 3 ] DEBUG Engine               - class com.almasb.fxgl.net.NetService
20:21:05.926 [FXGL Background Thread 3 ] DEBUG Engine               - class com.almasb.fxgl.app.services.UpdaterService
20:21:05.926 [FXGL Background Thread 3 ] DEBUG Engine               - class com.almasb.fxgl.dev.DevService
20:21:18.542 [JavaFX Application Thread] DEBUG FXGLApplication      - Exiting FXGL
20:21:18.542 [JavaFX Application Thread] DEBUG LoopRunner           - Stopping loop
20:21:18.542 [JavaFX Application Thread] DEBUG SystemBundleService  - Saving FXGL system data
20:21:18.544 [JavaFX Application Thread] DEBUG FileSystemAccess     - Writing to: F:\DeadInByte\system\fxgl.bundle
20:21:18.545 [JavaFX Application Thread] DEBUG Async                - Shutting down background threads
20:21:18.546 [JavaFX Application Thread] DEBUG PrimaryStageWindow   - Closing main window
20:21:18.554 [JavaFX Application Thread] DEBUG Logger               - Closing Logger
