01:03:47.001 [main                     ] DEBUG Logger               - Configured Logger
01:03:47.089 [main                     ] DEBUG GameApplication      - Logging settings
Title: DiB
Version: 0.0
Width: 800
Height: 600
Fullscreen: false
Intro: false
Profiling: false
Single step:false
App Mode: DEVELOPER
Menu Key: ESCAPE
Stage Style: DECORATED
Scene Factory: class com.almasb.fxgl.app.scene.SceneFactory

01:03:47.917 [JavaFX Application Thread] DEBUG FXGLApplication      - Initializing FXGL
01:03:47.936 [JavaFX Application Thread] INFO  Engine               - FXGL-17 (31.12.2021 18.16) on WINDOWS (J:17.0.4.1 FX:17.0.1)
01:03:47.937 [JavaFX Application Thread] DEBUG Engine               - JRE Vendor Name: Amazon.com Inc.
01:03:47.938 [JavaFX Application Thread] DEBUG Engine               - Running on OS: Windows 10 version 10.0
01:03:47.938 [JavaFX Application Thread] DEBUG Engine               - Architecture: amd64
01:03:47.939 [JavaFX Application Thread] INFO  Engine               - Source code and latest versions at: https://github.com/AlmasB/FXGL
01:03:47.939 [JavaFX Application Thread] INFO  Engine               -       Ask questions and discuss at: https://github.com/AlmasB/FXGL/discussions
01:03:47.940 [JavaFX Application Thread] INFO  Engine               -              Join the FXGL chat at: https://gitter.im/AlmasB/FXGL
01:03:48.198 [JavaFX Application Thread] DEBUG PrimaryStageWindow   - Creating a JavaFX scene
01:03:48.307 [JavaFX Application Thread] DEBUG PrimaryStageWindow   - Target settings size: 800.0 x 600.0
01:03:48.308 [JavaFX Application Thread] DEBUG PrimaryStageWindow   - Scaled scene size:    800.0 x 600.0
01:03:48.308 [JavaFX Application Thread] DEBUG PrimaryStageWindow   - Scaled ratio: (1.0, 1.0)
01:03:48.310 [JavaFX Application Thread] DEBUG PrimaryStageWindow   - Set initial scene to FXGLStartupScene
01:03:48.325 [JavaFX Application Thread] DEBUG PrimaryStageWindow   - Opening main window
01:03:48.501 [JavaFX Application Thread] DEBUG PrimaryStageWindow   - Window border size: (16.0, 39.0)
01:03:48.502 [JavaFX Application Thread] DEBUG PrimaryStageWindow   - Scaled size: 800.0 x 600.0
01:03:48.503 [JavaFX Application Thread] DEBUG PrimaryStageWindow   - Scaled ratio: (1.0, 1.0)
01:03:48.504 [JavaFX Application Thread] DEBUG PrimaryStageWindow   - Scene size: 800.0 x 600.0
01:03:48.505 [JavaFX Application Thread] DEBUG PrimaryStageWindow   - Stage size: 816.0 x 639.0
01:03:48.524 [FXGL Background Thread 1 ] DEBUG Engine               - Initializing environment variables
01:03:48.608 [FXGL Background Thread 1 ] DEBUG FXGLAssetLoaderServi - User app class for loading assets: class ru.nsu.fit.dib.projectdib.App
01:03:48.609 [FXGL Background Thread 1 ] DEBUG GameApplicationServi - Applying CSS: fxgl_dark.css
01:03:48.611 [FXGL Background Thread 1 ] DEBUG FXGLAssetLoaderServi - Loading from file system: jar:file:///C:/Users/Kolacom/.m2/repository/com/github/almasb/fxgl/17/fxgl-17.jar!/fxglassets/ui/css/fxgl_dark.css
01:03:48.711 [FXGL Background Thread 1 ] DEBUG GameApplicationServi - Initializing application scenes
01:03:48.795 [FXGL Background Thread 1 ] DEBUG GameWorld            - Game world initialized
01:03:48.929 [FXGL Background Thread 1 ] DEBUG PhysicsWorld         - Physics world initialized: appHeight=600, physics.ppm=50,0
01:03:48.930 [FXGL Background Thread 1 ] DEBUG PhysicsWorld         - Using strategy: BRUTE_FORCE
01:03:48.941 [FXGL Background Thread 1 ] DEBUG GameScene            - Game scene initialized: 800x600
01:03:48.969 [FXGL Background Thread 1 ] DEBUG FXGL.DefaultMenu     - createMenuBodyGameMenu()
01:03:49.006 [FXGL Background Thread 1 ] DEBUG FXGL.DefaultMenu     - createOptionsMenu()
01:03:49.035 [FXGL Background Thread 1 ] DEBUG FXGLAssetLoaderServi - Loading from file system: jar:file:///C:/Users/Kolacom/.m2/repository/com/github/almasb/fxgl/17/fxgl-17.jar!/fxglassets/textures/particles/smoke.png
01:03:49.227 [FXGL Background Thread 1 ] DEBUG FXGLAssetLoaderServi - Loading from file system: jar:file:///C:/Users/Kolacom/.m2/repository/com/github/almasb/fxgl/17/fxgl-17.jar!/fxglassets/textures/particles/trace_horizontal.png
01:03:49.272 [FXGL Background Thread 1 ] DEBUG GameApplicationServi - Application scenes initialized
01:03:49.294 [FXGL Background Thread 1 ] DEBUG SystemBundleService  - Loading FXGL system data
01:03:49.305 [FXGL Background Thread 1 ] DEBUG FileSystemAccess     - Reading from: D:\DIB\DIB-bug\system\fxgl.bundle
01:03:49.320 [FXGL Background Thread 1 ] DEBUG SystemBundleService  - Bundle FXGL: {}
01:03:49.321 [FXGL Background Thread 1 ] DEBUG UpdaterService       - Checking for updates
01:03:49.329 [FXGL Background Thread 4 ] DEBUG FXGLApplication      - Loading fonts
01:03:49.330 [FXGL Background Thread 4 ] DEBUG FXGLAssetLoaderServi - Loading from file system: jar:file:///C:/Users/Kolacom/.m2/repository/com/github/almasb/fxgl/17/fxgl-17.jar!/fxglassets/ui/fonts/VarelaRound-Regular.ttf
01:03:49.330 [FXGL Background Thread 1 ] DEBUG FXGLApplication      - Loading default localization
01:03:49.331 [FXGL Background Thread 1 ] DEBUG FXGLAssetLoaderServi - Loading from file system: jar:file:///C:/Users/Kolacom/.m2/repository/com/github/almasb/fxgl/17/fxgl-17.jar!/fxglassets/languages/english.lang
01:03:49.364 [FXGL Background Thread 1 ] INFO  FXGLApplication      - FXGL initialization took: 0,840 sec
01:03:49.383 [JavaFX Application Thread] DEBUG Input                - Registered new binding: action0 - W
01:03:49.384 [JavaFX Application Thread] DEBUG Input                - Registered new binding: action1 - S
01:03:49.384 [JavaFX Application Thread] DEBUG Input                - Registered new binding: action2 - A
01:03:49.385 [JavaFX Application Thread] DEBUG Input                - Registered new binding: action3 - D
01:03:49.386 [JavaFX Application Thread] DEBUG FXGLAssetLoaderServi - Loading from file system: jar:file:///C:/Users/Kolacom/.m2/repository/com/github/almasb/fxgl/17/fxgl-17.jar!/fxglassets/textures/fxgl_icon.png
01:03:49.417 [JavaFX Application Thread] DEBUG FXGLAssetLoaderServi - Loading from file system: jar:file:///C:/Users/Kolacom/.m2/repository/com/github/almasb/fxgl/17/fxgl-17.jar!/fxglassets/textures/fxgl_default_cursor.png
01:03:49.421 [JavaFX Application Thread] DEBUG Input                - Registered new binding: Screenshot - CTRL+8
01:03:49.423 [JavaFX Application Thread] DEBUG Input                - Registered new binding: System info dump - CTRL+9
01:03:49.424 [JavaFX Application Thread] DEBUG Input                - Registered new binding: Restart - CTRL+R
01:03:49.425 [JavaFX Application Thread] DEBUG Input                - Registered new binding: Toggle Debug Camera - CTRL+7
01:03:49.429 [JavaFX Application Thread] DEBUG LoopRunner           - Starting loop
01:03:49.429 [JavaFX Application Thread] DEBUG LoopRunner           - Initializing JavaFX AnimationTimerLoop
01:03:49.432 [JavaFX Application Thread] DEBUG GameApplicationServi - Starting new game
01:03:49.433 [JavaFX Application Thread] DEBUG Input                - Clearing active input actions
01:03:49.454 [JavaFX Application Thread] DEBUG GameApplicationServi - Removing overlay from FXGLStartupScene and adding to FXGLLoadingScene
01:03:49.456 [JavaFX Application Thread] DEBUG PrimaryStageWindow   - FXGLStartupScene -> FXGLLoadingScene
01:03:49.456 [JavaFX Application Thread] DEBUG GameApplicationServi - Clearing previous game
01:03:49.456 [JavaFX Application Thread] DEBUG GameScene            - Clearing game scene
01:03:49.456 [JavaFX Application Thread] DEBUG GameWorld            - Clearing game world
01:03:49.457 [JavaFX Application Thread] DEBUG PhysicsWorld         - Clearing physics world
01:03:49.458 [FXGL Background Thread 4 ] DEBUG FXGLAssetLoaderServi - Loading from file system: jar:file:///C:/Users/Kolacom/.m2/repository/com/github/almasb/fxgl/17/fxgl-17.jar!/fxglassets/ui/fonts/Abel-Regular.ttf
01:03:49.459 [FXGL Background Thread 1 ] DEBUG FXGLApplication      - Initializing game
01:03:49.480 [FXGL Background Thread 4 ] DEBUG FXGLAssetLoaderServi - Loading from file system: jar:file:///C:/Users/Kolacom/.m2/repository/com/github/almasb/fxgl/17/fxgl-17.jar!/fxglassets/ui/fonts/TerminalLandMono-Regular.otf
01:03:49.504 [FXGL Background Thread 4 ] DEBUG FXGLAssetLoaderServi - Loading from file system: jar:file:///C:/Users/Kolacom/.m2/repository/com/github/almasb/fxgl/17/fxgl-17.jar!/fxglassets/ui/fonts/Courier-Prime.ttf
01:03:49.549 [FXGL Background Thread 1 ] WARN  TMXLevelLoader       - TiledMap generated from 1.9.2. Supported version: 1.2.3. Some features may not be parsed fully.
01:03:49.549 [JavaFX Application Thread] DEBUG FXGLApplication      - Registering font factories with UI factory
01:03:49.566 [FXGL Background Thread 1 ] WARN  TMXLevelLoader       - Parse error
javax.xml.stream.XMLStreamException: ParseError at [row,col]:[8,46]
Message: elementGetText() function expects text only elment but START_ELEMENT was encountered.
	at java.xml/com.sun.org.apache.xerces.internal.impl.XMLStreamReaderImpl.getElementText(XMLStreamReaderImpl.java:918)
	at java.xml/com.sun.xml.internal.stream.XMLEventReaderImpl.getElementText(XMLEventReaderImpl.java:187)
	at com.almasb.fxgl.entity@17/com.almasb.fxgl.entity.level.tiled.TMXLevelLoader.parse(TMXLevelLoader.kt:219)
	at com.almasb.fxgl.entity@17/com.almasb.fxgl.entity.level.tiled.TMXLevelLoader.load(TMXLevelLoader.kt:51)
	at com.almasb.fxgl.all@17/com.almasb.fxgl.app.services.FXGLAssetLoaderService.loadLevel(FXGLAssetLoaderService.kt:446)
	at com.almasb.fxgl.all@17/com.almasb.fxgl.dsl.FXGL$Companion.setLevelFromMap(FXGL.kt:530)
	at com.almasb.fxgl.all@17/com.almasb.fxgl.dsl.FXGL.setLevelFromMap(FXGL.kt)
	at projectdib.main/ru.nsu.fit.dib.projectdib.App.initGame(App.java:45)
	at com.almasb.fxgl.all@17/com.almasb.fxgl.app.FXGLApplication$InitAppTask.initGame(FXGLApplication.kt:339)
	at com.almasb.fxgl.all@17/com.almasb.fxgl.app.FXGLApplication$InitAppTask.call(FXGLApplication.kt:319)
	at com.almasb.fxgl.all@17/com.almasb.fxgl.app.FXGLApplication$InitAppTask.call(FXGLApplication.kt:311)
	at javafx.graphics/javafx.concurrent.Task$TaskCallable.call(Task.java:1426)
	at java.base/java.util.concurrent.FutureTask.run(FutureTask.java:264)
	at java.base/java.util.concurrent.Executors$RunnableAdapter.call(Executors.java:539)
	at java.base/java.util.concurrent.FutureTask.run(FutureTask.java:264)
	at java.base/java.util.concurrent.ThreadPoolExecutor.runWorker(ThreadPoolExecutor.java:1136)
	at java.base/java.util.concurrent.ThreadPoolExecutor$Worker.run(ThreadPoolExecutor.java:635)
	at java.base/java.lang.Thread.run(Thread.java:833)

01:03:49.693 [JavaFX Application Thread] DEBUG LoopRunner           - Stopping loop
01:03:49.694 [JavaFX Application Thread] FATAL FXGLApplication      - Uncaught Exception:
java.lang.RuntimeException: Initialization failed
	at com.almasb.fxgl.all@17/com.almasb.fxgl.app.FXGLApplication$InitAppTask.failed(FXGLApplication.kt:343)
	at javafx.graphics/javafx.concurrent.Task.setState(Task.java:710)
	at javafx.graphics/javafx.concurrent.Task$TaskCallable.lambda$call$2(Task.java:1456)
	at javafx.graphics/com.sun.javafx.application.PlatformImpl.lambda$runLater$10(PlatformImpl.java:457)
	at java.base/java.security.AccessController.doPrivileged(AccessController.java:399)
	at javafx.graphics/com.sun.javafx.application.PlatformImpl.lambda$runLater$11(PlatformImpl.java:456)
	at javafx.graphics/com.sun.glass.ui.InvokeLaterDispatcher$Future.run(InvokeLaterDispatcher.java:96)
	at javafx.graphics/com.sun.glass.ui.win.WinApplication._runLoop(Native Method)
	at javafx.graphics/com.sun.glass.ui.win.WinApplication.lambda$runLoop$3(WinApplication.java:184)
	at java.base/java.lang.Thread.run(Thread.java:833)
Caused by: com.almasb.fxgl.entity.level.LevelLoadingException: ParseError at [row,col]:[8,46]
Message: elementGetText() function expects text only elment but START_ELEMENT was encountered.
	at com.almasb.fxgl.entity@17/com.almasb.fxgl.entity.level.tiled.TMXLevelLoader.load(TMXLevelLoader.kt:77)
	at com.almasb.fxgl.all@17/com.almasb.fxgl.app.services.FXGLAssetLoaderService.loadLevel(FXGLAssetLoaderService.kt:446)
	at com.almasb.fxgl.all@17/com.almasb.fxgl.dsl.FXGL$Companion.setLevelFromMap(FXGL.kt:530)
	at com.almasb.fxgl.all@17/com.almasb.fxgl.dsl.FXGL.setLevelFromMap(FXGL.kt)
	at projectdib.main/ru.nsu.fit.dib.projectdib.App.initGame(App.java:45)
	at com.almasb.fxgl.all@17/com.almasb.fxgl.app.FXGLApplication$InitAppTask.initGame(FXGLApplication.kt:339)
	at com.almasb.fxgl.all@17/com.almasb.fxgl.app.FXGLApplication$InitAppTask.call(FXGLApplication.kt:319)
	at com.almasb.fxgl.all@17/com.almasb.fxgl.app.FXGLApplication$InitAppTask.call(FXGLApplication.kt:311)
	at javafx.graphics/javafx.concurrent.Task$TaskCallable.call(Task.java:1426)
	at java.base/java.util.concurrent.FutureTask.run(FutureTask.java:264)
	at java.base/java.util.concurrent.Executors$RunnableAdapter.call(Executors.java:539)
	at java.base/java.util.concurrent.FutureTask.run(FutureTask.java:264)
	at java.base/java.util.concurrent.ThreadPoolExecutor.runWorker(ThreadPoolExecutor.java:1136)
	at java.base/java.util.concurrent.ThreadPoolExecutor$Worker.run(ThreadPoolExecutor.java:635)
	... 1 more
Caused by: javax.xml.stream.XMLStreamException: ParseError at [row,col]:[8,46]
Message: elementGetText() function expects text only elment but START_ELEMENT was encountered.
	at java.xml/com.sun.org.apache.xerces.internal.impl.XMLStreamReaderImpl.getElementText(XMLStreamReaderImpl.java:918)
	at java.xml/com.sun.xml.internal.stream.XMLEventReaderImpl.getElementText(XMLEventReaderImpl.java:187)
	at com.almasb.fxgl.entity@17/com.almasb.fxgl.entity.level.tiled.TMXLevelLoader.parse(TMXLevelLoader.kt:219)
	at com.almasb.fxgl.entity@17/com.almasb.fxgl.entity.level.tiled.TMXLevelLoader.load(TMXLevelLoader.kt:51)
	... 14 more

01:03:49.695 [JavaFX Application Thread] FATAL FXGLApplication      - Application will now exit
01:03:49.760 [JavaFX Application Thread] DEBUG PrimaryStageWindow   - Push state: ErrorSubScene
01:03:49.761 [JavaFX Application Thread] DEBUG Input                - Clearing active input actions
01:03:49.773 [JavaFX Application Thread] DEBUG GameApplicationServi - Removing overlay from FXGLLoadingScene and adding to ErrorSubScene
01:03:49.775 [JavaFX Application Thread] DEBUG PrimaryStageWindow   - FXGLLoadingScene -> ErrorSubScene
01:03:50.461 [FXGL Background Thread 2 ] INFO  UpdaterService       - Your current version:  17
01:03:50.462 [FXGL Background Thread 2 ] INFO  UpdaterService       - Latest stable version: 17.2
01:03:52.327 [FXGL Background Thread 3 ] DEBUG Engine               - Logging environment variables
01:03:52.328 [FXGL Background Thread 3 ] DEBUG Engine               - achievements: []
01:03:52.328 [FXGL Background Thread 3 ] DEBUG Engine               - actualHeight: 600.0
01:03:52.329 [FXGL Background Thread 3 ] DEBUG Engine               - actualHeightProperty: ReadOnlyDoubleProperty [value: 600.0]
01:03:52.329 [FXGL Background Thread 3 ] DEBUG Engine               - actualWidth: 800.0
01:03:52.329 [FXGL Background Thread 3 ] DEBUG Engine               - actualWidthProperty: ReadOnlyDoubleProperty [value: 800.0]
01:03:52.329 [FXGL Background Thread 3 ] DEBUG Engine               - appIcon: fxgl_icon.png
01:03:52.329 [FXGL Background Thread 3 ] DEBUG Engine               - applicationMode: DEVELOPER
01:03:52.330 [FXGL Background Thread 3 ] DEBUG Engine               - cSSList: [fxgl_dark.css]
01:03:52.330 [FXGL Background Thread 3 ] DEBUG Engine               - collisionDetectionStrategy: BRUTE_FORCE
01:03:52.330 [FXGL Background Thread 3 ] DEBUG Engine               - configClass: Optional.empty
01:03:52.330 [FXGL Background Thread 3 ] DEBUG Engine               - credits: []
01:03:52.331 [FXGL Background Thread 3 ] DEBUG Engine               - defaultCursor: CursorInfo(imageName=fxgl_default_cursor.png, hotspotX=7.0, hotspotY=6.0)
01:03:52.332 [FXGL Background Thread 3 ] DEBUG Engine               - devBBoxColorProperty: ObjectProperty [value: 0xff0000ff]
01:03:52.332 [FXGL Background Thread 3 ] DEBUG Engine               - devEnableDebugCameraProperty: BooleanProperty [value: false]
01:03:52.332 [FXGL Background Thread 3 ] DEBUG Engine               - devSensorColorProperty: ObjectProperty [value: 0xffff00ff]
01:03:52.332 [FXGL Background Thread 3 ] DEBUG Engine               - devShowBBoxProperty: BooleanProperty [value: false]
01:03:52.333 [FXGL Background Thread 3 ] DEBUG Engine               - devShowPositionProperty: BooleanProperty [value: false]
01:03:52.333 [FXGL Background Thread 3 ] DEBUG Engine               - enabledMenuItems: []
01:03:52.333 [FXGL Background Thread 3 ] DEBUG Engine               - engineServices: [class com.almasb.fxgl.app.services.FXGLAssetLoaderService, class com.almasb.fxgl.app.FXGLApplication$GameApplicationService, class com.almasb.fxgl.app.services.FXGLDialogService, class com.almasb.fxgl.app.services.IOTaskExecutorService, class com.almasb.fxgl.io.FileSystemService, class com.almasb.fxgl.localization.LocalizationService, class com.almasb.fxgl.app.services.SystemBundleService, class com.almasb.fxgl.profile.SaveLoadService, class com.almasb.fxgl.ui.FXGLUIFactoryServiceProvider, class com.almasb.fxgl.ui.FXGLDialogFactoryServiceProvider, class com.almasb.fxgl.audio.AudioPlayer, class com.almasb.fxgl.notification.impl.NotificationServiceProvider, class com.almasb.fxgl.achievement.AchievementService, class com.almasb.fxgl.cutscene.CutsceneService, class com.almasb.fxgl.minigames.MiniGameService, class com.almasb.fxgl.net.NetService, class com.almasb.fxgl.app.services.UpdaterService, class com.almasb.fxgl.dev.DevService]
01:03:52.333 [FXGL Background Thread 3 ] DEBUG Engine               - fontGame: Abel-Regular.ttf
01:03:52.334 [FXGL Background Thread 3 ] DEBUG Engine               - fontMono: TerminalLandMono-Regular.otf
01:03:52.334 [FXGL Background Thread 3 ] DEBUG Engine               - fontText: Courier-Prime.ttf
01:03:52.334 [FXGL Background Thread 3 ] DEBUG Engine               - fontUI: VarelaRound-Regular.ttf
01:03:52.334 [FXGL Background Thread 3 ] DEBUG Engine               - fullScreen: BooleanProperty [value: false]
01:03:52.334 [FXGL Background Thread 3 ] DEBUG Engine               - gameDifficulty: MEDIUM
01:03:52.335 [FXGL Background Thread 3 ] DEBUG Engine               - gameDifficultyProperty: ObjectProperty [value: MEDIUM]
01:03:52.335 [FXGL Background Thread 3 ] DEBUG Engine               - globalMusicVolume: 0.5
01:03:52.335 [FXGL Background Thread 3 ] DEBUG Engine               - globalMusicVolumeProperty: DoubleProperty [value: 0.5]
01:03:52.336 [FXGL Background Thread 3 ] DEBUG Engine               - globalSoundVolume: 0.5
01:03:52.336 [FXGL Background Thread 3 ] DEBUG Engine               - globalSoundVolumeProperty: DoubleProperty [value: 0.5]
01:03:52.336 [FXGL Background Thread 3 ] DEBUG Engine               - height: 600
01:03:52.336 [FXGL Background Thread 3 ] DEBUG Engine               - is3D: false
01:03:52.337 [FXGL Background Thread 3 ] DEBUG Engine               - isAndroid: false
01:03:52.337 [FXGL Background Thread 3 ] DEBUG Engine               - isBrowser: false
01:03:52.337 [FXGL Background Thread 3 ] DEBUG Engine               - isClickFeedbackEnabled: false
01:03:52.337 [FXGL Background Thread 3 ] DEBUG Engine               - isCloseConfirmation: false
01:03:52.338 [FXGL Background Thread 3 ] DEBUG Engine               - isDesktop: true
01:03:52.338 [FXGL Background Thread 3 ] DEBUG Engine               - isDeveloperMenuEnabled: false
01:03:52.338 [FXGL Background Thread 3 ] DEBUG Engine               - isEmbedded: false
01:03:52.338 [FXGL Background Thread 3 ] DEBUG Engine               - isEntityPreloadEnabled: true
01:03:52.338 [FXGL Background Thread 3 ] DEBUG Engine               - isExperimentalTiledLargeMap: false
01:03:52.339 [FXGL Background Thread 3 ] DEBUG Engine               - isFileSystemWriteAllowed: true
01:03:52.339 [FXGL Background Thread 3 ] DEBUG Engine               - isFullScreenAllowed: false
01:03:52.339 [FXGL Background Thread 3 ] DEBUG Engine               - isFullScreenFromStart: false
01:03:52.339 [FXGL Background Thread 3 ] DEBUG Engine               - isGameMenuEnabled: true
01:03:52.340 [FXGL Background Thread 3 ] DEBUG Engine               - isIOS: false
01:03:52.340 [FXGL Background Thread 3 ] DEBUG Engine               - isIntroEnabled: false
01:03:52.340 [FXGL Background Thread 3 ] DEBUG Engine               - isLinux: false
01:03:52.340 [FXGL Background Thread 3 ] DEBUG Engine               - isMac: false
01:03:52.341 [FXGL Background Thread 3 ] DEBUG Engine               - isMainMenuEnabled: false
01:03:52.341 [FXGL Background Thread 3 ] DEBUG Engine               - isManualResizeEnabled: false
01:03:52.341 [FXGL Background Thread 3 ] DEBUG Engine               - isMobile: false
01:03:52.341 [FXGL Background Thread 3 ] DEBUG Engine               - isNative: false
01:03:52.341 [FXGL Background Thread 3 ] DEBUG Engine               - isPauseMusicWhenMinimized: true
01:03:52.341 [FXGL Background Thread 3 ] DEBUG Engine               - isPreserveResizeRatio: false
01:03:52.341 [FXGL Background Thread 3 ] DEBUG Engine               - isProfilingEnabled: false
01:03:52.342 [FXGL Background Thread 3 ] DEBUG Engine               - isScaleAffectedOnResize: true
01:03:52.342 [FXGL Background Thread 3 ] DEBUG Engine               - isSingleStep: false
01:03:52.342 [FXGL Background Thread 3 ] DEBUG Engine               - isUserProfileEnabled: false
01:03:52.342 [FXGL Background Thread 3 ] DEBUG Engine               - isWindows: true
01:03:52.343 [FXGL Background Thread 3 ] DEBUG Engine               - language: ObjectProperty [value: ENGLISH]
01:03:52.343 [FXGL Background Thread 3 ] DEBUG Engine               - menuKey: ESCAPE
01:03:52.343 [FXGL Background Thread 3 ] DEBUG Engine               - mouseSensitivity: 0.2
01:03:52.343 [FXGL Background Thread 3 ] DEBUG Engine               - notificationViewClass: class com.almasb.fxgl.notification.view.XboxNotificationView
01:03:52.343 [FXGL Background Thread 3 ] DEBUG Engine               - pixelsPerMeter: 50.0
01:03:52.344 [FXGL Background Thread 3 ] DEBUG Engine               - platform: WINDOWS
01:03:52.344 [FXGL Background Thread 3 ] DEBUG Engine               - prefHeightProperty: ReadOnlyDoubleProperty [value: 600.0]
01:03:52.344 [FXGL Background Thread 3 ] DEBUG Engine               - prefWidthProperty: ReadOnlyDoubleProperty [value: 800.0]
01:03:52.344 [FXGL Background Thread 3 ] DEBUG Engine               - profileDir: profiles/
01:03:52.344 [FXGL Background Thread 3 ] DEBUG Engine               - profileName: StringProperty [value: DEFAULT]
01:03:52.345 [FXGL Background Thread 3 ] DEBUG Engine               - randomSeed: -1
01:03:52.346 [FXGL Background Thread 3 ] DEBUG Engine               - runtimeInfo: RuntimeInfo(platform=WINDOWS, version=17, build=31.12.2021 18.16)
01:03:52.346 [FXGL Background Thread 3 ] DEBUG Engine               - saveFileExt: sav
01:03:52.346 [FXGL Background Thread 3 ] DEBUG Engine               - scaledHeightProp$fxgl: DoubleProperty [bound, value: 600.0]
01:03:52.346 [FXGL Background Thread 3 ] DEBUG Engine               - scaledWidthProp$fxgl: DoubleProperty [bound, value: 800.0]
01:03:52.347 [FXGL Background Thread 3 ] DEBUG Engine               - sceneFactory: com.almasb.fxgl.app.scene.SceneFactory@82c1a75
01:03:52.347 [FXGL Background Thread 3 ] DEBUG Engine               - secondsIn24h: 60
01:03:52.347 [FXGL Background Thread 3 ] DEBUG Engine               - soundMenuBack: menu/back.wav
01:03:52.347 [FXGL Background Thread 3 ] DEBUG Engine               - soundMenuPress: menu/press.wav
01:03:52.347 [FXGL Background Thread 3 ] DEBUG Engine               - soundMenuSelect: menu/select.wav
01:03:52.347 [FXGL Background Thread 3 ] DEBUG Engine               - soundNotification: core/notification.wav
01:03:52.347 [FXGL Background Thread 3 ] DEBUG Engine               - stageStyle: DECORATED
01:03:52.348 [FXGL Background Thread 3 ] DEBUG Engine               - supportedLanguages: [ENGLISH, FRENCH, GERMAN, HUNGARIAN, RUSSIAN]
01:03:52.348 [FXGL Background Thread 3 ] DEBUG Engine               - ticksPerSecond: -1
01:03:52.348 [FXGL Background Thread 3 ] DEBUG Engine               - title: DiB
01:03:52.348 [FXGL Background Thread 3 ] DEBUG Engine               - urlGithub: https://github.com/AlmasB/FXGL
01:03:52.348 [FXGL Background Thread 3 ] DEBUG Engine               - urlLeaderboard: http://fxgl-top.herokuapp.com/
01:03:52.348 [FXGL Background Thread 3 ] DEBUG Engine               - urlPOM: https://raw.githubusercontent.com/AlmasB/FXGL/release/README.md
01:03:52.348 [FXGL Background Thread 3 ] DEBUG Engine               - userAppClass: class ru.nsu.fit.dib.projectdib.App
01:03:52.349 [FXGL Background Thread 3 ] DEBUG Engine               - version: 0.0
01:03:52.349 [FXGL Background Thread 3 ] DEBUG Engine               - versionCheckDays: 7
01:03:52.349 [FXGL Background Thread 3 ] DEBUG Engine               - width: 800
01:03:52.349 [FXGL Background Thread 3 ] DEBUG Engine               - Logging services
01:03:52.350 [FXGL Background Thread 3 ] DEBUG Engine               - class com.almasb.fxgl.app.services.FXGLAssetLoaderService
01:03:52.350 [FXGL Background Thread 3 ] DEBUG Engine               - class com.almasb.fxgl.app.FXGLApplication$GameApplicationService
01:03:52.350 [FXGL Background Thread 3 ] DEBUG Engine               - class com.almasb.fxgl.app.services.FXGLDialogService
01:03:52.350 [FXGL Background Thread 3 ] DEBUG Engine               - class com.almasb.fxgl.app.services.IOTaskExecutorService
01:03:52.350 [FXGL Background Thread 3 ] DEBUG Engine               - class com.almasb.fxgl.io.FileSystemService
01:03:52.350 [FXGL Background Thread 3 ] DEBUG Engine               - class com.almasb.fxgl.localization.LocalizationService
01:03:52.350 [FXGL Background Thread 3 ] DEBUG Engine               - class com.almasb.fxgl.app.services.SystemBundleService
01:03:52.350 [FXGL Background Thread 3 ] DEBUG Engine               - class com.almasb.fxgl.profile.SaveLoadService
01:03:52.351 [FXGL Background Thread 3 ] DEBUG Engine               - class com.almasb.fxgl.ui.FXGLUIFactoryServiceProvider
01:03:52.351 [FXGL Background Thread 3 ] DEBUG Engine               - class com.almasb.fxgl.ui.FXGLDialogFactoryServiceProvider
01:03:52.351 [FXGL Background Thread 3 ] DEBUG Engine               - class com.almasb.fxgl.audio.AudioPlayer
01:03:52.351 [FXGL Background Thread 3 ] DEBUG Engine               - class com.almasb.fxgl.notification.impl.NotificationServiceProvider
01:03:52.352 [FXGL Background Thread 3 ] DEBUG Engine               - class com.almasb.fxgl.achievement.AchievementService
01:03:52.352 [FXGL Background Thread 3 ] DEBUG Engine               - class com.almasb.fxgl.cutscene.CutsceneService
01:03:52.352 [FXGL Background Thread 3 ] DEBUG Engine               - class com.almasb.fxgl.minigames.MiniGameService
01:03:52.352 [FXGL Background Thread 3 ] DEBUG Engine               - class com.almasb.fxgl.net.NetService
01:03:52.352 [FXGL Background Thread 3 ] DEBUG Engine               - class com.almasb.fxgl.app.services.UpdaterService
01:03:52.352 [FXGL Background Thread 3 ] DEBUG Engine               - class com.almasb.fxgl.dev.DevService
01:04:01.927 [JavaFX Application Thread] DEBUG FXGLApplication      - Exiting FXGL
01:04:01.927 [JavaFX Application Thread] DEBUG Async                - Shutting down background threads
01:04:01.928 [JavaFX Application Thread] DEBUG PrimaryStageWindow   - Closing main window
01:04:02.005 [JavaFX Application Thread] DEBUG Logger               - Closing Logger
