18:59:36.077 [main                     ] DEBUG Logger               - Configured Logger
18:59:36.096 [main                     ] DEBUG GameApplication      - Logging settings
Title: DiB
Version: 0.0
Width: 1280
Height: 720
Fullscreen: true
Intro: false
Profiling: false
Single step:false
App Mode: DEVELOPER
Menu Key: ESCAPE
Stage Style: DECORATED
Scene Factory: class com.almasb.fxgl.app.scene.SceneFactory

18:59:36.340 [JavaFX Application Thread] DEBUG FXGLApplication      - Initializing FXGL
18:59:36.345 [JavaFX Application Thread] INFO  Engine               - FXGL-17 (31.12.2021 18.16) on WINDOWS (J:18.0.1.1 FX:17.0.1)
18:59:36.345 [JavaFX Application Thread] DEBUG Engine               - JRE Vendor Name: Oracle Corporation
18:59:36.345 [JavaFX Application Thread] DEBUG Engine               - Running on OS: Windows 11 version 10.0
18:59:36.345 [JavaFX Application Thread] DEBUG Engine               - Architecture: amd64
18:59:36.345 [JavaFX Application Thread] INFO  Engine               - Source code and latest versions at: https://github.com/AlmasB/FXGL
18:59:36.345 [JavaFX Application Thread] INFO  Engine               -       Ask questions and discuss at: https://github.com/AlmasB/FXGL/discussions
18:59:36.346 [JavaFX Application Thread] INFO  Engine               -              Join the FXGL chat at: https://gitter.im/AlmasB/FXGL
18:59:36.407 [JavaFX Application Thread] DEBUG PrimaryStageWindow   - Creating a JavaFX scene
18:59:36.439 [JavaFX Application Thread] DEBUG PrimaryStageWindow   - Target settings size: 1280.0 x 720.0
18:59:36.439 [JavaFX Application Thread] DEBUG PrimaryStageWindow   - Scaled scene size:    1280.0 x 720.0
18:59:36.439 [JavaFX Application Thread] DEBUG PrimaryStageWindow   - Scaled ratio: (1.0, 1.0)
18:59:36.440 [JavaFX Application Thread] DEBUG PrimaryStageWindow   - Set initial scene to FXGLStartupScene
18:59:36.445 [JavaFX Application Thread] DEBUG PrimaryStageWindow   - Opening main window
18:59:36.506 [JavaFX Application Thread] DEBUG PrimaryStageWindow   - Window border size: (14.4000244140625, 37.5999755859375)
18:59:36.506 [JavaFX Application Thread] DEBUG PrimaryStageWindow   - Scaled size: 1280.0 x 720.0
18:59:36.506 [JavaFX Application Thread] DEBUG PrimaryStageWindow   - Scaled ratio: (1.0, 1.0)
18:59:36.506 [JavaFX Application Thread] DEBUG PrimaryStageWindow   - Scene size: 1280.0 x 720.0
18:59:36.507 [JavaFX Application Thread] DEBUG PrimaryStageWindow   - Stage size: 1294.4000244140625 x 757.5999755859375
18:59:36.546 [JavaFX Application Thread] DEBUG PrimaryStageWindow   - Going fullscreen
18:59:36.554 [FXGL Background Thread 1 ] DEBUG Engine               - Initializing environment variables
18:59:36.590 [FXGL Background Thread 1 ] DEBUG FXGLAssetLoaderServi - User app class for loading assets: class ru.nsu.fit.dib.projectdib.App
18:59:36.591 [FXGL Background Thread 1 ] DEBUG GameApplicationServi - Applying CSS: fxgl_dark.css
18:59:36.591 [FXGL Background Thread 1 ] DEBUG FXGLAssetLoaderServi - Loading from file system: jar:file:///C:/Users/coffe/.m2/repository/com/github/almasb/fxgl/17/fxgl-17.jar!/fxglassets/ui/css/fxgl_dark.css
18:59:36.625 [FXGL Background Thread 1 ] DEBUG GameApplicationServi - Initializing application scenes
18:59:36.656 [FXGL Background Thread 1 ] DEBUG GameWorld            - Game world initialized
18:59:36.701 [FXGL Background Thread 1 ] DEBUG PhysicsWorld         - Physics world initialized: appHeight=720, physics.ppm=50,0
18:59:36.702 [FXGL Background Thread 1 ] DEBUG PhysicsWorld         - Using strategy: BRUTE_FORCE
18:59:36.705 [FXGL Background Thread 1 ] DEBUG GameScene            - Game scene initialized: 1280x720
18:59:36.715 [FXGL Background Thread 1 ] DEBUG FXGL.DefaultMenu     - createMenuBodyGameMenu()
18:59:36.725 [FXGL Background Thread 1 ] DEBUG FXGL.DefaultMenu     - createOptionsMenu()
18:59:36.732 [FXGL Background Thread 1 ] DEBUG FXGLAssetLoaderServi - Loading from file system: jar:file:///C:/Users/coffe/.m2/repository/com/github/almasb/fxgl/17/fxgl-17.jar!/fxglassets/textures/particles/smoke.png
18:59:36.793 [FXGL Background Thread 1 ] DEBUG FXGLAssetLoaderServi - Loading from file system: jar:file:///C:/Users/coffe/.m2/repository/com/github/almasb/fxgl/17/fxgl-17.jar!/fxglassets/textures/particles/trace_horizontal.png
18:59:36.819 [FXGL Background Thread 1 ] DEBUG GameApplicationServi - Application scenes initialized
18:59:36.830 [FXGL Background Thread 1 ] DEBUG SystemBundleService  - Loading FXGL system data
18:59:36.834 [FXGL Background Thread 1 ] DEBUG FileSystemAccess     - Reading from: F:\DeadInByte\system\fxgl.bundle
18:59:36.842 [FXGL Background Thread 1 ] DEBUG SystemBundleService  - Bundle FXGL: {}
18:59:36.842 [FXGL Background Thread 1 ] DEBUG UpdaterService       - Checking for updates
18:59:36.845 [FXGL Background Thread 4 ] DEBUG FXGLApplication      - Loading fonts
18:59:36.846 [FXGL Background Thread 1 ] DEBUG FXGLApplication      - Loading default localization
18:59:36.846 [FXGL Background Thread 4 ] DEBUG FXGLAssetLoaderServi - Loading from file system: jar:file:///C:/Users/coffe/.m2/repository/com/github/almasb/fxgl/17/fxgl-17.jar!/fxglassets/ui/fonts/VarelaRound-Regular.ttf
18:59:36.846 [FXGL Background Thread 1 ] DEBUG FXGLAssetLoaderServi - Loading from file system: jar:file:///C:/Users/coffe/.m2/repository/com/github/almasb/fxgl/17/fxgl-17.jar!/fxglassets/languages/english.lang
18:59:36.858 [FXGL Background Thread 1 ] INFO  FXGLApplication      - FXGL initialization took: 0,304 sec
18:59:36.867 [JavaFX Application Thread] DEBUG Input                - Registered new binding: action0 - W
18:59:36.867 [JavaFX Application Thread] DEBUG Input                - Registered new binding: action1 - S
18:59:36.867 [JavaFX Application Thread] DEBUG Input                - Registered new binding: action2 - A
18:59:36.868 [JavaFX Application Thread] DEBUG Input                - Registered new binding: action3 - D
18:59:36.868 [JavaFX Application Thread] DEBUG FXGLAssetLoaderServi - Loading from file system: jar:file:///C:/Users/coffe/.m2/repository/com/github/almasb/fxgl/17/fxgl-17.jar!/fxglassets/textures/fxgl_icon.png
18:59:36.886 [JavaFX Application Thread] DEBUG FXGLAssetLoaderServi - Loading from file system: jar:file:///C:/Users/coffe/.m2/repository/com/github/almasb/fxgl/17/fxgl-17.jar!/fxglassets/textures/fxgl_default_cursor.png
18:59:36.888 [JavaFX Application Thread] DEBUG Input                - Registered new binding: Screenshot - CTRL+8
18:59:36.889 [JavaFX Application Thread] DEBUG Input                - Registered new binding: System info dump - CTRL+9
18:59:36.889 [JavaFX Application Thread] DEBUG Input                - Registered new binding: Restart - CTRL+R
18:59:36.890 [JavaFX Application Thread] DEBUG Input                - Registered new binding: Toggle Debug Camera - CTRL+7
18:59:36.891 [FXGL Background Thread 4 ] DEBUG FXGLAssetLoaderServi - Loading from file system: jar:file:///C:/Users/coffe/.m2/repository/com/github/almasb/fxgl/17/fxgl-17.jar!/fxglassets/ui/fonts/Abel-Regular.ttf
18:59:36.892 [JavaFX Application Thread] DEBUG LoopRunner           - Starting loop
18:59:36.892 [JavaFX Application Thread] DEBUG LoopRunner           - Initializing JavaFX AnimationTimerLoop
18:59:36.893 [JavaFX Application Thread] DEBUG GameApplicationServi - Starting new game
18:59:36.893 [JavaFX Application Thread] DEBUG Input                - Clearing active input actions
18:59:36.894 [FXGL Background Thread 4 ] DEBUG FXGLAssetLoaderServi - Loading from file system: jar:file:///C:/Users/coffe/.m2/repository/com/github/almasb/fxgl/17/fxgl-17.jar!/fxglassets/ui/fonts/TerminalLandMono-Regular.otf
18:59:36.904 [FXGL Background Thread 4 ] DEBUG FXGLAssetLoaderServi - Loading from file system: jar:file:///C:/Users/coffe/.m2/repository/com/github/almasb/fxgl/17/fxgl-17.jar!/fxglassets/ui/fonts/Courier-Prime.ttf
18:59:36.905 [JavaFX Application Thread] DEBUG GameApplicationServi - Removing overlay from FXGLStartupScene and adding to FXGLLoadingScene
18:59:36.905 [JavaFX Application Thread] DEBUG PrimaryStageWindow   - FXGLStartupScene -> FXGLLoadingScene
18:59:36.906 [JavaFX Application Thread] DEBUG GameApplicationServi - Clearing previous game
18:59:36.906 [JavaFX Application Thread] DEBUG GameScene            - Clearing game scene
18:59:36.906 [JavaFX Application Thread] DEBUG GameWorld            - Clearing game world
18:59:36.906 [JavaFX Application Thread] DEBUG PhysicsWorld         - Clearing physics world
18:59:36.908 [FXGL Background Thread 1 ] DEBUG FXGLApplication      - Initializing game
18:59:36.937 [JavaFX Application Thread] DEBUG FXGLApplication      - Registering font factories with UI factory
18:59:36.943 [FXGL Background Thread 1 ] DEBUG TMXLevelLoader       - Parsed TiledMap: file:/F:/DeadInByte/target/classes/assets/levels/tmx/exlevel2.tmx
18:59:36.944 [FXGL Background Thread 1 ] DEBUG TMXLevelLoader       - Creating tile layer entities
18:59:36.945 [FXGL Background Thread 1 ] DEBUG TilesetLoader        - Loading view for layer Слой тайлов 1
18:59:36.946 [FXGL Background Thread 1 ] DEBUG TilesetLoader        - Created buffer with size 256.0x256.0
18:59:36.968 [FXGL Background Thread 1 ] DEBUG TMXLevelLoader       - Creating object layer entities
18:59:36.979 [FXGL Background Thread 1 ] DEBUG GameWorld            - Clearing removable entities
18:59:36.980 [FXGL Background Thread 1 ] DEBUG GameWorld            - Setting level: com.almasb.fxgl.entity.level.Level@5630e142
18:59:36.984 [FXGL Background Thread 1 ] INFO  FXGLApplication      - Game initialization took: 0,075 sec
18:59:36.984 [JavaFX Application Thread] DEBUG Input                - Clearing active input actions
18:59:36.991 [JavaFX Application Thread] DEBUG GameApplicationServi - Removing overlay from FXGLLoadingScene and adding to GameScene
18:59:36.991 [JavaFX Application Thread] DEBUG PrimaryStageWindow   - FXGLLoadingScene -> GameScene
18:59:37.449 [FXGL Background Thread 2 ] INFO  UpdaterService       - Your current version:  17
18:59:37.449 [FXGL Background Thread 2 ] INFO  UpdaterService       - Latest stable version: 17.2
18:59:39.846 [FXGL Background Thread 3 ] DEBUG Engine               - Logging environment variables
18:59:39.846 [FXGL Background Thread 3 ] DEBUG Engine               - achievements: []
18:59:39.846 [FXGL Background Thread 3 ] DEBUG Engine               - actualHeight: 864.0
18:59:39.846 [FXGL Background Thread 3 ] DEBUG Engine               - actualHeightProperty: ReadOnlyDoubleProperty [value: 864.0]
18:59:39.847 [FXGL Background Thread 3 ] DEBUG Engine               - actualWidth: 1536.0
18:59:39.847 [FXGL Background Thread 3 ] DEBUG Engine               - actualWidthProperty: ReadOnlyDoubleProperty [value: 1536.0]
18:59:39.847 [FXGL Background Thread 3 ] DEBUG Engine               - appIcon: fxgl_icon.png
18:59:39.847 [FXGL Background Thread 3 ] DEBUG Engine               - applicationMode: DEVELOPER
18:59:39.847 [FXGL Background Thread 3 ] DEBUG Engine               - cSSList: [fxgl_dark.css]
18:59:39.847 [FXGL Background Thread 3 ] DEBUG Engine               - collisionDetectionStrategy: BRUTE_FORCE
18:59:39.847 [FXGL Background Thread 3 ] DEBUG Engine               - configClass: Optional.empty
18:59:39.847 [FXGL Background Thread 3 ] DEBUG Engine               - credits: []
18:59:39.847 [FXGL Background Thread 3 ] DEBUG Engine               - defaultCursor: CursorInfo(imageName=fxgl_default_cursor.png, hotspotX=7.0, hotspotY=6.0)
18:59:39.847 [FXGL Background Thread 3 ] DEBUG Engine               - devBBoxColorProperty: ObjectProperty [value: 0xff0000ff]
18:59:39.848 [FXGL Background Thread 3 ] DEBUG Engine               - devEnableDebugCameraProperty: BooleanProperty [value: false]
18:59:39.848 [FXGL Background Thread 3 ] DEBUG Engine               - devSensorColorProperty: ObjectProperty [value: 0xffff00ff]
18:59:39.848 [FXGL Background Thread 3 ] DEBUG Engine               - devShowBBoxProperty: BooleanProperty [value: false]
18:59:39.848 [FXGL Background Thread 3 ] DEBUG Engine               - devShowPositionProperty: BooleanProperty [value: false]
18:59:39.848 [FXGL Background Thread 3 ] DEBUG Engine               - enabledMenuItems: []
18:59:39.848 [FXGL Background Thread 3 ] DEBUG Engine               - engineServices: [class com.almasb.fxgl.app.services.FXGLAssetLoaderService, class com.almasb.fxgl.app.FXGLApplication$GameApplicationService, class com.almasb.fxgl.app.services.FXGLDialogService, class com.almasb.fxgl.app.services.IOTaskExecutorService, class com.almasb.fxgl.io.FileSystemService, class com.almasb.fxgl.localization.LocalizationService, class com.almasb.fxgl.app.services.SystemBundleService, class com.almasb.fxgl.profile.SaveLoadService, class com.almasb.fxgl.ui.FXGLUIFactoryServiceProvider, class com.almasb.fxgl.ui.FXGLDialogFactoryServiceProvider, class com.almasb.fxgl.audio.AudioPlayer, class com.almasb.fxgl.notification.impl.NotificationServiceProvider, class com.almasb.fxgl.achievement.AchievementService, class com.almasb.fxgl.cutscene.CutsceneService, class com.almasb.fxgl.minigames.MiniGameService, class com.almasb.fxgl.net.NetService, class com.almasb.fxgl.app.services.UpdaterService, class com.almasb.fxgl.dev.DevService]
18:59:39.848 [FXGL Background Thread 3 ] DEBUG Engine               - fontGame: Abel-Regular.ttf
18:59:39.848 [FXGL Background Thread 3 ] DEBUG Engine               - fontMono: TerminalLandMono-Regular.otf
18:59:39.848 [FXGL Background Thread 3 ] DEBUG Engine               - fontText: Courier-Prime.ttf
18:59:39.848 [FXGL Background Thread 3 ] DEBUG Engine               - fontUI: VarelaRound-Regular.ttf
18:59:39.848 [FXGL Background Thread 3 ] DEBUG Engine               - fullScreen: BooleanProperty [value: true]
18:59:39.848 [FXGL Background Thread 3 ] DEBUG Engine               - gameDifficulty: MEDIUM
18:59:39.848 [FXGL Background Thread 3 ] DEBUG Engine               - gameDifficultyProperty: ObjectProperty [value: MEDIUM]
18:59:39.848 [FXGL Background Thread 3 ] DEBUG Engine               - globalMusicVolume: 0.5
18:59:39.848 [FXGL Background Thread 3 ] DEBUG Engine               - globalMusicVolumeProperty: DoubleProperty [value: 0.5]
18:59:39.848 [FXGL Background Thread 3 ] DEBUG Engine               - globalSoundVolume: 0.5
18:59:39.848 [FXGL Background Thread 3 ] DEBUG Engine               - globalSoundVolumeProperty: DoubleProperty [value: 0.5]
18:59:39.848 [FXGL Background Thread 3 ] DEBUG Engine               - height: 720
18:59:39.848 [FXGL Background Thread 3 ] DEBUG Engine               - is3D: false
18:59:39.848 [FXGL Background Thread 3 ] DEBUG Engine               - isAndroid: false
18:59:39.848 [FXGL Background Thread 3 ] DEBUG Engine               - isBrowser: false
18:59:39.848 [FXGL Background Thread 3 ] DEBUG Engine               - isClickFeedbackEnabled: false
18:59:39.848 [FXGL Background Thread 3 ] DEBUG Engine               - isCloseConfirmation: false
18:59:39.849 [FXGL Background Thread 3 ] DEBUG Engine               - isDesktop: true
18:59:39.849 [FXGL Background Thread 3 ] DEBUG Engine               - isDeveloperMenuEnabled: false
18:59:39.849 [FXGL Background Thread 3 ] DEBUG Engine               - isEmbedded: false
18:59:39.849 [FXGL Background Thread 3 ] DEBUG Engine               - isEntityPreloadEnabled: true
18:59:39.849 [FXGL Background Thread 3 ] DEBUG Engine               - isExperimentalTiledLargeMap: false
18:59:39.849 [FXGL Background Thread 3 ] DEBUG Engine               - isFileSystemWriteAllowed: true
18:59:39.849 [FXGL Background Thread 3 ] DEBUG Engine               - isFullScreenAllowed: true
18:59:39.849 [FXGL Background Thread 3 ] DEBUG Engine               - isFullScreenFromStart: true
18:59:39.849 [FXGL Background Thread 3 ] DEBUG Engine               - isGameMenuEnabled: true
18:59:39.849 [FXGL Background Thread 3 ] DEBUG Engine               - isIOS: false
18:59:39.849 [FXGL Background Thread 3 ] DEBUG Engine               - isIntroEnabled: false
18:59:39.849 [FXGL Background Thread 3 ] DEBUG Engine               - isLinux: false
18:59:39.849 [FXGL Background Thread 3 ] DEBUG Engine               - isMac: false
18:59:39.849 [FXGL Background Thread 3 ] DEBUG Engine               - isMainMenuEnabled: false
18:59:39.849 [FXGL Background Thread 3 ] DEBUG Engine               - isManualResizeEnabled: false
18:59:39.849 [FXGL Background Thread 3 ] DEBUG Engine               - isMobile: false
18:59:39.849 [FXGL Background Thread 3 ] DEBUG Engine               - isNative: false
18:59:39.849 [FXGL Background Thread 3 ] DEBUG Engine               - isPauseMusicWhenMinimized: true
18:59:39.849 [FXGL Background Thread 3 ] DEBUG Engine               - isPreserveResizeRatio: false
18:59:39.849 [FXGL Background Thread 3 ] DEBUG Engine               - isProfilingEnabled: false
18:59:39.849 [FXGL Background Thread 3 ] DEBUG Engine               - isScaleAffectedOnResize: true
18:59:39.849 [FXGL Background Thread 3 ] DEBUG Engine               - isSingleStep: false
18:59:39.849 [FXGL Background Thread 3 ] DEBUG Engine               - isUserProfileEnabled: false
18:59:39.849 [FXGL Background Thread 3 ] DEBUG Engine               - isWindows: true
18:59:39.849 [FXGL Background Thread 3 ] DEBUG Engine               - language: ObjectProperty [value: ENGLISH]
18:59:39.849 [FXGL Background Thread 3 ] DEBUG Engine               - menuKey: ESCAPE
18:59:39.849 [FXGL Background Thread 3 ] DEBUG Engine               - mouseSensitivity: 0.2
18:59:39.849 [FXGL Background Thread 3 ] DEBUG Engine               - notificationViewClass: class com.almasb.fxgl.notification.view.XboxNotificationView
18:59:39.850 [FXGL Background Thread 3 ] DEBUG Engine               - pixelsPerMeter: 50.0
18:59:39.850 [FXGL Background Thread 3 ] DEBUG Engine               - platform: WINDOWS
18:59:39.850 [FXGL Background Thread 3 ] DEBUG Engine               - prefHeightProperty: ReadOnlyDoubleProperty [value: 720.0]
18:59:39.850 [FXGL Background Thread 3 ] DEBUG Engine               - prefWidthProperty: ReadOnlyDoubleProperty [value: 1280.0]
18:59:39.850 [FXGL Background Thread 3 ] DEBUG Engine               - profileDir: profiles/
18:59:39.850 [FXGL Background Thread 3 ] DEBUG Engine               - profileName: StringProperty [value: DEFAULT]
18:59:39.850 [FXGL Background Thread 3 ] DEBUG Engine               - randomSeed: -1
18:59:39.850 [FXGL Background Thread 3 ] DEBUG Engine               - runtimeInfo: RuntimeInfo(platform=WINDOWS, version=17, build=31.12.2021 18.16)
18:59:39.850 [FXGL Background Thread 3 ] DEBUG Engine               - saveFileExt: sav
18:59:39.850 [FXGL Background Thread 3 ] DEBUG Engine               - scaledHeightProp$fxgl: DoubleProperty [bound, value: 864.0]
18:59:39.850 [FXGL Background Thread 3 ] DEBUG Engine               - scaledWidthProp$fxgl: DoubleProperty [bound, value: 1536.0]
18:59:39.850 [FXGL Background Thread 3 ] DEBUG Engine               - sceneFactory: com.almasb.fxgl.app.scene.SceneFactory@57537eb9
18:59:39.850 [FXGL Background Thread 3 ] DEBUG Engine               - secondsIn24h: 60
18:59:39.850 [FXGL Background Thread 3 ] DEBUG Engine               - soundMenuBack: menu/back.wav
18:59:39.850 [FXGL Background Thread 3 ] DEBUG Engine               - soundMenuPress: menu/press.wav
18:59:39.850 [FXGL Background Thread 3 ] DEBUG Engine               - soundMenuSelect: menu/select.wav
18:59:39.850 [FXGL Background Thread 3 ] DEBUG Engine               - soundNotification: core/notification.wav
18:59:39.850 [FXGL Background Thread 3 ] DEBUG Engine               - stageStyle: DECORATED
18:59:39.850 [FXGL Background Thread 3 ] DEBUG Engine               - supportedLanguages: [ENGLISH, FRENCH, GERMAN, HUNGARIAN, RUSSIAN]
18:59:39.850 [FXGL Background Thread 3 ] DEBUG Engine               - ticksPerSecond: -1
18:59:39.850 [FXGL Background Thread 3 ] DEBUG Engine               - title: DiB
18:59:39.850 [FXGL Background Thread 3 ] DEBUG Engine               - urlGithub: https://github.com/AlmasB/FXGL
18:59:39.850 [FXGL Background Thread 3 ] DEBUG Engine               - urlLeaderboard: http://fxgl-top.herokuapp.com/
18:59:39.850 [FXGL Background Thread 3 ] DEBUG Engine               - urlPOM: https://raw.githubusercontent.com/AlmasB/FXGL/release/README.md
18:59:39.850 [FXGL Background Thread 3 ] DEBUG Engine               - userAppClass: class ru.nsu.fit.dib.projectdib.App
18:59:39.850 [FXGL Background Thread 3 ] DEBUG Engine               - version: 0.0
18:59:39.851 [FXGL Background Thread 3 ] DEBUG Engine               - versionCheckDays: 7
18:59:39.851 [FXGL Background Thread 3 ] DEBUG Engine               - width: 1280
18:59:39.851 [FXGL Background Thread 3 ] DEBUG Engine               - Logging services
18:59:39.851 [FXGL Background Thread 3 ] DEBUG Engine               - class com.almasb.fxgl.app.services.FXGLAssetLoaderService
18:59:39.851 [FXGL Background Thread 3 ] DEBUG Engine               - class com.almasb.fxgl.app.FXGLApplication$GameApplicationService
18:59:39.851 [FXGL Background Thread 3 ] DEBUG Engine               - class com.almasb.fxgl.app.services.FXGLDialogService
18:59:39.851 [FXGL Background Thread 3 ] DEBUG Engine               - class com.almasb.fxgl.app.services.IOTaskExecutorService
18:59:39.851 [FXGL Background Thread 3 ] DEBUG Engine               - class com.almasb.fxgl.io.FileSystemService
18:59:39.851 [FXGL Background Thread 3 ] DEBUG Engine               - class com.almasb.fxgl.localization.LocalizationService
18:59:39.851 [FXGL Background Thread 3 ] DEBUG Engine               - class com.almasb.fxgl.app.services.SystemBundleService
18:59:39.851 [FXGL Background Thread 3 ] DEBUG Engine               - class com.almasb.fxgl.profile.SaveLoadService
18:59:39.851 [FXGL Background Thread 3 ] DEBUG Engine               - class com.almasb.fxgl.ui.FXGLUIFactoryServiceProvider
18:59:39.851 [FXGL Background Thread 3 ] DEBUG Engine               - class com.almasb.fxgl.ui.FXGLDialogFactoryServiceProvider
18:59:39.851 [FXGL Background Thread 3 ] DEBUG Engine               - class com.almasb.fxgl.audio.AudioPlayer
18:59:39.851 [FXGL Background Thread 3 ] DEBUG Engine               - class com.almasb.fxgl.notification.impl.NotificationServiceProvider
18:59:39.851 [FXGL Background Thread 3 ] DEBUG Engine               - class com.almasb.fxgl.achievement.AchievementService
18:59:39.851 [FXGL Background Thread 3 ] DEBUG Engine               - class com.almasb.fxgl.cutscene.CutsceneService
18:59:39.851 [FXGL Background Thread 3 ] DEBUG Engine               - class com.almasb.fxgl.minigames.MiniGameService
18:59:39.851 [FXGL Background Thread 3 ] DEBUG Engine               - class com.almasb.fxgl.net.NetService
18:59:39.851 [FXGL Background Thread 3 ] DEBUG Engine               - class com.almasb.fxgl.app.services.UpdaterService
18:59:39.851 [FXGL Background Thread 3 ] DEBUG Engine               - class com.almasb.fxgl.dev.DevService
18:59:51.245 [JavaFX Application Thread] DEBUG PrimaryStageWindow   - Push state: FXGLDefaultMenu
18:59:51.247 [JavaFX Application Thread] DEBUG Input                - Clearing active input actions
18:59:51.251 [JavaFX Application Thread] DEBUG GameApplicationServi - Removing overlay from GameScene and adding to FXGLDefaultMenu
18:59:51.252 [JavaFX Application Thread] DEBUG PrimaryStageWindow   - GameScene -> FXGLDefaultMenu
18:59:53.102 [JavaFX Application Thread] DEBUG Menu                 - fireExit()
18:59:53.104 [JavaFX Application Thread] DEBUG PrimaryStageWindow   - Push state: DialogSubScene
18:59:53.104 [JavaFX Application Thread] DEBUG Input                - Clearing active input actions
18:59:53.104 [JavaFX Application Thread] DEBUG GameApplicationServi - Removing overlay from FXGLDefaultMenu and adding to DialogSubScene
18:59:53.104 [JavaFX Application Thread] DEBUG PrimaryStageWindow   - FXGLDefaultMenu -> DialogSubScene
18:59:54.555 [JavaFX Application Thread] DEBUG PrimaryStageWindow   - Pop state: DialogSubScene
18:59:54.555 [JavaFX Application Thread] DEBUG Input                - Clearing active input actions
18:59:54.556 [JavaFX Application Thread] DEBUG GameApplicationServi - Removing overlay from DialogSubScene and adding to FXGLDefaultMenu
18:59:54.556 [JavaFX Application Thread] DEBUG PrimaryStageWindow   - FXGLDefaultMenu <- DialogSubScene
18:59:54.556 [JavaFX Application Thread] DEBUG FXGLApplication      - Exiting FXGL
18:59:54.556 [JavaFX Application Thread] DEBUG LoopRunner           - Stopping loop
18:59:54.556 [JavaFX Application Thread] DEBUG SystemBundleService  - Saving FXGL system data
18:59:54.557 [JavaFX Application Thread] DEBUG FileSystemAccess     - Writing to: F:\DeadInByte\system\fxgl.bundle
18:59:54.559 [JavaFX Application Thread] DEBUG Async                - Shutting down background threads
18:59:54.559 [JavaFX Application Thread] DEBUG PrimaryStageWindow   - Closing main window
18:59:54.578 [JavaFX Application Thread] DEBUG Logger               - Closing Logger
