18:54:20.462 [main                     ] DEBUG Logger               - Configured Logger
18:54:20.483 [main                     ] DEBUG GameApplication      - Logging settings
Title: DiB
Version: 0.0
Width: 1280
Height: 720
Fullscreen: true
Intro: false
Profiling: false
Single step:false
App Mode: DEVELOPER
Menu Key: ESCAPE
Stage Style: DECORATED
Scene Factory: class com.almasb.fxgl.app.scene.SceneFactory

18:54:20.716 [JavaFX Application Thread] DEBUG FXGLApplication      - Initializing FXGL
18:54:20.720 [JavaFX Application Thread] INFO  Engine               - FXGL-17 (31.12.2021 18.16) on WINDOWS (J:18.0.1.1 FX:17.0.1)
18:54:20.720 [JavaFX Application Thread] DEBUG Engine               - JRE Vendor Name: Oracle Corporation
18:54:20.720 [JavaFX Application Thread] DEBUG Engine               - Running on OS: Windows 11 version 10.0
18:54:20.720 [JavaFX Application Thread] DEBUG Engine               - Architecture: amd64
18:54:20.720 [JavaFX Application Thread] INFO  Engine               - Source code and latest versions at: https://github.com/AlmasB/FXGL
18:54:20.720 [JavaFX Application Thread] INFO  Engine               -       Ask questions and discuss at: https://github.com/AlmasB/FXGL/discussions
18:54:20.721 [JavaFX Application Thread] INFO  Engine               -              Join the FXGL chat at: https://gitter.im/AlmasB/FXGL
18:54:20.781 [JavaFX Application Thread] DEBUG PrimaryStageWindow   - Creating a JavaFX scene
18:54:20.812 [JavaFX Application Thread] DEBUG PrimaryStageWindow   - Target settings size: 1280.0 x 720.0
18:54:20.812 [JavaFX Application Thread] DEBUG PrimaryStageWindow   - Scaled scene size:    1280.0 x 720.0
18:54:20.812 [JavaFX Application Thread] DEBUG PrimaryStageWindow   - Scaled ratio: (1.0, 1.0)
18:54:20.813 [JavaFX Application Thread] DEBUG PrimaryStageWindow   - Set initial scene to FXGLStartupScene
18:54:20.818 [JavaFX Application Thread] DEBUG PrimaryStageWindow   - Opening main window
18:54:20.873 [JavaFX Application Thread] DEBUG PrimaryStageWindow   - Window border size: (14.4000244140625, 37.5999755859375)
18:54:20.873 [JavaFX Application Thread] DEBUG PrimaryStageWindow   - Scaled size: 1280.0 x 720.0
18:54:20.873 [JavaFX Application Thread] DEBUG PrimaryStageWindow   - Scaled ratio: (1.0, 1.0)
18:54:20.873 [JavaFX Application Thread] DEBUG PrimaryStageWindow   - Scene size: 1280.0 x 720.0
18:54:20.874 [JavaFX Application Thread] DEBUG PrimaryStageWindow   - Stage size: 1294.4000244140625 x 757.5999755859375
18:54:20.909 [JavaFX Application Thread] DEBUG PrimaryStageWindow   - Going fullscreen
18:54:20.916 [FXGL Background Thread 1 ] DEBUG Engine               - Initializing environment variables
18:54:20.953 [FXGL Background Thread 1 ] DEBUG FXGLAssetLoaderServi - User app class for loading assets: class ru.nsu.fit.dib.projectdib.App
18:54:20.953 [FXGL Background Thread 1 ] DEBUG GameApplicationServi - Applying CSS: fxgl_dark.css
18:54:20.953 [FXGL Background Thread 1 ] DEBUG FXGLAssetLoaderServi - Loading from file system: jar:file:///C:/Users/coffe/.m2/repository/com/github/almasb/fxgl/17/fxgl-17.jar!/fxglassets/ui/css/fxgl_dark.css
18:54:20.985 [FXGL Background Thread 1 ] DEBUG GameApplicationServi - Initializing application scenes
18:54:21.015 [FXGL Background Thread 1 ] DEBUG GameWorld            - Game world initialized
18:54:21.059 [FXGL Background Thread 1 ] DEBUG PhysicsWorld         - Physics world initialized: appHeight=720, physics.ppm=50,0
18:54:21.059 [FXGL Background Thread 1 ] DEBUG PhysicsWorld         - Using strategy: BRUTE_FORCE
18:54:21.062 [FXGL Background Thread 1 ] DEBUG GameScene            - Game scene initialized: 1280x720
18:54:21.070 [FXGL Background Thread 1 ] DEBUG FXGL.DefaultMenu     - createMenuBodyGameMenu()
18:54:21.080 [FXGL Background Thread 1 ] DEBUG FXGL.DefaultMenu     - createOptionsMenu()
18:54:21.085 [FXGL Background Thread 1 ] DEBUG FXGLAssetLoaderServi - Loading from file system: jar:file:///C:/Users/coffe/.m2/repository/com/github/almasb/fxgl/17/fxgl-17.jar!/fxglassets/textures/particles/smoke.png
18:54:21.147 [FXGL Background Thread 1 ] DEBUG FXGLAssetLoaderServi - Loading from file system: jar:file:///C:/Users/coffe/.m2/repository/com/github/almasb/fxgl/17/fxgl-17.jar!/fxglassets/textures/particles/trace_horizontal.png
18:54:21.181 [FXGL Background Thread 1 ] DEBUG GameApplicationServi - Application scenes initialized
18:54:21.190 [FXGL Background Thread 1 ] DEBUG SystemBundleService  - Loading FXGL system data
18:54:21.194 [FXGL Background Thread 1 ] DEBUG FileSystemAccess     - Reading from: F:\DeadInByte\system\fxgl.bundle
18:54:21.201 [FXGL Background Thread 1 ] DEBUG SystemBundleService  - Bundle FXGL: {}
18:54:21.202 [FXGL Background Thread 1 ] DEBUG UpdaterService       - Checking for updates
18:54:21.204 [FXGL Background Thread 4 ] DEBUG FXGLApplication      - Loading fonts
18:54:21.205 [FXGL Background Thread 1 ] DEBUG FXGLApplication      - Loading default localization
18:54:21.205 [FXGL Background Thread 4 ] DEBUG FXGLAssetLoaderServi - Loading from file system: jar:file:///C:/Users/coffe/.m2/repository/com/github/almasb/fxgl/17/fxgl-17.jar!/fxglassets/ui/fonts/VarelaRound-Regular.ttf
18:54:21.205 [FXGL Background Thread 1 ] DEBUG FXGLAssetLoaderServi - Loading from file system: jar:file:///C:/Users/coffe/.m2/repository/com/github/almasb/fxgl/17/fxgl-17.jar!/fxglassets/languages/english.lang
18:54:21.217 [FXGL Background Thread 1 ] INFO  FXGLApplication      - FXGL initialization took: 0,301 sec
18:54:21.224 [JavaFX Application Thread] DEBUG Input                - Registered new binding: action0 - W
18:54:21.224 [JavaFX Application Thread] DEBUG Input                - Registered new binding: action1 - S
18:54:21.224 [JavaFX Application Thread] DEBUG Input                - Registered new binding: action2 - A
18:54:21.225 [JavaFX Application Thread] DEBUG Input                - Registered new binding: action3 - D
18:54:21.225 [JavaFX Application Thread] DEBUG FXGLAssetLoaderServi - Loading from file system: jar:file:///C:/Users/coffe/.m2/repository/com/github/almasb/fxgl/17/fxgl-17.jar!/fxglassets/textures/fxgl_icon.png
18:54:21.249 [JavaFX Application Thread] DEBUG FXGLAssetLoaderServi - Loading from file system: jar:file:///C:/Users/coffe/.m2/repository/com/github/almasb/fxgl/17/fxgl-17.jar!/fxglassets/textures/fxgl_default_cursor.png
18:54:21.251 [JavaFX Application Thread] DEBUG Input                - Registered new binding: Screenshot - CTRL+8
18:54:21.251 [JavaFX Application Thread] DEBUG Input                - Registered new binding: System info dump - CTRL+9
18:54:21.252 [JavaFX Application Thread] DEBUG Input                - Registered new binding: Restart - CTRL+R
18:54:21.252 [JavaFX Application Thread] DEBUG Input                - Registered new binding: Toggle Debug Camera - CTRL+7
18:54:21.252 [FXGL Background Thread 4 ] DEBUG FXGLAssetLoaderServi - Loading from file system: jar:file:///C:/Users/coffe/.m2/repository/com/github/almasb/fxgl/17/fxgl-17.jar!/fxglassets/ui/fonts/Abel-Regular.ttf
18:54:21.254 [JavaFX Application Thread] DEBUG LoopRunner           - Starting loop
18:54:21.254 [JavaFX Application Thread] DEBUG LoopRunner           - Initializing JavaFX AnimationTimerLoop
18:54:21.255 [JavaFX Application Thread] DEBUG GameApplicationServi - Starting new game
18:54:21.255 [JavaFX Application Thread] DEBUG Input                - Clearing active input actions
18:54:21.256 [FXGL Background Thread 4 ] DEBUG FXGLAssetLoaderServi - Loading from file system: jar:file:///C:/Users/coffe/.m2/repository/com/github/almasb/fxgl/17/fxgl-17.jar!/fxglassets/ui/fonts/TerminalLandMono-Regular.otf
18:54:21.261 [FXGL Background Thread 4 ] DEBUG FXGLAssetLoaderServi - Loading from file system: jar:file:///C:/Users/coffe/.m2/repository/com/github/almasb/fxgl/17/fxgl-17.jar!/fxglassets/ui/fonts/Courier-Prime.ttf
18:54:21.267 [JavaFX Application Thread] DEBUG GameApplicationServi - Removing overlay from FXGLStartupScene and adding to FXGLLoadingScene
18:54:21.268 [JavaFX Application Thread] DEBUG PrimaryStageWindow   - FXGLStartupScene -> FXGLLoadingScene
18:54:21.268 [JavaFX Application Thread] DEBUG GameApplicationServi - Clearing previous game
18:54:21.268 [JavaFX Application Thread] DEBUG GameScene            - Clearing game scene
18:54:21.268 [JavaFX Application Thread] DEBUG GameWorld            - Clearing game world
18:54:21.268 [JavaFX Application Thread] DEBUG PhysicsWorld         - Clearing physics world
18:54:21.269 [FXGL Background Thread 4 ] DEBUG FXGLApplication      - Initializing game
18:54:21.269 [JavaFX Application Thread] DEBUG FXGLApplication      - Registering font factories with UI factory
18:54:21.302 [FXGL Background Thread 4 ] DEBUG TMXLevelLoader       - Parsed TiledMap: file:/F:/DeadInByte/target/classes/assets/levels/tmx/exlevel2.tmx
18:54:21.303 [FXGL Background Thread 4 ] DEBUG TMXLevelLoader       - Creating tile layer entities
18:54:21.305 [FXGL Background Thread 4 ] DEBUG TilesetLoader        - Loading view for layer Слой тайлов 1
18:54:21.305 [FXGL Background Thread 4 ] DEBUG TilesetLoader        - Created buffer with size 256.0x256.0
18:54:21.329 [FXGL Background Thread 4 ] DEBUG TMXLevelLoader       - Creating object layer entities
18:54:21.340 [FXGL Background Thread 4 ] DEBUG GameWorld            - Clearing removable entities
18:54:21.341 [FXGL Background Thread 4 ] DEBUG GameWorld            - Setting level: com.almasb.fxgl.entity.level.Level@3a782179
18:54:21.344 [FXGL Background Thread 4 ] INFO  FXGLApplication      - Game initialization took: 0,075 sec
18:54:21.347 [JavaFX Application Thread] DEBUG Input                - Clearing active input actions
18:54:21.354 [JavaFX Application Thread] DEBUG GameApplicationServi - Removing overlay from FXGLLoadingScene and adding to GameScene
18:54:21.355 [JavaFX Application Thread] DEBUG PrimaryStageWindow   - FXGLLoadingScene -> GameScene
18:54:22.053 [FXGL Background Thread 2 ] INFO  UpdaterService       - Your current version:  17
18:54:22.053 [FXGL Background Thread 2 ] INFO  UpdaterService       - Latest stable version: 17.2
18:54:24.204 [FXGL Background Thread 3 ] DEBUG Engine               - Logging environment variables
18:54:24.204 [FXGL Background Thread 3 ] DEBUG Engine               - achievements: []
18:54:24.204 [FXGL Background Thread 3 ] DEBUG Engine               - actualHeight: 864.0
18:54:24.204 [FXGL Background Thread 3 ] DEBUG Engine               - actualHeightProperty: ReadOnlyDoubleProperty [value: 864.0]
18:54:24.205 [FXGL Background Thread 3 ] DEBUG Engine               - actualWidth: 1536.0
18:54:24.205 [FXGL Background Thread 3 ] DEBUG Engine               - actualWidthProperty: ReadOnlyDoubleProperty [value: 1536.0]
18:54:24.205 [FXGL Background Thread 3 ] DEBUG Engine               - appIcon: fxgl_icon.png
18:54:24.205 [FXGL Background Thread 3 ] DEBUG Engine               - applicationMode: DEVELOPER
18:54:24.205 [FXGL Background Thread 3 ] DEBUG Engine               - cSSList: [fxgl_dark.css]
18:54:24.205 [FXGL Background Thread 3 ] DEBUG Engine               - collisionDetectionStrategy: BRUTE_FORCE
18:54:24.205 [FXGL Background Thread 3 ] DEBUG Engine               - configClass: Optional.empty
18:54:24.205 [FXGL Background Thread 3 ] DEBUG Engine               - credits: []
18:54:24.205 [FXGL Background Thread 3 ] DEBUG Engine               - defaultCursor: CursorInfo(imageName=fxgl_default_cursor.png, hotspotX=7.0, hotspotY=6.0)
18:54:24.206 [FXGL Background Thread 3 ] DEBUG Engine               - devBBoxColorProperty: ObjectProperty [value: 0xff0000ff]
18:54:24.206 [FXGL Background Thread 3 ] DEBUG Engine               - devEnableDebugCameraProperty: BooleanProperty [value: false]
18:54:24.206 [FXGL Background Thread 3 ] DEBUG Engine               - devSensorColorProperty: ObjectProperty [value: 0xffff00ff]
18:54:24.206 [FXGL Background Thread 3 ] DEBUG Engine               - devShowBBoxProperty: BooleanProperty [value: false]
18:54:24.206 [FXGL Background Thread 3 ] DEBUG Engine               - devShowPositionProperty: BooleanProperty [value: false]
18:54:24.206 [FXGL Background Thread 3 ] DEBUG Engine               - enabledMenuItems: []
18:54:24.206 [FXGL Background Thread 3 ] DEBUG Engine               - engineServices: [class com.almasb.fxgl.app.services.FXGLAssetLoaderService, class com.almasb.fxgl.app.FXGLApplication$GameApplicationService, class com.almasb.fxgl.app.services.FXGLDialogService, class com.almasb.fxgl.app.services.IOTaskExecutorService, class com.almasb.fxgl.io.FileSystemService, class com.almasb.fxgl.localization.LocalizationService, class com.almasb.fxgl.app.services.SystemBundleService, class com.almasb.fxgl.profile.SaveLoadService, class com.almasb.fxgl.ui.FXGLUIFactoryServiceProvider, class com.almasb.fxgl.ui.FXGLDialogFactoryServiceProvider, class com.almasb.fxgl.audio.AudioPlayer, class com.almasb.fxgl.notification.impl.NotificationServiceProvider, class com.almasb.fxgl.achievement.AchievementService, class com.almasb.fxgl.cutscene.CutsceneService, class com.almasb.fxgl.minigames.MiniGameService, class com.almasb.fxgl.net.NetService, class com.almasb.fxgl.app.services.UpdaterService, class com.almasb.fxgl.dev.DevService]
18:54:24.206 [FXGL Background Thread 3 ] DEBUG Engine               - fontGame: Abel-Regular.ttf
18:54:24.206 [FXGL Background Thread 3 ] DEBUG Engine               - fontMono: TerminalLandMono-Regular.otf
18:54:24.206 [FXGL Background Thread 3 ] DEBUG Engine               - fontText: Courier-Prime.ttf
18:54:24.206 [FXGL Background Thread 3 ] DEBUG Engine               - fontUI: VarelaRound-Regular.ttf
18:54:24.206 [FXGL Background Thread 3 ] DEBUG Engine               - fullScreen: BooleanProperty [value: true]
18:54:24.206 [FXGL Background Thread 3 ] DEBUG Engine               - gameDifficulty: MEDIUM
18:54:24.206 [FXGL Background Thread 3 ] DEBUG Engine               - gameDifficultyProperty: ObjectProperty [value: MEDIUM]
18:54:24.206 [FXGL Background Thread 3 ] DEBUG Engine               - globalMusicVolume: 0.5
18:54:24.207 [FXGL Background Thread 3 ] DEBUG Engine               - globalMusicVolumeProperty: DoubleProperty [value: 0.5]
18:54:24.207 [FXGL Background Thread 3 ] DEBUG Engine               - globalSoundVolume: 0.5
18:54:24.207 [FXGL Background Thread 3 ] DEBUG Engine               - globalSoundVolumeProperty: DoubleProperty [value: 0.5]
18:54:24.207 [FXGL Background Thread 3 ] DEBUG Engine               - height: 720
18:54:24.207 [FXGL Background Thread 3 ] DEBUG Engine               - is3D: false
18:54:24.207 [FXGL Background Thread 3 ] DEBUG Engine               - isAndroid: false
18:54:24.207 [FXGL Background Thread 3 ] DEBUG Engine               - isBrowser: false
18:54:24.207 [FXGL Background Thread 3 ] DEBUG Engine               - isClickFeedbackEnabled: false
18:54:24.207 [FXGL Background Thread 3 ] DEBUG Engine               - isCloseConfirmation: false
18:54:24.207 [FXGL Background Thread 3 ] DEBUG Engine               - isDesktop: true
18:54:24.207 [FXGL Background Thread 3 ] DEBUG Engine               - isDeveloperMenuEnabled: false
18:54:24.207 [FXGL Background Thread 3 ] DEBUG Engine               - isEmbedded: false
18:54:24.207 [FXGL Background Thread 3 ] DEBUG Engine               - isEntityPreloadEnabled: true
18:54:24.207 [FXGL Background Thread 3 ] DEBUG Engine               - isExperimentalTiledLargeMap: false
18:54:24.207 [FXGL Background Thread 3 ] DEBUG Engine               - isFileSystemWriteAllowed: true
18:54:24.208 [FXGL Background Thread 3 ] DEBUG Engine               - isFullScreenAllowed: true
18:54:24.208 [FXGL Background Thread 3 ] DEBUG Engine               - isFullScreenFromStart: true
18:54:24.208 [FXGL Background Thread 3 ] DEBUG Engine               - isGameMenuEnabled: true
18:54:24.208 [FXGL Background Thread 3 ] DEBUG Engine               - isIOS: false
18:54:24.208 [FXGL Background Thread 3 ] DEBUG Engine               - isIntroEnabled: false
18:54:24.208 [FXGL Background Thread 3 ] DEBUG Engine               - isLinux: false
18:54:24.208 [FXGL Background Thread 3 ] DEBUG Engine               - isMac: false
18:54:24.208 [FXGL Background Thread 3 ] DEBUG Engine               - isMainMenuEnabled: false
18:54:24.208 [FXGL Background Thread 3 ] DEBUG Engine               - isManualResizeEnabled: false
18:54:24.208 [FXGL Background Thread 3 ] DEBUG Engine               - isMobile: false
18:54:24.208 [FXGL Background Thread 3 ] DEBUG Engine               - isNative: false
18:54:24.208 [FXGL Background Thread 3 ] DEBUG Engine               - isPauseMusicWhenMinimized: true
18:54:24.208 [FXGL Background Thread 3 ] DEBUG Engine               - isPreserveResizeRatio: false
18:54:24.208 [FXGL Background Thread 3 ] DEBUG Engine               - isProfilingEnabled: false
18:54:24.208 [FXGL Background Thread 3 ] DEBUG Engine               - isScaleAffectedOnResize: true
18:54:24.208 [FXGL Background Thread 3 ] DEBUG Engine               - isSingleStep: false
18:54:24.208 [FXGL Background Thread 3 ] DEBUG Engine               - isUserProfileEnabled: false
18:54:24.208 [FXGL Background Thread 3 ] DEBUG Engine               - isWindows: true
18:54:24.208 [FXGL Background Thread 3 ] DEBUG Engine               - language: ObjectProperty [value: ENGLISH]
18:54:24.208 [FXGL Background Thread 3 ] DEBUG Engine               - menuKey: ESCAPE
18:54:24.208 [FXGL Background Thread 3 ] DEBUG Engine               - mouseSensitivity: 0.2
18:54:24.208 [FXGL Background Thread 3 ] DEBUG Engine               - notificationViewClass: class com.almasb.fxgl.notification.view.XboxNotificationView
18:54:24.208 [FXGL Background Thread 3 ] DEBUG Engine               - pixelsPerMeter: 50.0
18:54:24.208 [FXGL Background Thread 3 ] DEBUG Engine               - platform: WINDOWS
18:54:24.209 [FXGL Background Thread 3 ] DEBUG Engine               - prefHeightProperty: ReadOnlyDoubleProperty [value: 720.0]
18:54:24.209 [FXGL Background Thread 3 ] DEBUG Engine               - prefWidthProperty: ReadOnlyDoubleProperty [value: 1280.0]
18:54:24.209 [FXGL Background Thread 3 ] DEBUG Engine               - profileDir: profiles/
18:54:24.209 [FXGL Background Thread 3 ] DEBUG Engine               - profileName: StringProperty [value: DEFAULT]
18:54:24.209 [FXGL Background Thread 3 ] DEBUG Engine               - randomSeed: -1
18:54:24.209 [FXGL Background Thread 3 ] DEBUG Engine               - runtimeInfo: RuntimeInfo(platform=WINDOWS, version=17, build=31.12.2021 18.16)
18:54:24.209 [FXGL Background Thread 3 ] DEBUG Engine               - saveFileExt: sav
18:54:24.209 [FXGL Background Thread 3 ] DEBUG Engine               - scaledHeightProp$fxgl: DoubleProperty [bound, value: 864.0]
18:54:24.209 [FXGL Background Thread 3 ] DEBUG Engine               - scaledWidthProp$fxgl: DoubleProperty [bound, value: 1536.0]
18:54:24.209 [FXGL Background Thread 3 ] DEBUG Engine               - sceneFactory: com.almasb.fxgl.app.scene.SceneFactory@a26a4bf
18:54:24.209 [FXGL Background Thread 3 ] DEBUG Engine               - secondsIn24h: 60
18:54:24.209 [FXGL Background Thread 3 ] DEBUG Engine               - soundMenuBack: menu/back.wav
18:54:24.209 [FXGL Background Thread 3 ] DEBUG Engine               - soundMenuPress: menu/press.wav
18:54:24.209 [FXGL Background Thread 3 ] DEBUG Engine               - soundMenuSelect: menu/select.wav
18:54:24.209 [FXGL Background Thread 3 ] DEBUG Engine               - soundNotification: core/notification.wav
18:54:24.209 [FXGL Background Thread 3 ] DEBUG Engine               - stageStyle: DECORATED
18:54:24.209 [FXGL Background Thread 3 ] DEBUG Engine               - supportedLanguages: [ENGLISH, FRENCH, GERMAN, HUNGARIAN, RUSSIAN]
18:54:24.209 [FXGL Background Thread 3 ] DEBUG Engine               - ticksPerSecond: -1
18:54:24.209 [FXGL Background Thread 3 ] DEBUG Engine               - title: DiB
18:54:24.209 [FXGL Background Thread 3 ] DEBUG Engine               - urlGithub: https://github.com/AlmasB/FXGL
18:54:24.209 [FXGL Background Thread 3 ] DEBUG Engine               - urlLeaderboard: http://fxgl-top.herokuapp.com/
18:54:24.209 [FXGL Background Thread 3 ] DEBUG Engine               - urlPOM: https://raw.githubusercontent.com/AlmasB/FXGL/release/README.md
18:54:24.209 [FXGL Background Thread 3 ] DEBUG Engine               - userAppClass: class ru.nsu.fit.dib.projectdib.App
18:54:24.209 [FXGL Background Thread 3 ] DEBUG Engine               - version: 0.0
18:54:24.209 [FXGL Background Thread 3 ] DEBUG Engine               - versionCheckDays: 7
18:54:24.209 [FXGL Background Thread 3 ] DEBUG Engine               - width: 1280
18:54:24.209 [FXGL Background Thread 3 ] DEBUG Engine               - Logging services
18:54:24.209 [FXGL Background Thread 3 ] DEBUG Engine               - class com.almasb.fxgl.app.services.FXGLAssetLoaderService
18:54:24.209 [FXGL Background Thread 3 ] DEBUG Engine               - class com.almasb.fxgl.app.FXGLApplication$GameApplicationService
18:54:24.209 [FXGL Background Thread 3 ] DEBUG Engine               - class com.almasb.fxgl.app.services.FXGLDialogService
18:54:24.210 [FXGL Background Thread 3 ] DEBUG Engine               - class com.almasb.fxgl.app.services.IOTaskExecutorService
18:54:24.210 [FXGL Background Thread 3 ] DEBUG Engine               - class com.almasb.fxgl.io.FileSystemService
18:54:24.210 [FXGL Background Thread 3 ] DEBUG Engine               - class com.almasb.fxgl.localization.LocalizationService
18:54:24.210 [FXGL Background Thread 3 ] DEBUG Engine               - class com.almasb.fxgl.app.services.SystemBundleService
18:54:24.210 [FXGL Background Thread 3 ] DEBUG Engine               - class com.almasb.fxgl.profile.SaveLoadService
18:54:24.210 [FXGL Background Thread 3 ] DEBUG Engine               - class com.almasb.fxgl.ui.FXGLUIFactoryServiceProvider
18:54:24.210 [FXGL Background Thread 3 ] DEBUG Engine               - class com.almasb.fxgl.ui.FXGLDialogFactoryServiceProvider
18:54:24.210 [FXGL Background Thread 3 ] DEBUG Engine               - class com.almasb.fxgl.audio.AudioPlayer
18:54:24.210 [FXGL Background Thread 3 ] DEBUG Engine               - class com.almasb.fxgl.notification.impl.NotificationServiceProvider
18:54:24.210 [FXGL Background Thread 3 ] DEBUG Engine               - class com.almasb.fxgl.achievement.AchievementService
18:54:24.210 [FXGL Background Thread 3 ] DEBUG Engine               - class com.almasb.fxgl.cutscene.CutsceneService
18:54:24.210 [FXGL Background Thread 3 ] DEBUG Engine               - class com.almasb.fxgl.minigames.MiniGameService
18:54:24.210 [FXGL Background Thread 3 ] DEBUG Engine               - class com.almasb.fxgl.net.NetService
18:54:24.210 [FXGL Background Thread 3 ] DEBUG Engine               - class com.almasb.fxgl.app.services.UpdaterService
18:54:24.210 [FXGL Background Thread 3 ] DEBUG Engine               - class com.almasb.fxgl.dev.DevService
18:55:06.328 [JavaFX Application Thread] DEBUG PrimaryStageWindow   - Push state: FXGLDefaultMenu
18:55:06.331 [JavaFX Application Thread] DEBUG Input                - Clearing active input actions
18:55:06.335 [JavaFX Application Thread] DEBUG GameApplicationServi - Removing overlay from GameScene and adding to FXGLDefaultMenu
18:55:06.335 [JavaFX Application Thread] DEBUG PrimaryStageWindow   - GameScene -> FXGLDefaultMenu
18:55:10.360 [JavaFX Application Thread] DEBUG Menu                 - fireExit()
18:55:10.362 [JavaFX Application Thread] DEBUG PrimaryStageWindow   - Push state: DialogSubScene
18:55:10.362 [JavaFX Application Thread] DEBUG Input                - Clearing active input actions
18:55:10.362 [JavaFX Application Thread] DEBUG GameApplicationServi - Removing overlay from FXGLDefaultMenu and adding to DialogSubScene
18:55:10.363 [JavaFX Application Thread] DEBUG PrimaryStageWindow   - FXGLDefaultMenu -> DialogSubScene
18:55:11.220 [JavaFX Application Thread] DEBUG PrimaryStageWindow   - Pop state: DialogSubScene
18:55:11.220 [JavaFX Application Thread] DEBUG Input                - Clearing active input actions
18:55:11.221 [JavaFX Application Thread] DEBUG GameApplicationServi - Removing overlay from DialogSubScene and adding to FXGLDefaultMenu
18:55:11.221 [JavaFX Application Thread] DEBUG PrimaryStageWindow   - FXGLDefaultMenu <- DialogSubScene
18:55:11.221 [JavaFX Application Thread] DEBUG FXGLApplication      - Exiting FXGL
18:55:11.221 [JavaFX Application Thread] DEBUG LoopRunner           - Stopping loop
18:55:11.221 [JavaFX Application Thread] DEBUG SystemBundleService  - Saving FXGL system data
18:55:11.222 [JavaFX Application Thread] DEBUG FileSystemAccess     - Writing to: F:\DeadInByte\system\fxgl.bundle
18:55:11.223 [JavaFX Application Thread] DEBUG Async                - Shutting down background threads
18:55:11.223 [JavaFX Application Thread] DEBUG PrimaryStageWindow   - Closing main window
18:55:11.243 [JavaFX Application Thread] DEBUG Logger               - Closing Logger
