10:59:57.224 [main                     ] DEBUG Logger               - Configured Logger
10:59:57.244 [main                     ] DEBUG GameApplication      - Logging settings
Title: DiB
Version: 0.0
Width: 800
Height: 600
Fullscreen: false
Intro: false
Profiling: false
Single step:false
App Mode: DEVELOPER
Menu Key: ESCAPE
Stage Style: DECORATED
Scene Factory: class com.almasb.fxgl.app.scene.SceneFactory

10:59:57.490 [JavaFX Application Thread] DEBUG FXGLApplication      - Initializing FXGL
10:59:57.494 [JavaFX Application Thread] INFO  Engine               - FXGL-17 (31.12.2021 18.16) on WINDOWS (J:18.0.1.1 FX:17.0.1)
10:59:57.495 [JavaFX Application Thread] DEBUG Engine               - JRE Vendor Name: Oracle Corporation
10:59:57.495 [JavaFX Application Thread] DEBUG Engine               - Running on OS: Windows 11 version 10.0
10:59:57.495 [JavaFX Application Thread] DEBUG Engine               - Architecture: amd64
10:59:57.495 [JavaFX Application Thread] INFO  Engine               - Source code and latest versions at: https://github.com/AlmasB/FXGL
10:59:57.495 [JavaFX Application Thread] INFO  Engine               -       Ask questions and discuss at: https://github.com/AlmasB/FXGL/discussions
10:59:57.495 [JavaFX Application Thread] INFO  Engine               -              Join the FXGL chat at: https://gitter.im/AlmasB/FXGL
10:59:57.558 [JavaFX Application Thread] DEBUG PrimaryStageWindow   - Creating a JavaFX scene
10:59:57.590 [JavaFX Application Thread] DEBUG PrimaryStageWindow   - Target settings size: 800.0 x 600.0
10:59:57.590 [JavaFX Application Thread] DEBUG PrimaryStageWindow   - Scaled scene size:    800.0 x 600.0
10:59:57.591 [JavaFX Application Thread] DEBUG PrimaryStageWindow   - Scaled ratio: (1.0, 1.0)
10:59:57.591 [JavaFX Application Thread] DEBUG PrimaryStageWindow   - Set initial scene to FXGLStartupScene
10:59:57.596 [JavaFX Application Thread] DEBUG PrimaryStageWindow   - Opening main window
10:59:57.654 [JavaFX Application Thread] DEBUG PrimaryStageWindow   - Window border size: (14.4000244140625, 37.5999755859375)
10:59:57.654 [JavaFX Application Thread] DEBUG PrimaryStageWindow   - Scaled size: 800.0 x 600.0
10:59:57.655 [JavaFX Application Thread] DEBUG PrimaryStageWindow   - Scaled ratio: (1.0, 1.0)
10:59:57.655 [JavaFX Application Thread] DEBUG PrimaryStageWindow   - Scene size: 800.0 x 600.0
10:59:57.655 [JavaFX Application Thread] DEBUG PrimaryStageWindow   - Stage size: 814.4000244140625 x 637.5999755859375
10:59:57.661 [FXGL Background Thread 1 ] DEBUG Engine               - Initializing environment variables
10:59:57.697 [FXGL Background Thread 1 ] DEBUG FXGLAssetLoaderServi - User app class for loading assets: class ru.nsu.fit.dib.projectdib.App
10:59:57.697 [FXGL Background Thread 1 ] DEBUG GameApplicationServi - Applying CSS: fxgl_dark.css
10:59:57.698 [FXGL Background Thread 1 ] DEBUG FXGLAssetLoaderServi - Loading from file system: jar:file:///C:/Users/coffe/.m2/repository/com/github/almasb/fxgl/17/fxgl-17.jar!/fxglassets/ui/css/fxgl_dark.css
10:59:57.732 [FXGL Background Thread 1 ] DEBUG GameApplicationServi - Initializing application scenes
10:59:57.759 [FXGL Background Thread 1 ] DEBUG GameWorld            - Game world initialized
10:59:57.805 [FXGL Background Thread 1 ] DEBUG PhysicsWorld         - Physics world initialized: appHeight=600, physics.ppm=50,0
10:59:57.805 [FXGL Background Thread 1 ] DEBUG PhysicsWorld         - Using strategy: BRUTE_FORCE
10:59:57.809 [FXGL Background Thread 1 ] DEBUG GameScene            - Game scene initialized: 800x600
10:59:57.818 [FXGL Background Thread 1 ] DEBUG FXGL.DefaultMenu     - createMenuBodyGameMenu()
10:59:57.828 [FXGL Background Thread 1 ] DEBUG FXGL.DefaultMenu     - createOptionsMenu()
10:59:57.835 [FXGL Background Thread 1 ] DEBUG FXGLAssetLoaderServi - Loading from file system: jar:file:///C:/Users/coffe/.m2/repository/com/github/almasb/fxgl/17/fxgl-17.jar!/fxglassets/textures/particles/smoke.png
10:59:57.893 [FXGL Background Thread 1 ] DEBUG FXGLAssetLoaderServi - Loading from file system: jar:file:///C:/Users/coffe/.m2/repository/com/github/almasb/fxgl/17/fxgl-17.jar!/fxglassets/textures/particles/trace_horizontal.png
10:59:57.917 [FXGL Background Thread 1 ] DEBUG GameApplicationServi - Application scenes initialized
10:59:57.926 [FXGL Background Thread 1 ] DEBUG SystemBundleService  - Loading FXGL system data
10:59:57.929 [FXGL Background Thread 1 ] DEBUG FileSystemAccess     - Reading from: F:\DeadInByte\system\fxgl.bundle
10:59:57.934 [FXGL Background Thread 1 ] DEBUG SystemBundleService  - Bundle FXGL: {}
10:59:57.934 [FXGL Background Thread 1 ] DEBUG UpdaterService       - Checking for updates
10:59:57.937 [FXGL Background Thread 4 ] DEBUG FXGLApplication      - Loading fonts
10:59:57.937 [FXGL Background Thread 1 ] DEBUG FXGLApplication      - Loading default localization
10:59:57.937 [FXGL Background Thread 4 ] DEBUG FXGLAssetLoaderServi - Loading from file system: jar:file:///C:/Users/coffe/.m2/repository/com/github/almasb/fxgl/17/fxgl-17.jar!/fxglassets/ui/fonts/VarelaRound-Regular.ttf
10:59:57.937 [FXGL Background Thread 1 ] DEBUG FXGLAssetLoaderServi - Loading from file system: jar:file:///C:/Users/coffe/.m2/repository/com/github/almasb/fxgl/17/fxgl-17.jar!/fxglassets/languages/english.lang
10:59:57.948 [FXGL Background Thread 1 ] INFO  FXGLApplication      - FXGL initialization took: 0,287 sec
10:59:57.957 [JavaFX Application Thread] DEBUG Input                - Registered new binding: action0 - W
10:59:57.957 [JavaFX Application Thread] DEBUG Input                - Registered new binding: action1 - S
10:59:57.958 [JavaFX Application Thread] DEBUG Input                - Registered new binding: action2 - A
10:59:57.958 [JavaFX Application Thread] DEBUG Input                - Registered new binding: action3 - D
10:59:57.959 [JavaFX Application Thread] DEBUG FXGLAssetLoaderServi - Loading from file system: jar:file:///C:/Users/coffe/.m2/repository/com/github/almasb/fxgl/17/fxgl-17.jar!/fxglassets/textures/fxgl_icon.png
10:59:57.982 [JavaFX Application Thread] DEBUG FXGLAssetLoaderServi - Loading from file system: jar:file:///C:/Users/coffe/.m2/repository/com/github/almasb/fxgl/17/fxgl-17.jar!/fxglassets/textures/fxgl_default_cursor.png
10:59:57.984 [JavaFX Application Thread] DEBUG Input                - Registered new binding: Screenshot - CTRL+8
10:59:57.985 [JavaFX Application Thread] DEBUG Input                - Registered new binding: System info dump - CTRL+9
10:59:57.985 [JavaFX Application Thread] DEBUG Input                - Registered new binding: Restart - CTRL+R
10:59:57.986 [JavaFX Application Thread] DEBUG Input                - Registered new binding: Toggle Debug Camera - CTRL+7
10:59:57.988 [FXGL Background Thread 4 ] DEBUG FXGLAssetLoaderServi - Loading from file system: jar:file:///C:/Users/coffe/.m2/repository/com/github/almasb/fxgl/17/fxgl-17.jar!/fxglassets/ui/fonts/Abel-Regular.ttf
10:59:57.988 [JavaFX Application Thread] DEBUG LoopRunner           - Starting loop
10:59:57.988 [JavaFX Application Thread] DEBUG LoopRunner           - Initializing JavaFX AnimationTimerLoop
10:59:57.989 [JavaFX Application Thread] DEBUG GameApplicationServi - Starting new game
10:59:57.990 [JavaFX Application Thread] DEBUG Input                - Clearing active input actions
10:59:57.992 [FXGL Background Thread 4 ] DEBUG FXGLAssetLoaderServi - Loading from file system: jar:file:///C:/Users/coffe/.m2/repository/com/github/almasb/fxgl/17/fxgl-17.jar!/fxglassets/ui/fonts/TerminalLandMono-Regular.otf
10:59:57.996 [FXGL Background Thread 4 ] DEBUG FXGLAssetLoaderServi - Loading from file system: jar:file:///C:/Users/coffe/.m2/repository/com/github/almasb/fxgl/17/fxgl-17.jar!/fxglassets/ui/fonts/Courier-Prime.ttf
10:59:58.003 [JavaFX Application Thread] DEBUG GameApplicationServi - Removing overlay from FXGLStartupScene and adding to FXGLLoadingScene
10:59:58.003 [JavaFX Application Thread] DEBUG PrimaryStageWindow   - FXGLStartupScene -> FXGLLoadingScene
10:59:58.003 [JavaFX Application Thread] DEBUG GameApplicationServi - Clearing previous game
10:59:58.003 [JavaFX Application Thread] DEBUG GameScene            - Clearing game scene
10:59:58.004 [JavaFX Application Thread] DEBUG GameWorld            - Clearing game world
10:59:58.004 [JavaFX Application Thread] DEBUG PhysicsWorld         - Clearing physics world
10:59:58.006 [FXGL Background Thread 4 ] DEBUG FXGLApplication      - Initializing game
10:59:58.035 [JavaFX Application Thread] DEBUG FXGLApplication      - Registering font factories with UI factory
10:59:58.041 [FXGL Background Thread 4 ] DEBUG TMXLevelLoader       - Parsed TiledMap: file:/F:/DeadInByte/target/classes/assets/levels/tmx/exlevel.tmx
10:59:58.041 [FXGL Background Thread 4 ] DEBUG TMXLevelLoader       - Creating tile layer entities
10:59:58.043 [FXGL Background Thread 4 ] DEBUG TilesetLoader        - Loading view for layer platform
10:59:58.044 [FXGL Background Thread 4 ] WARN  TMXLevelLoader       - Parse error
java.lang.IllegalArgumentException: Image dimensions must be positive (w,h > 0)
	at javafx.graphics/javafx.scene.image.Image.<init>(Image.java:741)
	at javafx.graphics/javafx.scene.image.WritableImage.<init>(WritableImage.java:77)
	at com.almasb.fxgl.entity@17/com.almasb.fxgl.entity.level.tiled.TilesetLoader.loadView(TilesetLoader.kt:86)
	at com.almasb.fxgl.entity@17/com.almasb.fxgl.entity.level.tiled.TMXLevelLoader.createTileLayerEntities$lambda-4(TMXLevelLoader.kt:99)
	at java.base/java.util.stream.ReferencePipeline$3$1.accept(ReferencePipeline.java:197)
	at java.base/java.util.ArrayList$ArrayListSpliterator.forEachRemaining(ArrayList.java:1625)
	at java.base/java.util.stream.AbstractPipeline.copyInto(AbstractPipeline.java:509)
	at java.base/java.util.stream.AbstractPipeline.wrapAndCopyInto(AbstractPipeline.java:499)
	at java.base/java.util.stream.ReduceOps$ReduceOp.evaluateSequential(ReduceOps.java:921)
	at java.base/java.util.stream.AbstractPipeline.evaluate(AbstractPipeline.java:234)
	at java.base/java.util.stream.ReferencePipeline.collect(ReferencePipeline.java:682)
	at com.almasb.fxgl.entity@17/com.almasb.fxgl.entity.level.tiled.TMXLevelLoader.createTileLayerEntities(TMXLevelLoader.kt:112)
	at com.almasb.fxgl.entity@17/com.almasb.fxgl.entity.level.tiled.TMXLevelLoader.load(TMXLevelLoader.kt:57)
	at com.almasb.fxgl.all@17/com.almasb.fxgl.app.services.FXGLAssetLoaderService.loadLevel(FXGLAssetLoaderService.kt:446)
	at com.almasb.fxgl.all@17/com.almasb.fxgl.dsl.FXGL$Companion.setLevelFromMap(FXGL.kt:530)
	at com.almasb.fxgl.all@17/com.almasb.fxgl.dsl.FXGL.setLevelFromMap(FXGL.kt)
	at projectdib.main/ru.nsu.fit.dib.projectdib.App.initGame(App.java:43)
	at com.almasb.fxgl.all@17/com.almasb.fxgl.app.FXGLApplication$InitAppTask.initGame(FXGLApplication.kt:339)
	at com.almasb.fxgl.all@17/com.almasb.fxgl.app.FXGLApplication$InitAppTask.call(FXGLApplication.kt:319)
	at com.almasb.fxgl.all@17/com.almasb.fxgl.app.FXGLApplication$InitAppTask.call(FXGLApplication.kt:311)
	at javafx.graphics/javafx.concurrent.Task$TaskCallable.call(Task.java:1426)
	at java.base/java.util.concurrent.FutureTask.run(FutureTask.java:264)
	at java.base/java.util.concurrent.Executors$RunnableAdapter.call(Executors.java:539)
	at java.base/java.util.concurrent.FutureTask.run(FutureTask.java:264)
	at java.base/java.util.concurrent.ThreadPoolExecutor.runWorker(ThreadPoolExecutor.java:1136)
	at java.base/java.util.concurrent.ThreadPoolExecutor$Worker.run(ThreadPoolExecutor.java:635)
	at java.base/java.lang.Thread.run(Thread.java:833)

10:59:58.078 [JavaFX Application Thread] DEBUG LoopRunner           - Stopping loop
10:59:58.079 [JavaFX Application Thread] FATAL FXGLApplication      - Uncaught Exception:
java.lang.RuntimeException: Initialization failed
	at com.almasb.fxgl.all@17/com.almasb.fxgl.app.FXGLApplication$InitAppTask.failed(FXGLApplication.kt:343)
	at javafx.graphics/javafx.concurrent.Task.setState(Task.java:710)
	at javafx.graphics/javafx.concurrent.Task$TaskCallable.lambda$call$2(Task.java:1456)
	at javafx.graphics/com.sun.javafx.application.PlatformImpl.lambda$runLater$10(PlatformImpl.java:457)
	at java.base/java.security.AccessController.doPrivileged(AccessController.java:399)
	at javafx.graphics/com.sun.javafx.application.PlatformImpl.lambda$runLater$11(PlatformImpl.java:456)
	at javafx.graphics/com.sun.glass.ui.InvokeLaterDispatcher$Future.run(InvokeLaterDispatcher.java:96)
	at javafx.graphics/com.sun.glass.ui.win.WinApplication._runLoop(Native Method)
	at javafx.graphics/com.sun.glass.ui.win.WinApplication.lambda$runLoop$3(WinApplication.java:184)
	at java.base/java.lang.Thread.run(Thread.java:833)
Caused by: com.almasb.fxgl.entity.level.LevelLoadingException: Image dimensions must be positive (w,h > 0)
	at com.almasb.fxgl.entity@17/com.almasb.fxgl.entity.level.tiled.TMXLevelLoader.load(TMXLevelLoader.kt:77)
	at com.almasb.fxgl.all@17/com.almasb.fxgl.app.services.FXGLAssetLoaderService.loadLevel(FXGLAssetLoaderService.kt:446)
	at com.almasb.fxgl.all@17/com.almasb.fxgl.dsl.FXGL$Companion.setLevelFromMap(FXGL.kt:530)
	at com.almasb.fxgl.all@17/com.almasb.fxgl.dsl.FXGL.setLevelFromMap(FXGL.kt)
	at projectdib.main/ru.nsu.fit.dib.projectdib.App.initGame(App.java:43)
	at com.almasb.fxgl.all@17/com.almasb.fxgl.app.FXGLApplication$InitAppTask.initGame(FXGLApplication.kt:339)
	at com.almasb.fxgl.all@17/com.almasb.fxgl.app.FXGLApplication$InitAppTask.call(FXGLApplication.kt:319)
	at com.almasb.fxgl.all@17/com.almasb.fxgl.app.FXGLApplication$InitAppTask.call(FXGLApplication.kt:311)
	at javafx.graphics/javafx.concurrent.Task$TaskCallable.call(Task.java:1426)
	at java.base/java.util.concurrent.FutureTask.run(FutureTask.java:264)
	at java.base/java.util.concurrent.Executors$RunnableAdapter.call(Executors.java:539)
	at java.base/java.util.concurrent.FutureTask.run(FutureTask.java:264)
	at java.base/java.util.concurrent.ThreadPoolExecutor.runWorker(ThreadPoolExecutor.java:1136)
	at java.base/java.util.concurrent.ThreadPoolExecutor$Worker.run(ThreadPoolExecutor.java:635)
	... 1 more
Caused by: java.lang.IllegalArgumentException: Image dimensions must be positive (w,h > 0)
	at javafx.graphics/javafx.scene.image.Image.<init>(Image.java:741)
	at javafx.graphics/javafx.scene.image.WritableImage.<init>(WritableImage.java:77)
	at com.almasb.fxgl.entity@17/com.almasb.fxgl.entity.level.tiled.TilesetLoader.loadView(TilesetLoader.kt:86)
	at com.almasb.fxgl.entity@17/com.almasb.fxgl.entity.level.tiled.TMXLevelLoader.createTileLayerEntities$lambda-4(TMXLevelLoader.kt:99)
	at java.base/java.util.stream.ReferencePipeline$3$1.accept(ReferencePipeline.java:197)
	at java.base/java.util.ArrayList$ArrayListSpliterator.forEachRemaining(ArrayList.java:1625)
	at java.base/java.util.stream.AbstractPipeline.copyInto(AbstractPipeline.java:509)
	at java.base/java.util.stream.AbstractPipeline.wrapAndCopyInto(AbstractPipeline.java:499)
	at java.base/java.util.stream.ReduceOps$ReduceOp.evaluateSequential(ReduceOps.java:921)
	at java.base/java.util.stream.AbstractPipeline.evaluate(AbstractPipeline.java:234)
	at java.base/java.util.stream.ReferencePipeline.collect(ReferencePipeline.java:682)
	at com.almasb.fxgl.entity@17/com.almasb.fxgl.entity.level.tiled.TMXLevelLoader.createTileLayerEntities(TMXLevelLoader.kt:112)
	at com.almasb.fxgl.entity@17/com.almasb.fxgl.entity.level.tiled.TMXLevelLoader.load(TMXLevelLoader.kt:57)
	... 14 more

10:59:58.079 [JavaFX Application Thread] FATAL FXGLApplication      - Application will now exit
10:59:58.094 [JavaFX Application Thread] DEBUG PrimaryStageWindow   - Push state: ErrorSubScene
10:59:58.094 [JavaFX Application Thread] DEBUG Input                - Clearing active input actions
10:59:58.097 [JavaFX Application Thread] DEBUG GameApplicationServi - Removing overlay from FXGLLoadingScene and adding to ErrorSubScene
10:59:58.097 [JavaFX Application Thread] DEBUG PrimaryStageWindow   - FXGLLoadingScene -> ErrorSubScene
10:59:58.474 [FXGL Background Thread 2 ] INFO  UpdaterService       - Your current version:  17
10:59:58.474 [FXGL Background Thread 2 ] INFO  UpdaterService       - Latest stable version: 17.2
11:00:00.937 [FXGL Background Thread 3 ] DEBUG Engine               - Logging environment variables
11:00:00.937 [FXGL Background Thread 3 ] DEBUG Engine               - achievements: []
11:00:00.937 [FXGL Background Thread 3 ] DEBUG Engine               - actualHeight: 600.0
11:00:00.938 [FXGL Background Thread 3 ] DEBUG Engine               - actualHeightProperty: ReadOnlyDoubleProperty [value: 600.0]
11:00:00.938 [FXGL Background Thread 3 ] DEBUG Engine               - actualWidth: 800.0
11:00:00.938 [FXGL Background Thread 3 ] DEBUG Engine               - actualWidthProperty: ReadOnlyDoubleProperty [value: 800.0]
11:00:00.938 [FXGL Background Thread 3 ] DEBUG Engine               - appIcon: fxgl_icon.png
11:00:00.938 [FXGL Background Thread 3 ] DEBUG Engine               - applicationMode: DEVELOPER
11:00:00.938 [FXGL Background Thread 3 ] DEBUG Engine               - cSSList: [fxgl_dark.css]
11:00:00.938 [FXGL Background Thread 3 ] DEBUG Engine               - collisionDetectionStrategy: BRUTE_FORCE
11:00:00.938 [FXGL Background Thread 3 ] DEBUG Engine               - configClass: Optional.empty
11:00:00.939 [FXGL Background Thread 3 ] DEBUG Engine               - credits: []
11:00:00.939 [FXGL Background Thread 3 ] DEBUG Engine               - defaultCursor: CursorInfo(imageName=fxgl_default_cursor.png, hotspotX=7.0, hotspotY=6.0)
11:00:00.939 [FXGL Background Thread 3 ] DEBUG Engine               - devBBoxColorProperty: ObjectProperty [value: 0xff0000ff]
11:00:00.939 [FXGL Background Thread 3 ] DEBUG Engine               - devEnableDebugCameraProperty: BooleanProperty [value: false]
11:00:00.939 [FXGL Background Thread 3 ] DEBUG Engine               - devSensorColorProperty: ObjectProperty [value: 0xffff00ff]
11:00:00.939 [FXGL Background Thread 3 ] DEBUG Engine               - devShowBBoxProperty: BooleanProperty [value: false]
11:00:00.939 [FXGL Background Thread 3 ] DEBUG Engine               - devShowPositionProperty: BooleanProperty [value: false]
11:00:00.940 [FXGL Background Thread 3 ] DEBUG Engine               - enabledMenuItems: []
11:00:00.940 [FXGL Background Thread 3 ] DEBUG Engine               - engineServices: [class com.almasb.fxgl.app.services.FXGLAssetLoaderService, class com.almasb.fxgl.app.FXGLApplication$GameApplicationService, class com.almasb.fxgl.app.services.FXGLDialogService, class com.almasb.fxgl.app.services.IOTaskExecutorService, class com.almasb.fxgl.io.FileSystemService, class com.almasb.fxgl.localization.LocalizationService, class com.almasb.fxgl.app.services.SystemBundleService, class com.almasb.fxgl.profile.SaveLoadService, class com.almasb.fxgl.ui.FXGLUIFactoryServiceProvider, class com.almasb.fxgl.ui.FXGLDialogFactoryServiceProvider, class com.almasb.fxgl.audio.AudioPlayer, class com.almasb.fxgl.notification.impl.NotificationServiceProvider, class com.almasb.fxgl.achievement.AchievementService, class com.almasb.fxgl.cutscene.CutsceneService, class com.almasb.fxgl.minigames.MiniGameService, class com.almasb.fxgl.net.NetService, class com.almasb.fxgl.app.services.UpdaterService, class com.almasb.fxgl.dev.DevService]
11:00:00.940 [FXGL Background Thread 3 ] DEBUG Engine               - fontGame: Abel-Regular.ttf
11:00:00.940 [FXGL Background Thread 3 ] DEBUG Engine               - fontMono: TerminalLandMono-Regular.otf
11:00:00.940 [FXGL Background Thread 3 ] DEBUG Engine               - fontText: Courier-Prime.ttf
11:00:00.940 [FXGL Background Thread 3 ] DEBUG Engine               - fontUI: VarelaRound-Regular.ttf
11:00:00.940 [FXGL Background Thread 3 ] DEBUG Engine               - fullScreen: BooleanProperty [value: false]
11:00:00.940 [FXGL Background Thread 3 ] DEBUG Engine               - gameDifficulty: MEDIUM
11:00:00.940 [FXGL Background Thread 3 ] DEBUG Engine               - gameDifficultyProperty: ObjectProperty [value: MEDIUM]
11:00:00.940 [FXGL Background Thread 3 ] DEBUG Engine               - globalMusicVolume: 0.5
11:00:00.940 [FXGL Background Thread 3 ] DEBUG Engine               - globalMusicVolumeProperty: DoubleProperty [value: 0.5]
11:00:00.940 [FXGL Background Thread 3 ] DEBUG Engine               - globalSoundVolume: 0.5
11:00:00.940 [FXGL Background Thread 3 ] DEBUG Engine               - globalSoundVolumeProperty: DoubleProperty [value: 0.5]
11:00:00.940 [FXGL Background Thread 3 ] DEBUG Engine               - height: 600
11:00:00.940 [FXGL Background Thread 3 ] DEBUG Engine               - is3D: false
11:00:00.940 [FXGL Background Thread 3 ] DEBUG Engine               - isAndroid: false
11:00:00.940 [FXGL Background Thread 3 ] DEBUG Engine               - isBrowser: false
11:00:00.940 [FXGL Background Thread 3 ] DEBUG Engine               - isClickFeedbackEnabled: false
11:00:00.940 [FXGL Background Thread 3 ] DEBUG Engine               - isCloseConfirmation: false
11:00:00.940 [FXGL Background Thread 3 ] DEBUG Engine               - isDesktop: true
11:00:00.940 [FXGL Background Thread 3 ] DEBUG Engine               - isDeveloperMenuEnabled: false
11:00:00.940 [FXGL Background Thread 3 ] DEBUG Engine               - isEmbedded: false
11:00:00.940 [FXGL Background Thread 3 ] DEBUG Engine               - isEntityPreloadEnabled: true
11:00:00.941 [FXGL Background Thread 3 ] DEBUG Engine               - isExperimentalTiledLargeMap: false
11:00:00.941 [FXGL Background Thread 3 ] DEBUG Engine               - isFileSystemWriteAllowed: true
11:00:00.941 [FXGL Background Thread 3 ] DEBUG Engine               - isFullScreenAllowed: false
11:00:00.941 [FXGL Background Thread 3 ] DEBUG Engine               - isFullScreenFromStart: false
11:00:00.941 [FXGL Background Thread 3 ] DEBUG Engine               - isGameMenuEnabled: true
11:00:00.941 [FXGL Background Thread 3 ] DEBUG Engine               - isIOS: false
11:00:00.941 [FXGL Background Thread 3 ] DEBUG Engine               - isIntroEnabled: false
11:00:00.941 [FXGL Background Thread 3 ] DEBUG Engine               - isLinux: false
11:00:00.946 [FXGL Background Thread 3 ] DEBUG Engine               - isMac: false
11:00:00.946 [FXGL Background Thread 3 ] DEBUG Engine               - isMainMenuEnabled: false
11:00:00.946 [FXGL Background Thread 3 ] DEBUG Engine               - isManualResizeEnabled: false
11:00:00.946 [FXGL Background Thread 3 ] DEBUG Engine               - isMobile: false
11:00:00.946 [FXGL Background Thread 3 ] DEBUG Engine               - isNative: false
11:00:00.946 [FXGL Background Thread 3 ] DEBUG Engine               - isPauseMusicWhenMinimized: true
11:00:00.946 [FXGL Background Thread 3 ] DEBUG Engine               - isPreserveResizeRatio: false
11:00:00.946 [FXGL Background Thread 3 ] DEBUG Engine               - isProfilingEnabled: false
11:00:00.946 [FXGL Background Thread 3 ] DEBUG Engine               - isScaleAffectedOnResize: true
11:00:00.946 [FXGL Background Thread 3 ] DEBUG Engine               - isSingleStep: false
11:00:00.946 [FXGL Background Thread 3 ] DEBUG Engine               - isUserProfileEnabled: false
11:00:00.946 [FXGL Background Thread 3 ] DEBUG Engine               - isWindows: true
11:00:00.946 [FXGL Background Thread 3 ] DEBUG Engine               - language: ObjectProperty [value: ENGLISH]
11:00:00.946 [FXGL Background Thread 3 ] DEBUG Engine               - menuKey: ESCAPE
11:00:00.946 [FXGL Background Thread 3 ] DEBUG Engine               - mouseSensitivity: 0.2
11:00:00.946 [FXGL Background Thread 3 ] DEBUG Engine               - notificationViewClass: class com.almasb.fxgl.notification.view.XboxNotificationView
11:00:00.946 [FXGL Background Thread 3 ] DEBUG Engine               - pixelsPerMeter: 50.0
11:00:00.946 [FXGL Background Thread 3 ] DEBUG Engine               - platform: WINDOWS
11:00:00.946 [FXGL Background Thread 3 ] DEBUG Engine               - prefHeightProperty: ReadOnlyDoubleProperty [value: 600.0]
11:00:00.946 [FXGL Background Thread 3 ] DEBUG Engine               - prefWidthProperty: ReadOnlyDoubleProperty [value: 800.0]
11:00:00.946 [FXGL Background Thread 3 ] DEBUG Engine               - profileDir: profiles/
11:00:00.947 [FXGL Background Thread 3 ] DEBUG Engine               - profileName: StringProperty [value: DEFAULT]
11:00:00.947 [FXGL Background Thread 3 ] DEBUG Engine               - randomSeed: -1
11:00:00.947 [FXGL Background Thread 3 ] DEBUG Engine               - runtimeInfo: RuntimeInfo(platform=WINDOWS, version=17, build=31.12.2021 18.16)
11:00:00.947 [FXGL Background Thread 3 ] DEBUG Engine               - saveFileExt: sav
11:00:00.947 [FXGL Background Thread 3 ] DEBUG Engine               - scaledHeightProp$fxgl: DoubleProperty [bound, value: 600.0]
11:00:00.947 [FXGL Background Thread 3 ] DEBUG Engine               - scaledWidthProp$fxgl: DoubleProperty [bound, value: 800.0]
11:00:00.947 [FXGL Background Thread 3 ] DEBUG Engine               - sceneFactory: com.almasb.fxgl.app.scene.SceneFactory@337dede1
11:00:00.947 [FXGL Background Thread 3 ] DEBUG Engine               - secondsIn24h: 60
11:00:00.947 [FXGL Background Thread 3 ] DEBUG Engine               - soundMenuBack: menu/back.wav
11:00:00.947 [FXGL Background Thread 3 ] DEBUG Engine               - soundMenuPress: menu/press.wav
11:00:00.947 [FXGL Background Thread 3 ] DEBUG Engine               - soundMenuSelect: menu/select.wav
11:00:00.947 [FXGL Background Thread 3 ] DEBUG Engine               - soundNotification: core/notification.wav
11:00:00.947 [FXGL Background Thread 3 ] DEBUG Engine               - stageStyle: DECORATED
11:00:00.947 [FXGL Background Thread 3 ] DEBUG Engine               - supportedLanguages: [ENGLISH, FRENCH, GERMAN, HUNGARIAN, RUSSIAN]
11:00:00.947 [FXGL Background Thread 3 ] DEBUG Engine               - ticksPerSecond: -1
11:00:00.947 [FXGL Background Thread 3 ] DEBUG Engine               - title: DiB
11:00:00.947 [FXGL Background Thread 3 ] DEBUG Engine               - urlGithub: https://github.com/AlmasB/FXGL
11:00:00.947 [FXGL Background Thread 3 ] DEBUG Engine               - urlLeaderboard: http://fxgl-top.herokuapp.com/
11:00:00.947 [FXGL Background Thread 3 ] DEBUG Engine               - urlPOM: https://raw.githubusercontent.com/AlmasB/FXGL/release/README.md
11:00:00.947 [FXGL Background Thread 3 ] DEBUG Engine               - userAppClass: class ru.nsu.fit.dib.projectdib.App
11:00:00.947 [FXGL Background Thread 3 ] DEBUG Engine               - version: 0.0
11:00:00.947 [FXGL Background Thread 3 ] DEBUG Engine               - versionCheckDays: 7
11:00:00.947 [FXGL Background Thread 3 ] DEBUG Engine               - width: 800
11:00:00.947 [FXGL Background Thread 3 ] DEBUG Engine               - Logging services
11:00:00.947 [FXGL Background Thread 3 ] DEBUG Engine               - class com.almasb.fxgl.app.services.FXGLAssetLoaderService
11:00:00.947 [FXGL Background Thread 3 ] DEBUG Engine               - class com.almasb.fxgl.app.FXGLApplication$GameApplicationService
11:00:00.948 [FXGL Background Thread 3 ] DEBUG Engine               - class com.almasb.fxgl.app.services.FXGLDialogService
11:00:00.948 [FXGL Background Thread 3 ] DEBUG Engine               - class com.almasb.fxgl.app.services.IOTaskExecutorService
11:00:00.948 [FXGL Background Thread 3 ] DEBUG Engine               - class com.almasb.fxgl.io.FileSystemService
11:00:00.948 [FXGL Background Thread 3 ] DEBUG Engine               - class com.almasb.fxgl.localization.LocalizationService
11:00:00.948 [FXGL Background Thread 3 ] DEBUG Engine               - class com.almasb.fxgl.app.services.SystemBundleService
11:00:00.948 [FXGL Background Thread 3 ] DEBUG Engine               - class com.almasb.fxgl.profile.SaveLoadService
11:00:00.948 [FXGL Background Thread 3 ] DEBUG Engine               - class com.almasb.fxgl.ui.FXGLUIFactoryServiceProvider
11:00:00.948 [FXGL Background Thread 3 ] DEBUG Engine               - class com.almasb.fxgl.ui.FXGLDialogFactoryServiceProvider
11:00:00.948 [FXGL Background Thread 3 ] DEBUG Engine               - class com.almasb.fxgl.audio.AudioPlayer
11:00:00.948 [FXGL Background Thread 3 ] DEBUG Engine               - class com.almasb.fxgl.notification.impl.NotificationServiceProvider
11:00:00.948 [FXGL Background Thread 3 ] DEBUG Engine               - class com.almasb.fxgl.achievement.AchievementService
11:00:00.948 [FXGL Background Thread 3 ] DEBUG Engine               - class com.almasb.fxgl.cutscene.CutsceneService
11:00:00.948 [FXGL Background Thread 3 ] DEBUG Engine               - class com.almasb.fxgl.minigames.MiniGameService
11:00:00.948 [FXGL Background Thread 3 ] DEBUG Engine               - class com.almasb.fxgl.net.NetService
11:00:00.948 [FXGL Background Thread 3 ] DEBUG Engine               - class com.almasb.fxgl.app.services.UpdaterService
11:00:00.948 [FXGL Background Thread 3 ] DEBUG Engine               - class com.almasb.fxgl.dev.DevService
11:00:07.988 [JavaFX Application Thread] DEBUG FXGLApplication      - Exiting FXGL
11:00:07.988 [JavaFX Application Thread] DEBUG Async                - Shutting down background threads
11:00:07.988 [JavaFX Application Thread] DEBUG PrimaryStageWindow   - Closing main window
11:00:07.996 [JavaFX Application Thread] DEBUG Logger               - Closing Logger
